{
  "stats": {
    "suites": 1,
    "tests": 9,
    "passes": 9,
    "pending": 0,
    "failures": 0,
    "start": "2025-05-26T19:16:24.869Z",
    "end": "2025-05-26T19:17:22.876Z",
    "duration": 58007,
    "testsRegistered": 9,
    "passPercent": 100,
    "pendingPercent": 0,
    "other": 0,
    "hasOther": false,
    "skipped": 0,
    "hasSkipped": false
  },
  "results": [
    {
      "uuid": "0227fb7a-c207-4d8d-859c-c97ab9766cba",
      "title": "",
      "fullFile": "cypress\\e2e\\dashboard.cy.ts",
      "file": "cypress\\e2e\\dashboard.cy.ts",
      "beforeHooks": [],
      "afterHooks": [],
      "tests": [],
      "suites": [
        {
          "uuid": "e2db7d46-3fb7-4600-ad15-1d4d8726140a",
          "title": "Dashboard Page Content Check",
          "fullFile": "",
          "file": "",
          "beforeHooks": [],
          "afterHooks": [],
          "tests": [
            {
              "title": "should verify the presence of the \"Time at Work\" widget",
              "fullTitle": "Dashboard Page Content Check should verify the presence of the \"Time at Work\" widget",
              "timedOut": null,
              "duration": 9313,
              "state": "passed",
              "speed": "medium",
              "pass": true,
              "fail": false,
              "pending": false,
              "context": null,
              "code": "cy.contains('p.oxd-text.oxd-text--p[data-v-7b563373]', 'Time at Work').should('be.visible');",
              "err": {},
              "uuid": "1ace9482-2b8a-4859-bf6e-ce34d112f024",
              "parentUUID": "e2db7d46-3fb7-4600-ad15-1d4d8726140a",
              "isHook": false,
              "skipped": false
            },
            {
              "title": "should verify the presence of the \"My Actions\" widget",
              "fullTitle": "Dashboard Page Content Check should verify the presence of the \"My Actions\" widget",
              "timedOut": null,
              "duration": 6435,
              "state": "passed",
              "speed": "medium",
              "pass": true,
              "fail": false,
              "pending": false,
              "context": null,
              "code": "cy.contains('p.oxd-text.oxd-text--p[data-v-7b563373]', 'My Actions').should('be.visible');",
              "err": {},
              "uuid": "81deb805-0805-4189-bbce-c079ccee8d11",
              "parentUUID": "e2db7d46-3fb7-4600-ad15-1d4d8726140a",
              "isHook": false,
              "skipped": false
            },
            {
              "title": "should verify the presence of the \"Quick Launch\" widget",
              "fullTitle": "Dashboard Page Content Check should verify the presence of the \"Quick Launch\" widget",
              "timedOut": null,
              "duration": 4512,
              "state": "passed",
              "speed": "fast",
              "pass": true,
              "fail": false,
              "pending": false,
              "context": null,
              "code": "cy.contains('p.oxd-text.oxd-text--p[data-v-7b563373]', 'Quick Launch').should('be.visible');",
              "err": {},
              "uuid": "8a31243f-68a2-42a5-8ab1-c46b2649bbdc",
              "parentUUID": "e2db7d46-3fb7-4600-ad15-1d4d8726140a",
              "isHook": false,
              "skipped": false
            },
            {
              "title": "should verify the presence of the \"Buzz Latest Posts\" widget",
              "fullTitle": "Dashboard Page Content Check should verify the presence of the \"Buzz Latest Posts\" widget",
              "timedOut": null,
              "duration": 4531,
              "state": "passed",
              "speed": "fast",
              "pass": true,
              "fail": false,
              "pending": false,
              "context": null,
              "code": "cy.contains('p.oxd-text.oxd-text--p[data-v-7b563373]', 'Buzz Latest Posts').should('be.visible');",
              "err": {},
              "uuid": "6811f974-7771-4081-bee5-c96e9052f46c",
              "parentUUID": "e2db7d46-3fb7-4600-ad15-1d4d8726140a",
              "isHook": false,
              "skipped": false
            },
            {
              "title": "should verify the presence of the \"Employees on Leave Today\" widget",
              "fullTitle": "Dashboard Page Content Check should verify the presence of the \"Employees on Leave Today\" widget",
              "timedOut": null,
              "duration": 4680,
              "state": "passed",
              "speed": "fast",
              "pass": true,
              "fail": false,
              "pending": false,
              "context": null,
              "code": "cy.contains('p.oxd-text.oxd-text--p[data-v-7b563373]', 'Employees on Leave Today').should('be.visible');",
              "err": {},
              "uuid": "3a9d1bd1-5fdf-464f-87d1-30be83b2c8e2",
              "parentUUID": "e2db7d46-3fb7-4600-ad15-1d4d8726140a",
              "isHook": false,
              "skipped": false
            },
            {
              "title": "should verify the presence of the \"Employee Distribution by Sub Unit\" widget",
              "fullTitle": "Dashboard Page Content Check should verify the presence of the \"Employee Distribution by Sub Unit\" widget",
              "timedOut": null,
              "duration": 5123,
              "state": "passed",
              "speed": "medium",
              "pass": true,
              "fail": false,
              "pending": false,
              "context": null,
              "code": "cy.contains('p.oxd-text.oxd-text--p[data-v-7b563373]', 'Employee Distribution by Sub Unit').should('be.visible');",
              "err": {},
              "uuid": "76c1b481-ebe6-4a53-a03d-dc60536896aa",
              "parentUUID": "e2db7d46-3fb7-4600-ad15-1d4d8726140a",
              "isHook": false,
              "skipped": false
            },
            {
              "title": "should verify the presence of the sidebar",
              "fullTitle": "Dashboard Page Content Check should verify the presence of the sidebar",
              "timedOut": null,
              "duration": 7528,
              "state": "passed",
              "speed": "medium",
              "pass": true,
              "fail": false,
              "pending": false,
              "context": null,
              "code": "cy.get('aside[data-v-5b6b3cf3]').should('be.visible');",
              "err": {},
              "uuid": "d2aeb341-e5dc-4e78-b094-8c57f59678a2",
              "parentUUID": "e2db7d46-3fb7-4600-ad15-1d4d8726140a",
              "isHook": false,
              "skipped": false
            },
            {
              "title": "should verify the presence of the Search bar on the sidepanel",
              "fullTitle": "Dashboard Page Content Check should verify the presence of the Search bar on the sidepanel",
              "timedOut": null,
              "duration": 5916,
              "state": "passed",
              "speed": "medium",
              "pass": true,
              "fail": false,
              "pending": false,
              "context": null,
              "code": "cy.get('input[data-v-1f99f73c]').should('be.visible');",
              "err": {},
              "uuid": "645fd7e4-5129-40b0-b00f-c30c08958bfe",
              "parentUUID": "e2db7d46-3fb7-4600-ad15-1d4d8726140a",
              "isHook": false,
              "skipped": false
            },
            {
              "title": "should verify the presence of the Admin tab on the sidepanel",
              "fullTitle": "Dashboard Page Content Check should verify the presence of the Admin tab on the sidepanel",
              "timedOut": null,
              "duration": 6839,
              "state": "passed",
              "speed": "medium",
              "pass": true,
              "fail": false,
              "pending": false,
              "context": null,
              "code": "cy.get('span[data-v-7b563373]').should('be.visible');",
              "err": {},
              "uuid": "81b053fa-3b2a-4162-af30-3c813e6adde0",
              "parentUUID": "e2db7d46-3fb7-4600-ad15-1d4d8726140a",
              "isHook": false,
              "skipped": false
            }
          ],
          "suites": [],
          "passes": [
            "1ace9482-2b8a-4859-bf6e-ce34d112f024",
            "81deb805-0805-4189-bbce-c079ccee8d11",
            "8a31243f-68a2-42a5-8ab1-c46b2649bbdc",
            "6811f974-7771-4081-bee5-c96e9052f46c",
            "3a9d1bd1-5fdf-464f-87d1-30be83b2c8e2",
            "76c1b481-ebe6-4a53-a03d-dc60536896aa",
            "d2aeb341-e5dc-4e78-b094-8c57f59678a2",
            "645fd7e4-5129-40b0-b00f-c30c08958bfe",
            "81b053fa-3b2a-4162-af30-3c813e6adde0"
          ],
          "failures": [],
          "pending": [],
          "skipped": [],
          "duration": 54877,
          "root": false,
          "rootEmpty": false,
          "_timeout": 2000
        }
      ],
      "passes": [],
      "failures": [],
      "pending": [],
      "skipped": [],
      "duration": 0,
      "root": true,
      "rootEmpty": true,
      "_timeout": 2000
    }
  ],
  "meta": {
    "mocha": {
      "version": "7.2.0"
    },
    "mochawesome": {
      "options": {
        "quiet": false,
        "reportFilename": "mochawesome",
        "saveHtml": false,
        "saveJson": true,
        "consoleReporter": "spec",
        "useInlineDiffs": false,
        "code": true
      },
      "version": "7.1.3"
    },
    "marge": {
      "options": {
        "reportDir": "cypress/results/mochawesome",
        "overwrite": false,
        "html": false,
        "json": true,
        "timestamp": "mmddyyyy_HHMMss"
      },
      "version": "6.2.0"
    }
  }
}