{
  "stats": {
    "suites": 1,
    "tests": 4,
    "passes": 1,
    "pending": 0,
    "failures": 3,
    "start": "2025-06-04T22:55:49.477Z",
    "end": "2025-06-04T22:56:43.519Z",
    "duration": 54042,
    "testsRegistered": 4,
    "passPercent": 25,
    "pendingPercent": 0,
    "other": 0,
    "hasOther": false,
    "skipped": 0,
    "hasSkipped": false
  },
  "results": [
    {
      "uuid": "eec72c98-4cfe-46fc-9aef-5f3da926d20e",
      "title": "",
      "fullFile": "cypress\\e2e\\UserCRUD.cy.ts",
      "file": "cypress\\e2e\\UserCRUD.cy.ts",
      "beforeHooks": [],
      "afterHooks": [],
      "tests": [],
      "suites": [
        {
          "uuid": "d3ff7114-8a41-490c-9890-87b53aabe2a3",
          "title": "Add New User",
          "fullFile": "",
          "file": "",
          "beforeHooks": [],
          "afterHooks": [],
          "tests": [
            {
              "title": "should add new user",
              "fullTitle": "Add New User should add new user",
              "timedOut": null,
              "duration": 20212,
              "state": "failed",
              "speed": null,
              "pass": false,
              "fail": true,
              "pending": false,
              "context": null,
              "code": "addUserPage.fillBasicUserFormAndReturnUsername();\naddUserPage.getUserNameInput().click().type(randomUsername);\naddUserPage.getPasswordInput().click().type('TestUserPassword#1');\naddUserPage.getConfirmPasswordInput().click().type('TestUserPassword#1');\naddUserPage.getSaveButton().click();",
              "err": {
                "message": "AssertionError: Timed out retrying after 4000ms: Expected to find element: `.oxd-autocomplete-dropdown`, but never found it.",
                "estack": "AssertionError: Timed out retrying after 4000ms: Expected to find element: `.oxd-autocomplete-dropdown`, but never found it.\n    at __webpack_modules__../cypress/support/pageObjects/AddUserPage.ts.AddUserPage.fillBasicUserFormAndReturnUsername (webpack://new-cypress-framework/./cypress/support/pageObjects/AddUserPage.ts:65:7)\n    at Context.eval (webpack://new-cypress-framework/./cypress/e2e/UserCRUD.cy.ts:59:16)",
                "diff": null
              },
              "uuid": "dc34cd7d-f9a2-496e-976d-bef897b928d5",
              "parentUUID": "d3ff7114-8a41-490c-9890-87b53aabe2a3",
              "isHook": false,
              "skipped": false
            },
            {
              "title": "should validate Username and Password for wrong number of characters",
              "fullTitle": "Add New User should validate Username and Password for wrong number of characters",
              "timedOut": null,
              "duration": 12443,
              "state": "failed",
              "speed": null,
              "pass": false,
              "fail": true,
              "pending": false,
              "context": null,
              "code": "addUserPage.fillBasicUserFormAndReturnUsername();\naddUserPage.getUserNameInput().click().type('Name');\ncy.wait(5000);\ncy.contains('.oxd-text', 'Should be at least 5 characters').should('be.visible');\naddUserPage.getPasswordInput().click().type('Pass');\ncy.wait(5000);\ncy.contains('.oxd-text', 'Should have at least 7 characters').should('be.visible');",
              "err": {
                "message": "AssertionError: Timed out retrying after 4000ms: Expected to find element: `.oxd-autocomplete-dropdown`, but never found it.",
                "estack": "AssertionError: Timed out retrying after 4000ms: Expected to find element: `.oxd-autocomplete-dropdown`, but never found it.\n    at __webpack_modules__../cypress/support/pageObjects/AddUserPage.ts.AddUserPage.fillBasicUserFormAndReturnUsername (webpack://new-cypress-framework/./cypress/support/pageObjects/AddUserPage.ts:65:7)\n    at Context.eval (webpack://new-cypress-framework/./cypress/e2e/UserCRUD.cy.ts:67:16)",
                "diff": null
              },
              "uuid": "cafb2d15-0f2c-49c4-be1b-6bbcaffc1a5f",
              "parentUUID": "d3ff7114-8a41-490c-9890-87b53aabe2a3",
              "isHook": false,
              "skipped": false
            },
            {
              "title": "should validate required inputs",
              "fullTitle": "Add New User should validate required inputs",
              "timedOut": null,
              "duration": 8620,
              "state": "passed",
              "speed": "medium",
              "pass": true,
              "fail": false,
              "pending": false,
              "context": null,
              "code": "addUserPage.getSaveButton().click();\ncy.contains('.oxd-label', 'User Role')\n    .parents('.oxd-input-group')\n    .contains('.oxd-text', 'Required').should('be.visible');\ncy.contains('.oxd-label', 'Employee Name')\n    .parents('.oxd-input-group')\n    .contains('.oxd-text', 'Required').should('be.visible');\ncy.contains('.oxd-label', 'Status')\n    .parents('.oxd-input-group')\n    .contains('.oxd-text', 'Required').should('be.visible');\ncy.contains('.oxd-label', 'Username')\n    .parents('.oxd-input-group')\n    .contains('.oxd-text', 'Required').should('be.visible');\ncy.contains('.oxd-label', 'Password')\n    .parents('.oxd-input-group')\n    .contains('.oxd-text', 'Required').should('be.visible');",
              "err": {},
              "uuid": "bbc5012c-da49-4240-9dc1-673bd32ad3de",
              "parentUUID": "d3ff7114-8a41-490c-9890-87b53aabe2a3",
              "isHook": false,
              "skipped": false
            },
            {
              "title": "should delete the user",
              "fullTitle": "Add New User should delete the user",
              "timedOut": null,
              "duration": 12078,
              "state": "failed",
              "speed": null,
              "pass": false,
              "fail": true,
              "pending": false,
              "context": null,
              "code": "addUserPage.fillBasicUserFormAndReturnUsername().then(function (generatedUsername) {\n    addUserPage.getPasswordInput().click().type('TestUserPassword#2');\n    addUserPage.getConfirmPasswordInput().click().type('TestUserPassword#2');\n    addUserPage.getSaveButton().click();\n    cy.url({ timeout: 5000 }).should('include', '/admin/viewSystemUsers');\n    addUserPage.getUserNameInput().click().type(generatedUsername);\n    sharedElements.getSearchButton().click();\n    cy.get('.oxd-icon.bi-trash').click();\n    cy.contains('.oxd-button--label-danger', 'Yes, Delete').click();\n});",
              "err": {
                "message": "AssertionError: Timed out retrying after 4000ms: Expected to find element: `.oxd-autocomplete-dropdown`, but never found it.",
                "estack": "AssertionError: Timed out retrying after 4000ms: Expected to find element: `.oxd-autocomplete-dropdown`, but never found it.\n    at __webpack_modules__../cypress/support/pageObjects/AddUserPage.ts.AddUserPage.fillBasicUserFormAndReturnUsername (webpack://new-cypress-framework/./cypress/support/pageObjects/AddUserPage.ts:65:7)\n    at Context.eval (webpack://new-cypress-framework/./cypress/e2e/UserCRUD.cy.ts:97:16)",
                "diff": null
              },
              "uuid": "cb3a7ee5-6cf1-49af-ae80-830c2c4b41f5",
              "parentUUID": "d3ff7114-8a41-490c-9890-87b53aabe2a3",
              "isHook": false,
              "skipped": false
            }
          ],
          "suites": [],
          "passes": [
            "bbc5012c-da49-4240-9dc1-673bd32ad3de"
          ],
          "failures": [
            "dc34cd7d-f9a2-496e-976d-bef897b928d5",
            "cafb2d15-0f2c-49c4-be1b-6bbcaffc1a5f",
            "cb3a7ee5-6cf1-49af-ae80-830c2c4b41f5"
          ],
          "pending": [],
          "skipped": [],
          "duration": 53353,
          "root": false,
          "rootEmpty": false,
          "_timeout": 2000
        }
      ],
      "passes": [],
      "failures": [],
      "pending": [],
      "skipped": [],
      "duration": 0,
      "root": true,
      "rootEmpty": true,
      "_timeout": 2000
    }
  ],
  "meta": {
    "mocha": {
      "version": "7.2.0"
    },
    "mochawesome": {
      "options": {
        "quiet": false,
        "reportFilename": "mochawesome",
        "saveHtml": false,
        "saveJson": true,
        "consoleReporter": "spec",
        "useInlineDiffs": false,
        "code": true
      },
      "version": "7.1.3"
    },
    "marge": {
      "options": {
        "reportDir": "cypress/results/mochawesome",
        "overwrite": false,
        "html": false,
        "json": true,
        "timestamp": "mmddyyyy_HHMMss"
      },
      "version": "6.2.0"
    }
  }
}