{
  "stats": {
    "suites": 1,
    "tests": 3,
    "passes": 3,
    "pending": 0,
    "failures": 0,
    "start": "2025-06-11T20:09:01.829Z",
    "end": "2025-06-11T20:09:14.414Z",
    "duration": 12585,
    "testsRegistered": 3,
    "passPercent": 100,
    "pendingPercent": 0,
    "other": 0,
    "hasOther": false,
    "skipped": 0,
    "hasSkipped": false
  },
  "results": [
    {
      "uuid": "b6e1d2ba-5d03-40fb-8f0a-4023418e1ada",
      "title": "",
      "fullFile": "cypress\\e2e\\login.cy.ts",
      "file": "cypress\\e2e\\login.cy.ts",
      "beforeHooks": [],
      "afterHooks": [],
      "tests": [],
      "suites": [
        {
          "uuid": "ca005edd-414e-4802-a288-b81d2b91767f",
          "title": "OrangeHRM Login Page Tests",
          "fullFile": "",
          "file": "",
          "beforeHooks": [],
          "afterHooks": [],
          "tests": [
            {
              "title": "should allow a user to log in with valid credentials using custom command",
              "fullTitle": "OrangeHRM Login Page Tests should allow a user to log in with valid credentials using custom command",
              "timedOut": null,
              "duration": 6992,
              "state": "passed",
              "speed": "medium",
              "pass": true,
              "fail": false,
              "pending": false,
              "context": null,
              "code": "// Load the 'validUser' data from users.json fixture\ncy.fixture('users').then((users) => {\n    // Use the data from the fixture\n    cy.createLogin(users.validUser.username, users.validUser.password);\n});\ncy.url().should('include', '/dashboard');\ncy.contains('Dashboard').should('be.visible');",
              "err": {},
              "uuid": "5aadcd99-d9c1-4a4a-b9fd-8970dba94357",
              "parentUUID": "ca005edd-414e-4802-a288-b81d2b91767f",
              "isHook": false,
              "skipped": false
            },
            {
              "title": "should display an error for invalid credentials using Page Object",
              "fullTitle": "OrangeHRM Login Page Tests should display an error for invalid credentials using Page Object",
              "timedOut": null,
              "duration": 3064,
              "state": "passed",
              "speed": "fast",
              "pass": true,
              "fail": false,
              "pending": false,
              "context": null,
              "code": "// Load the 'invalidUser' data from users.json fixture\ncy.fixture('users').then((users) => {\n    // Use the data from the fixture with LoginPage's login method\n    loginPage.login(users.invalidUser.username, users.invalidUser.password);\n});\nloginPage.getInvalidCredentialsErrorMessage().should('be.visible').and('contain.text', 'Invalid credentials');",
              "err": {},
              "uuid": "fcdf00f6-7c7a-4818-a0e1-e54686e4ed8f",
              "parentUUID": "ca005edd-414e-4802-a288-b81d2b91767f",
              "isHook": false,
              "skipped": false
            },
            {
              "title": "should display required error messages for empty fields",
              "fullTitle": "OrangeHRM Login Page Tests should display required error messages for empty fields",
              "timedOut": null,
              "duration": 1700,
              "state": "passed",
              "speed": "fast",
              "pass": true,
              "fail": false,
              "pending": false,
              "context": null,
              "code": "// This test doesn't use user data, so it remains unchanged\nloginPage.getLoginButton().click();\nloginPage.getRequiredErrorMessage('username').should('be.visible');\nloginPage.getRequiredErrorMessage('password').should('be.visible');",
              "err": {},
              "uuid": "c88e70e7-e6e6-4e1e-95ce-912550e10db5",
              "parentUUID": "ca005edd-414e-4802-a288-b81d2b91767f",
              "isHook": false,
              "skipped": false
            }
          ],
          "suites": [],
          "passes": [
            "5aadcd99-d9c1-4a4a-b9fd-8970dba94357",
            "fcdf00f6-7c7a-4818-a0e1-e54686e4ed8f",
            "c88e70e7-e6e6-4e1e-95ce-912550e10db5"
          ],
          "failures": [],
          "pending": [],
          "skipped": [],
          "duration": 11756,
          "root": false,
          "rootEmpty": false,
          "_timeout": 2000
        }
      ],
      "passes": [],
      "failures": [],
      "pending": [],
      "skipped": [],
      "duration": 0,
      "root": true,
      "rootEmpty": true,
      "_timeout": 2000
    }
  ],
  "meta": {
    "mocha": {
      "version": "7.2.0"
    },
    "mochawesome": {
      "options": {
        "quiet": false,
        "reportFilename": "mochawesome",
        "saveHtml": false,
        "saveJson": true,
        "consoleReporter": "spec",
        "useInlineDiffs": false,
        "code": true
      },
      "version": "7.1.3"
    },
    "marge": {
      "options": {
        "reportDir": "cypress/results/mochawesome",
        "overwrite": false,
        "html": false,
        "json": true,
        "timestamp": "mmddyyyy_HHMMss"
      },
      "version": "6.2.0"
    }
  }
}