{
  "stats": {
    "suites": 1,
    "tests": 4,
    "passes": 4,
    "pending": 0,
    "failures": 0,
    "start": "2025-06-11T22:03:52.322Z",
    "end": "2025-06-11T22:04:58.922Z",
    "duration": 66600,
    "testsRegistered": 4,
    "passPercent": 100,
    "pendingPercent": 0,
    "other": 0,
    "hasOther": false,
    "skipped": 0,
    "hasSkipped": false
  },
  "results": [
    {
      "uuid": "a29e06f8-4b2f-46e2-8cb4-7daa8ebfa905",
      "title": "",
      "fullFile": "cypress\\e2e\\UserCRUD.cy.ts",
      "file": "cypress\\e2e\\UserCRUD.cy.ts",
      "beforeHooks": [],
      "afterHooks": [],
      "tests": [],
      "suites": [
        {
          "uuid": "811288ce-526f-4cab-98bf-4b09b6b84bec",
          "title": "User CRUD Test Suite",
          "fullFile": "",
          "file": "",
          "beforeHooks": [],
          "afterHooks": [],
          "tests": [
            {
              "title": "should add new user",
              "fullTitle": "User CRUD Test Suite should add new user",
              "timedOut": null,
              "duration": 20106,
              "state": "passed",
              "speed": "slow",
              "pass": true,
              "fail": false,
              "pending": false,
              "context": null,
              "code": "addUserPage.fillBasicUserForm();\nsharedElements.getSuccessfullySavedToastMessage().should('be.visible');",
              "err": {},
              "uuid": "5bdf3fe9-a857-470a-bbcc-7fe239db2670",
              "parentUUID": "811288ce-526f-4cab-98bf-4b09b6b84bec",
              "isHook": false,
              "skipped": false
            },
            {
              "title": "should validate Username and Password for wrong number of characters",
              "fullTitle": "User CRUD Test Suite should validate Username and Password for wrong number of characters",
              "timedOut": null,
              "duration": 14173,
              "state": "passed",
              "speed": "slow",
              "pass": true,
              "fail": false,
              "pending": false,
              "context": null,
              "code": "//addUserPage.fillBasicUserForm();\naddUserPage.getUserRoleSelectDropdown().click();\ncy.contains('ESS').click();\naddUserPage.getStatusSelectDropdown().click();\ncy.contains('Enabled').click();\naddUserPage.getEmployeeNameAutocomplete().type(\"a\");\ncy.wait(5000);\ncy.get('.oxd-autocomplete-dropdown').should('be.visible').first().click();\naddUserPage.getUserNameInput().click().type('Name');\n//cy.wait(5000);\ncy.contains('.oxd-text', 'Should be at least 5 characters').should('be.visible');\naddUserPage.getPasswordInput().click().type('Pass');\n//cy.wait(5000);\ncy.contains('.oxd-text', 'Should have at least 7 characters').should('be.visible');\n//cy.wait(5000);\naddUserPage.getConfirmPasswordInput().click().type('Pass');\ncy.contains('.oxd-text', 'Should have at least 7 characters').should('be.visible');",
              "err": {},
              "uuid": "4b734960-96f7-4b27-8266-4a482e72aa55",
              "parentUUID": "811288ce-526f-4cab-98bf-4b09b6b84bec",
              "isHook": false,
              "skipped": false
            },
            {
              "title": "should validate required inputs",
              "fullTitle": "User CRUD Test Suite should validate required inputs",
              "timedOut": null,
              "duration": 7211,
              "state": "passed",
              "speed": "medium",
              "pass": true,
              "fail": false,
              "pending": false,
              "context": null,
              "code": "addUserPage.getSaveButton().click();\ncy.contains('.oxd-label', 'User Role')\n    .parents('.oxd-input-group')\n    .contains('.oxd-text', 'Required').should('be.visible');\ncy.contains('.oxd-label', 'Employee Name')\n    .parents('.oxd-input-group')\n    .contains('.oxd-text', 'Required').should('be.visible');\ncy.contains('.oxd-label', 'Status')\n    .parents('.oxd-input-group')\n    .contains('.oxd-text', 'Required').should('be.visible');\ncy.contains('.oxd-label', 'Username')\n    .parents('.oxd-input-group')\n    .contains('.oxd-text', 'Required').should('be.visible');\ncy.contains('.oxd-label', 'Password')\n    .parents('.oxd-input-group')\n    .contains('.oxd-text', 'Required').should('be.visible');",
              "err": {},
              "uuid": "469e088a-45c6-4459-93e7-e1a543bfa025",
              "parentUUID": "811288ce-526f-4cab-98bf-4b09b6b84bec",
              "isHook": false,
              "skipped": false
            },
            {
              "title": "should delete the user",
              "fullTitle": "User CRUD Test Suite should delete the user",
              "timedOut": null,
              "duration": 24476,
              "state": "passed",
              "speed": "slow",
              "pass": true,
              "fail": false,
              "pending": false,
              "context": null,
              "code": "addUserPage.fillBasicUserForm()\n    .then(({ user }) => {\n    sharedElements.getSuccessfullySavedToastMessage().should('be.visible');\n    cy.url({ timeout: 5000 }).should('include', '/admin/viewSystemUsers');\n    addUserPage.getUserNameInput().click({ timeout: 5000 }).type(user);\n    sharedElements.getSearchButton().click();\n    cy.get('.oxd-icon.bi-trash').click({ timeout: 5000 });\n    cy.contains('.oxd-button--label-danger', 'Yes, Delete').click({ timeout: 5000 });\n    sharedElements.getSuccessfullyDeletedToastMessage().should('be.visible');\n    sharedElements.getNoRecordsFoundToastMessage().should('be.visible');\n});",
              "err": {},
              "uuid": "6cf17cc8-c014-4e81-8a0f-6b72fc7e8da1",
              "parentUUID": "811288ce-526f-4cab-98bf-4b09b6b84bec",
              "isHook": false,
              "skipped": false
            }
          ],
          "suites": [],
          "passes": [
            "5bdf3fe9-a857-470a-bbcc-7fe239db2670",
            "4b734960-96f7-4b27-8266-4a482e72aa55",
            "469e088a-45c6-4459-93e7-e1a543bfa025",
            "6cf17cc8-c014-4e81-8a0f-6b72fc7e8da1"
          ],
          "failures": [],
          "pending": [],
          "skipped": [],
          "duration": 65966,
          "root": false,
          "rootEmpty": false,
          "_timeout": 2000
        }
      ],
      "passes": [],
      "failures": [],
      "pending": [],
      "skipped": [],
      "duration": 0,
      "root": true,
      "rootEmpty": true,
      "_timeout": 2000
    }
  ],
  "meta": {
    "mocha": {
      "version": "7.2.0"
    },
    "mochawesome": {
      "options": {
        "quiet": false,
        "reportFilename": "mochawesome",
        "saveHtml": false,
        "saveJson": true,
        "consoleReporter": "spec",
        "useInlineDiffs": false,
        "code": true
      },
      "version": "7.1.3"
    },
    "marge": {
      "options": {
        "reportDir": "cypress/results/mochawesome",
        "overwrite": false,
        "html": false,
        "json": true,
        "timestamp": "mmddyyyy_HHMMss"
      },
      "version": "6.2.0"
    }
  }
}