{
  "stats": {
    "suites": 1,
    "tests": 1,
    "passes": 0,
    "pending": 0,
    "failures": 1,
    "start": "2025-06-04T23:05:47.668Z",
    "end": "2025-06-04T23:06:12.832Z",
    "duration": 25164,
    "testsRegistered": 1,
    "passPercent": 0,
    "pendingPercent": 0,
    "other": 0,
    "hasOther": false,
    "skipped": 0,
    "hasSkipped": false
  },
  "results": [
    {
      "uuid": "67f68825-f9d1-4a6b-aff0-f09fa9af96b9",
      "title": "",
      "fullFile": "cypress\\e2e\\UserCRUD.cy.ts",
      "file": "cypress\\e2e\\UserCRUD.cy.ts",
      "beforeHooks": [],
      "afterHooks": [],
      "tests": [],
      "suites": [
        {
          "uuid": "44504dcb-3392-4114-8b4a-b6e6e89b0e5d",
          "title": "Add New User",
          "fullFile": "",
          "file": "",
          "beforeHooks": [],
          "afterHooks": [],
          "tests": [
            {
              "title": "should delete the user",
              "fullTitle": "Add New User should delete the user",
              "timedOut": null,
              "duration": 24961,
              "state": "failed",
              "speed": null,
              "pass": false,
              "fail": true,
              "pending": false,
              "context": null,
              "code": "addUserPage.fillBasicUserFormAndReturnUsername().then(function (generatedUsername) {\n    addUserPage.getPasswordInput().click().type('TestUserPassword#2');\n    addUserPage.getConfirmPasswordInput().click({ timeout: 5000 }).type('TestUserPassword#2');\n    addUserPage.getSaveButton().click();\n    cy.url({ timeout: 5000 }).should('include', '/admin/viewSystemUsers');\n    addUserPage.getUserNameInput().click({ timeout: 5000 }).type(generatedUsername);\n    sharedElements.getSearchButton().click();\n    cy.get('.oxd-icon.bi-trash').click({ timeout: 5000 });\n    cy.contains('.oxd-button--label-danger', 'Yes, Delete').click({ timeout: 5000 });\n});",
              "err": {
                "message": "AssertionError: Timed out retrying after 4000ms: Expected to find element: `.oxd-autocomplete-dropdown`, but never found it.",
                "estack": "AssertionError: Timed out retrying after 4000ms: Expected to find element: `.oxd-autocomplete-dropdown`, but never found it.\n    at __webpack_modules__../cypress/support/pageObjects/AddUserPage.ts.AddUserPage.fillBasicUserFormAndReturnUsername (webpack://new-cypress-framework/./cypress/support/pageObjects/AddUserPage.ts:65:7)\n    at Context.eval (webpack://new-cypress-framework/./cypress/e2e/UserCRUD.cy.ts:97:16)",
                "diff": null
              },
              "uuid": "df89d717-5875-465f-a588-041f1d68db1a",
              "parentUUID": "44504dcb-3392-4114-8b4a-b6e6e89b0e5d",
              "isHook": false,
              "skipped": false
            }
          ],
          "suites": [],
          "passes": [],
          "failures": [
            "df89d717-5875-465f-a588-041f1d68db1a"
          ],
          "pending": [],
          "skipped": [],
          "duration": 24961,
          "root": false,
          "rootEmpty": false,
          "_timeout": 2000
        }
      ],
      "passes": [],
      "failures": [],
      "pending": [],
      "skipped": [],
      "duration": 0,
      "root": true,
      "rootEmpty": true,
      "_timeout": 2000
    }
  ],
  "meta": {
    "mocha": {
      "version": "7.2.0"
    },
    "mochawesome": {
      "options": {
        "quiet": false,
        "reportFilename": "mochawesome",
        "saveHtml": false,
        "saveJson": true,
        "consoleReporter": "spec",
        "useInlineDiffs": false,
        "code": true
      },
      "version": "7.1.3"
    },
    "marge": {
      "options": {
        "reportDir": "cypress/results/mochawesome",
        "overwrite": false,
        "html": false,
        "json": true,
        "timestamp": "mmddyyyy_HHMMss"
      },
      "version": "6.2.0"
    }
  }
}