{
  "stats": {
    "suites": 1,
    "tests": 3,
    "passes": 3,
    "pending": 0,
    "failures": 0,
    "start": "2025-06-09T21:48:43.075Z",
    "end": "2025-06-09T21:49:05.776Z",
    "duration": 22701,
    "testsRegistered": 3,
    "passPercent": 100,
    "pendingPercent": 0,
    "other": 0,
    "hasOther": false,
    "skipped": 0,
    "hasSkipped": false
  },
  "results": [
    {
      "uuid": "2b0742b2-1cdb-4a5f-a50e-370b70e11ee6",
      "title": "",
      "fullFile": "cypress\\e2e\\login.cy.ts",
      "file": "cypress\\e2e\\login.cy.ts",
      "beforeHooks": [],
      "afterHooks": [],
      "tests": [],
      "suites": [
        {
          "uuid": "dc549f19-30af-411b-9cb6-1b626271e4d3",
          "title": "OrangeHRM Login Page Tests",
          "fullFile": "",
          "file": "",
          "beforeHooks": [],
          "afterHooks": [],
          "tests": [
            {
              "title": "should allow a user to log in with valid credentials using custom command",
              "fullTitle": "OrangeHRM Login Page Tests should allow a user to log in with valid credentials using custom command",
              "timedOut": null,
              "duration": 10785,
              "state": "passed",
              "speed": "slow",
              "pass": true,
              "fail": false,
              "pending": false,
              "context": null,
              "code": "// Load the 'validUser' data from users.json fixture\ncy.fixture('users').then(function (users) {\n    // Use the data from the fixture\n    cy.createLogin(users.validUser.username, users.validUser.password);\n});\ncy.url().should('include', '/dashboard');\ncy.contains('Dashboard').should('be.visible');",
              "err": {},
              "uuid": "c1f35355-6d28-450b-a69e-db5002899de0",
              "parentUUID": "dc549f19-30af-411b-9cb6-1b626271e4d3",
              "isHook": false,
              "skipped": false
            },
            {
              "title": "should display an error for invalid credentials using Page Object",
              "fullTitle": "OrangeHRM Login Page Tests should display an error for invalid credentials using Page Object",
              "timedOut": null,
              "duration": 4506,
              "state": "passed",
              "speed": "fast",
              "pass": true,
              "fail": false,
              "pending": false,
              "context": null,
              "code": "// Load the 'invalidUser' data from users.json fixture\ncy.fixture('users').then(function (users) {\n    // Use the data from the fixture with LoginPage's login method\n    loginPage.login(users.invalidUser.username, users.invalidUser.password);\n});\nloginPage.getInvalidCredentialsErrorMessage().should('be.visible').and('contain.text', 'Invalid credentials');",
              "err": {},
              "uuid": "3a9cb048-26c6-420c-a065-88e8bfe3d3ae",
              "parentUUID": "dc549f19-30af-411b-9cb6-1b626271e4d3",
              "isHook": false,
              "skipped": false
            },
            {
              "title": "should display required error messages for empty fields",
              "fullTitle": "OrangeHRM Login Page Tests should display required error messages for empty fields",
              "timedOut": null,
              "duration": 4948,
              "state": "passed",
              "speed": "fast",
              "pass": true,
              "fail": false,
              "pending": false,
              "context": null,
              "code": "// This test doesn't use user data, so it remains unchanged\nloginPage.getLoginButton().click();\nloginPage.getRequiredErrorMessage('username').should('be.visible');\nloginPage.getRequiredErrorMessage('password').should('be.visible');",
              "err": {},
              "uuid": "cffec5aa-dbdb-4b6f-a9ff-e472b7699bac",
              "parentUUID": "dc549f19-30af-411b-9cb6-1b626271e4d3",
              "isHook": false,
              "skipped": false
            }
          ],
          "suites": [],
          "passes": [
            "c1f35355-6d28-450b-a69e-db5002899de0",
            "3a9cb048-26c6-420c-a065-88e8bfe3d3ae",
            "cffec5aa-dbdb-4b6f-a9ff-e472b7699bac"
          ],
          "failures": [],
          "pending": [],
          "skipped": [],
          "duration": 20239,
          "root": false,
          "rootEmpty": false,
          "_timeout": 2000
        }
      ],
      "passes": [],
      "failures": [],
      "pending": [],
      "skipped": [],
      "duration": 0,
      "root": true,
      "rootEmpty": true,
      "_timeout": 2000
    }
  ],
  "meta": {
    "mocha": {
      "version": "7.2.0"
    },
    "mochawesome": {
      "options": {
        "quiet": false,
        "reportFilename": "mochawesome",
        "saveHtml": false,
        "saveJson": true,
        "consoleReporter": "spec",
        "useInlineDiffs": false,
        "code": true
      },
      "version": "7.1.3"
    },
    "marge": {
      "options": {
        "reportDir": "cypress/results/mochawesome",
        "overwrite": false,
        "html": false,
        "json": true,
        "timestamp": "mmddyyyy_HHMMss"
      },
      "version": "6.2.0"
    }
  }
}