{
  "stats": {
    "suites": 1,
    "tests": 3,
    "passes": 2,
    "pending": 0,
    "failures": 1,
    "start": "2025-06-09T21:41:47.116Z",
    "end": "2025-06-09T21:43:44.625Z",
    "duration": 117509,
    "testsRegistered": 4,
    "passPercent": 50,
    "pendingPercent": 0,
    "other": 0,
    "hasOther": false,
    "skipped": 1,
    "hasSkipped": true
  },
  "results": [
    {
      "uuid": "8f46761d-9f02-4f7f-83f1-d53cec7c5a4f",
      "title": "",
      "fullFile": "cypress\\e2e\\EmployeeCRUD.cy.ts",
      "file": "cypress\\e2e\\EmployeeCRUD.cy.ts",
      "beforeHooks": [],
      "afterHooks": [],
      "tests": [],
      "suites": [
        {
          "uuid": "84570844-ac17-4bcd-a4f5-21a765693660",
          "title": "Add,assign User,edit,delete Employee",
          "fullFile": "",
          "file": "",
          "beforeHooks": [],
          "afterHooks": [],
          "tests": [
            {
              "title": "should fill out the Add Employee form and save it",
              "fullTitle": "Add,assign User,edit,delete Employee should fill out the Add Employee form and save it",
              "timedOut": null,
              "duration": 37476,
              "state": "passed",
              "speed": "slow",
              "pass": true,
              "fail": false,
              "pending": false,
              "context": null,
              "code": "pimEmployeeListPage.fillBasicEmployeeForm();\nsharedElements.getSaveButton().click();\nsharedElements.getSuccessfullySavedToastMessage().should('be.visible');\ncy.url().should('match', /\\/pim\\/viewPersonalDetails\\/empNumber\\/\\d+$/);\npimEmployeePersonalDetailsPage.getPersonalDetailsPageTitle().should('be.visible');",
              "err": {},
              "uuid": "af8dbbaa-0286-43d1-b7c1-9259c7093645",
              "parentUUID": "84570844-ac17-4bcd-a4f5-21a765693660",
              "isHook": false,
              "skipped": false
            },
            {
              "title": "should create the login details toEmployee",
              "fullTitle": "Add,assign User,edit,delete Employee should create the login details toEmployee",
              "timedOut": null,
              "duration": 46274,
              "state": "passed",
              "speed": "slow",
              "pass": true,
              "fail": false,
              "pending": false,
              "context": null,
              "code": "var randomUsername = \"TestUser#\".concat((0, dataGenerator_1.generateRandomString)(5));\nvar randomPassword = \"TestPassword\".concat((0, dataGenerator_1.generateRandomString)(5));\npimEmployeeListPage.fillBasicEmployeeForm();\npimEmployeeListPage.getCreateLoginDetailsToggleButton().should('be.visible').click();\naddUserPage.getUserNameInput().type(randomUsername);\naddUserPage.getUserNameInput().should('have.value', randomUsername);\naddUserPage.getPasswordInput().type(randomPassword);\naddUserPage.getConfirmPasswordInput().type(randomPassword);\naddUserPage.getUserNameInput().should('have.value', randomUsername);\nsharedElements.getSaveButton().click();\nsharedElements.getSuccessfullySavedToastMessage().should('be.visible');",
              "err": {},
              "uuid": "489da4de-0077-4d76-b1d9-f902410399ab",
              "parentUUID": "84570844-ac17-4bcd-a4f5-21a765693660",
              "isHook": false,
              "skipped": false
            },
            {
              "title": "should edit Employee personal details",
              "fullTitle": "Add,assign User,edit,delete Employee should edit Employee personal details",
              "timedOut": null,
              "duration": 31000,
              "state": "failed",
              "speed": null,
              "pass": false,
              "fail": true,
              "pending": false,
              "context": null,
              "code": "//1. add new Employee\npimEmployeeListPage.fillBasicEmployeeForm()\n    .then(function (_a) {\n    var employeeId = _a.employeeId, firstName = _a.firstName, lastName = _a.lastName, middleName = _a.middleName;\n    sharedElements.getSaveButton().click();\n    sharedElements.getSuccessfullySavedToastMessage().should('be.visible');\n    //2. after Employee successfully created, you'll be navigated to the Personal Details Page        cy.url().should('match', /\\/pim\\/viewPersonalDetails\\/empNumber\\/\\d+$/);\n    pimEmployeePersonalDetailsPage.getPersonalDetailsPageTitle().should('be.visible');\n    //3. assert that Employee's first, middle, last name and ID are successfully poopulated \n    pimEmployeeListPage.getEmployeeFirtsName().should('have.value', firstName);\n    pimEmployeeListPage.getEmployeeLastName().should('have.value', lastName);\n    pimEmployeeListPage.getEmployeeMiddleName().should('have.value', middleName);\n    //4. change Employee's Marital Status to \"Other\"\n    pimEmployeePersonalDetailsPage.getMaritalStatus().click();\n    cy.contains(\"Other\").click();\n    //5. Save the update\n    sharedElements.getSaveButton().click();\n    //6. Assert the update toast message\n    sharedElements.getSuccessfullyUpdatedToastMessage().should('be.visible');\n});",
              "err": {
                "message": "CypressError: Timed out retrying after 5000ms: `cy.wait()` timed out waiting `5000ms` for the 1st request to the route: `getEmployees`. No request ever occurred.\n\nhttps://on.cypress.io/wait\n\nBecause this error occurred during a `before each` hook we are skipping the remaining tests in the current suite: `Add,assign User,edit,delete...`",
                "estack": "CypressError: Timed out retrying after 5000ms: `cy.wait()` timed out waiting `5000ms` for the 1st request to the route: `getEmployees`. No request ever occurred.\n\nhttps://on.cypress.io/wait\n\nBecause this error occurred during a `before each` hook we are skipping the remaining tests in the current suite: `Add,assign User,edit,delete...`\n    at cypressErr (https://opensource-demo.orangehrmlive.com/__cypress/runner/cypress_runner.js:77162:18)\n    at Object.errByPath (https://opensource-demo.orangehrmlive.com/__cypress/runner/cypress_runner.js:77216:10)\n    at checkForXhr (https://opensource-demo.orangehrmlive.com/__cypress/runner/cypress_runner.js:138424:84)\n    at <unknown> (https://opensource-demo.orangehrmlive.com/__cypress/runner/cypress_runner.js:138450:28)\n    at tryCatcher (https://opensource-demo.orangehrmlive.com/__cypress/runner/cypress_runner.js:1777:23)\n    at Promise.attempt.Promise.try (https://opensource-demo.orangehrmlive.com/__cypress/runner/cypress_runner.js:4285:29)\n    at whenStable (https://opensource-demo.orangehrmlive.com/__cypress/runner/cypress_runner.js:146806:68)\n    at <unknown> (https://opensource-demo.orangehrmlive.com/__cypress/runner/cypress_runner.js:146747:14)\n    at tryCatcher (https://opensource-demo.orangehrmlive.com/__cypress/runner/cypress_runner.js:1777:23)\n    at Promise._settlePromiseFromHandler (https://opensource-demo.orangehrmlive.com/__cypress/runner/cypress_runner.js:1489:31)\n    at Promise._settlePromise (https://opensource-demo.orangehrmlive.com/__cypress/runner/cypress_runner.js:1546:18)\n    at Promise._settlePromise0 (https://opensource-demo.orangehrmlive.com/__cypress/runner/cypress_runner.js:1591:10)\n    at Promise._settlePromises (https://opensource-demo.orangehrmlive.com/__cypress/runner/cypress_runner.js:1671:18)\n    at Promise._fulfill (https://opensource-demo.orangehrmlive.com/__cypress/runner/cypress_runner.js:1615:18)\n    at <unknown> (https://opensource-demo.orangehrmlive.com/__cypress/runner/cypress_runner.js:5420:46)",
                "diff": null
              },
              "uuid": "86d81a12-532c-4409-bd89-b72adab3eee4",
              "parentUUID": "84570844-ac17-4bcd-a4f5-21a765693660",
              "isHook": false,
              "skipped": false
            },
            {
              "title": "should delete the Employee from the list",
              "fullTitle": "Add,assign User,edit,delete Employee should delete the Employee from the list",
              "timedOut": null,
              "duration": 0,
              "state": "skipped",
              "speed": null,
              "pass": false,
              "fail": false,
              "pending": false,
              "context": null,
              "code": "pimEmployeeListPage.fillBasicEmployeeForm().then(function (_a) {\n    var employeeId = _a.employeeId;\n    sharedElements.getSaveButton().click();\n    sharedElements.getSuccessfullySavedToastMessage().should('be.visible');\n    cy.contains('Employee List').click();\n    cy.url().should('include', '/pim/viewEmployeeList');\n    pimEmployeeListPage.getEmployeeId().type(employeeId);\n    sharedElements.getSearchButton().click();\n    pimEmployeeListPage.getSelectCheckbox().click();\n    sharedElements.getDeleteSelectedButton().click();\n    sharedElements.getYesDeleteButton().click();\n    sharedElements.getSuccessfullyDeletedToastMessage().should('be.visible');\n    sharedElements.getNoRecordsFoundToastMessage().should('be.visible');\n});",
              "err": {},
              "uuid": "79124cc6-6511-4d7b-b54e-d781574f6bc4",
              "parentUUID": "84570844-ac17-4bcd-a4f5-21a765693660",
              "isHook": false,
              "skipped": true
            }
          ],
          "suites": [],
          "passes": [
            "af8dbbaa-0286-43d1-b7c1-9259c7093645",
            "489da4de-0077-4d76-b1d9-f902410399ab"
          ],
          "failures": [
            "86d81a12-532c-4409-bd89-b72adab3eee4"
          ],
          "pending": [],
          "skipped": [
            "79124cc6-6511-4d7b-b54e-d781574f6bc4"
          ],
          "duration": 114750,
          "root": false,
          "rootEmpty": false,
          "_timeout": 2000
        }
      ],
      "passes": [],
      "failures": [],
      "pending": [],
      "skipped": [],
      "duration": 0,
      "root": true,
      "rootEmpty": true,
      "_timeout": 2000
    }
  ],
  "meta": {
    "mocha": {
      "version": "7.2.0"
    },
    "mochawesome": {
      "options": {
        "quiet": false,
        "reportFilename": "mochawesome",
        "saveHtml": false,
        "saveJson": true,
        "consoleReporter": "spec",
        "useInlineDiffs": false,
        "code": true
      },
      "version": "7.1.3"
    },
    "marge": {
      "options": {
        "reportDir": "cypress/results/mochawesome",
        "overwrite": false,
        "html": false,
        "json": true,
        "timestamp": "mmddyyyy_HHMMss"
      },
      "version": "6.2.0"
    }
  }
}