{
  "stats": {
    "suites": 1,
    "tests": 4,
    "passes": 4,
    "pending": 0,
    "failures": 0,
    "start": "2025-06-10T01:50:37.522Z",
    "end": "2025-06-10T01:51:52.995Z",
    "duration": 75473,
    "testsRegistered": 4,
    "passPercent": 100,
    "pendingPercent": 0,
    "other": 0,
    "hasOther": false,
    "skipped": 0,
    "hasSkipped": false
  },
  "results": [
    {
      "uuid": "8766e42e-aae5-4abc-9945-6d036fe4fa71",
      "title": "",
      "fullFile": "cypress\\e2e\\UserCRUD.cy.ts",
      "file": "cypress\\e2e\\UserCRUD.cy.ts",
      "beforeHooks": [],
      "afterHooks": [],
      "tests": [],
      "suites": [
        {
          "uuid": "b34f1b4f-e07c-4218-8e0e-a3204dc61464",
          "title": "User CRUD Test Suite",
          "fullFile": "",
          "file": "",
          "beforeHooks": [],
          "afterHooks": [],
          "tests": [
            {
              "title": "should add new user",
              "fullTitle": "User CRUD Test Suite should add new user",
              "timedOut": null,
              "duration": 19445,
              "state": "passed",
              "speed": "slow",
              "pass": true,
              "fail": false,
              "pending": false,
              "context": null,
              "code": "addUserPage.fillBasicUserForm();\nsharedElements.getSuccessfullySavedToastMessage().should('be.visible');",
              "err": {},
              "uuid": "774ae0f2-91fd-4291-9b43-1fb51c759eac",
              "parentUUID": "b34f1b4f-e07c-4218-8e0e-a3204dc61464",
              "isHook": false,
              "skipped": false
            },
            {
              "title": "should validate Username and Password for wrong number of characters",
              "fullTitle": "User CRUD Test Suite should validate Username and Password for wrong number of characters",
              "timedOut": null,
              "duration": 17467,
              "state": "passed",
              "speed": "slow",
              "pass": true,
              "fail": false,
              "pending": false,
              "context": null,
              "code": "//addUserPage.fillBasicUserForm();\naddUserPage.getUserRoleSelectDropdown().click();\ncy.contains('ESS').click();\naddUserPage.getStatusSelectDropdown().click();\ncy.contains('Enabled').click();\naddUserPage.getEmployeeNameAutocomplete().type(\"a\");\ncy.wait(5000);\ncy.get('.oxd-autocomplete-dropdown').should('be.visible').first().click();\naddUserPage.getUserNameInput().click().type('Name');\n//cy.wait(5000);\ncy.contains('.oxd-text', 'Should be at least 5 characters').should('be.visible');\naddUserPage.getPasswordInput().click().type('Pass');\n//cy.wait(5000);\ncy.contains('.oxd-text', 'Should have at least 7 characters').should('be.visible');\n//cy.wait(5000);\naddUserPage.getConfirmPasswordInput().click().type('Pass');\ncy.contains('.oxd-text', 'Should have at least 7 characters').should('be.visible');",
              "err": {},
              "uuid": "b2ae51a6-222f-4be4-b678-20098a2358f7",
              "parentUUID": "b34f1b4f-e07c-4218-8e0e-a3204dc61464",
              "isHook": false,
              "skipped": false
            },
            {
              "title": "should validate required inputs",
              "fullTitle": "User CRUD Test Suite should validate required inputs",
              "timedOut": null,
              "duration": 9849,
              "state": "passed",
              "speed": "medium",
              "pass": true,
              "fail": false,
              "pending": false,
              "context": null,
              "code": "addUserPage.getSaveButton().click();\ncy.contains('.oxd-label', 'User Role')\n    .parents('.oxd-input-group')\n    .contains('.oxd-text', 'Required').should('be.visible');\ncy.contains('.oxd-label', 'Employee Name')\n    .parents('.oxd-input-group')\n    .contains('.oxd-text', 'Required').should('be.visible');\ncy.contains('.oxd-label', 'Status')\n    .parents('.oxd-input-group')\n    .contains('.oxd-text', 'Required').should('be.visible');\ncy.contains('.oxd-label', 'Username')\n    .parents('.oxd-input-group')\n    .contains('.oxd-text', 'Required').should('be.visible');\ncy.contains('.oxd-label', 'Password')\n    .parents('.oxd-input-group')\n    .contains('.oxd-text', 'Required').should('be.visible');",
              "err": {},
              "uuid": "ce63a7db-3521-41dc-9850-40cb5d1d2148",
              "parentUUID": "b34f1b4f-e07c-4218-8e0e-a3204dc61464",
              "isHook": false,
              "skipped": false
            },
            {
              "title": "should delete the user",
              "fullTitle": "User CRUD Test Suite should delete the user",
              "timedOut": null,
              "duration": 27991,
              "state": "passed",
              "speed": "slow",
              "pass": true,
              "fail": false,
              "pending": false,
              "context": null,
              "code": "addUserPage.fillBasicUserForm()\n    .then(function (_a) {\n    var user = _a.user;\n    sharedElements.getSuccessfullySavedToastMessage().should('be.visible');\n    cy.url({ timeout: 5000 }).should('include', '/admin/viewSystemUsers');\n    addUserPage.getUserNameInput().click({ timeout: 5000 }).type(user);\n    sharedElements.getSearchButton().click();\n    cy.get('.oxd-icon.bi-trash').click({ timeout: 5000 });\n    cy.contains('.oxd-button--label-danger', 'Yes, Delete').click({ timeout: 5000 });\n    sharedElements.getSuccessfullyDeletedToastMessage().should('be.visible');\n    sharedElements.getNoRecordsFoundToastMessage().should('be.visible');\n});",
              "err": {},
              "uuid": "25ee50d4-fafa-44da-a2b3-a11645e8ca52",
              "parentUUID": "b34f1b4f-e07c-4218-8e0e-a3204dc61464",
              "isHook": false,
              "skipped": false
            }
          ],
          "suites": [],
          "passes": [
            "774ae0f2-91fd-4291-9b43-1fb51c759eac",
            "b2ae51a6-222f-4be4-b678-20098a2358f7",
            "ce63a7db-3521-41dc-9850-40cb5d1d2148",
            "25ee50d4-fafa-44da-a2b3-a11645e8ca52"
          ],
          "failures": [],
          "pending": [],
          "skipped": [],
          "duration": 74752,
          "root": false,
          "rootEmpty": false,
          "_timeout": 2000
        }
      ],
      "passes": [],
      "failures": [],
      "pending": [],
      "skipped": [],
      "duration": 0,
      "root": true,
      "rootEmpty": true,
      "_timeout": 2000
    }
  ],
  "meta": {
    "mocha": {
      "version": "7.2.0"
    },
    "mochawesome": {
      "options": {
        "quiet": false,
        "reportFilename": "mochawesome",
        "saveHtml": false,
        "saveJson": true,
        "consoleReporter": "spec",
        "useInlineDiffs": false,
        "code": true
      },
      "version": "7.1.3"
    },
    "marge": {
      "options": {
        "reportDir": "cypress/results/mochawesome",
        "overwrite": false,
        "html": false,
        "json": true,
        "timestamp": "mmddyyyy_HHMMss"
      },
      "version": "6.2.0"
    }
  }
}