{
  "stats": {
    "suites": 1,
    "tests": 4,
    "passes": 1,
    "pending": 0,
    "failures": 3,
    "start": "2025-06-04T22:47:16.360Z",
    "end": "2025-06-04T22:48:06.498Z",
    "duration": 50138,
    "testsRegistered": 4,
    "passPercent": 25,
    "pendingPercent": 0,
    "other": 0,
    "hasOther": false,
    "skipped": 0,
    "hasSkipped": false
  },
  "results": [
    {
      "uuid": "7ccd9f30-71d2-4f68-87d2-7697c2e96d17",
      "title": "",
      "fullFile": "cypress\\e2e\\UserCRUD.cy.ts",
      "file": "cypress\\e2e\\UserCRUD.cy.ts",
      "beforeHooks": [],
      "afterHooks": [],
      "tests": [],
      "suites": [
        {
          "uuid": "76d732b6-61d7-449b-9935-8d158ffa7193",
          "title": "Add New User",
          "fullFile": "",
          "file": "",
          "beforeHooks": [],
          "afterHooks": [],
          "tests": [
            {
              "title": "should add new user",
              "fullTitle": "Add New User should add new user",
              "timedOut": null,
              "duration": 20597,
              "state": "failed",
              "speed": null,
              "pass": false,
              "fail": true,
              "pending": false,
              "context": null,
              "code": "addUserPage.fillBasicUserFormAndReturnUsername();\naddUserPage.getUserNameInput().click().type(randomUsername);\naddUserPage.getPasswordInput().click().type('TestUserPassword#1');\naddUserPage.getConfirmPasswordInput().click().type('TestUserPassword#1');\naddUserPage.getSaveButton().click();",
              "err": {
                "message": "AssertionError: Timed out retrying after 4000ms: Expected to find element: `.oxd-autocomplete-dropdown`, but never found it.",
                "estack": "AssertionError: Timed out retrying after 4000ms: Expected to find element: `.oxd-autocomplete-dropdown`, but never found it.\n    at __webpack_modules__../cypress/support/pageObjects/AddUserPage.ts.AddUserPage.fillBasicUserFormAndReturnUsername (webpack://new-cypress-framework/./cypress/support/pageObjects/AddUserPage.ts:65:7)\n    at Context.eval (webpack://new-cypress-framework/./cypress/e2e/UserCRUD.cy.ts:59:16)",
                "diff": null
              },
              "uuid": "2a2ca9d7-3cdd-4a10-ace1-129047ab9c80",
              "parentUUID": "76d732b6-61d7-449b-9935-8d158ffa7193",
              "isHook": false,
              "skipped": false
            },
            {
              "title": "should validate Username and Password for wrong number of characters",
              "fullTitle": "Add New User should validate Username and Password for wrong number of characters",
              "timedOut": null,
              "duration": 11276,
              "state": "failed",
              "speed": null,
              "pass": false,
              "fail": true,
              "pending": false,
              "context": null,
              "code": "addUserPage.fillBasicUserFormAndReturnUsername();\naddUserPage.getUserNameInput().click().type('Name');\ncy.wait(5000);\ncy.contains('.oxd-text', 'Should be at least 5 characters').should('be.visible');\naddUserPage.getPasswordInput().click().type('Pass');\ncy.wait(5000);\ncy.contains('.oxd-text', 'Should have at least 7 characters').should('be.visible');",
              "err": {
                "message": "AssertionError: Timed out retrying after 4000ms: Expected to find element: `.oxd-autocomplete-dropdown`, but never found it.",
                "estack": "AssertionError: Timed out retrying after 4000ms: Expected to find element: `.oxd-autocomplete-dropdown`, but never found it.\n    at __webpack_modules__../cypress/support/pageObjects/AddUserPage.ts.AddUserPage.fillBasicUserFormAndReturnUsername (webpack://new-cypress-framework/./cypress/support/pageObjects/AddUserPage.ts:65:7)\n    at Context.eval (webpack://new-cypress-framework/./cypress/e2e/UserCRUD.cy.ts:67:16)",
                "diff": null
              },
              "uuid": "69a7ffea-f1a3-45b5-8cf2-bf0602aa5b4c",
              "parentUUID": "76d732b6-61d7-449b-9935-8d158ffa7193",
              "isHook": false,
              "skipped": false
            },
            {
              "title": "should validate required inputs",
              "fullTitle": "Add New User should validate required inputs",
              "timedOut": null,
              "duration": 6929,
              "state": "passed",
              "speed": "medium",
              "pass": true,
              "fail": false,
              "pending": false,
              "context": null,
              "code": "addUserPage.getSaveButton().click();\ncy.contains('.oxd-label', 'User Role')\n    .parents('.oxd-input-group')\n    .contains('.oxd-text', 'Required').should('be.visible');\ncy.contains('.oxd-label', 'Employee Name')\n    .parents('.oxd-input-group')\n    .contains('.oxd-text', 'Required').should('be.visible');\ncy.contains('.oxd-label', 'Status')\n    .parents('.oxd-input-group')\n    .contains('.oxd-text', 'Required').should('be.visible');\ncy.contains('.oxd-label', 'Username')\n    .parents('.oxd-input-group')\n    .contains('.oxd-text', 'Required').should('be.visible');\ncy.contains('.oxd-label', 'Password')\n    .parents('.oxd-input-group')\n    .contains('.oxd-text', 'Required').should('be.visible');",
              "err": {},
              "uuid": "ca265be9-098f-4584-825c-8af9a0bce0da",
              "parentUUID": "76d732b6-61d7-449b-9935-8d158ffa7193",
              "isHook": false,
              "skipped": false
            },
            {
              "title": "should delete the user",
              "fullTitle": "Add New User should delete the user",
              "timedOut": null,
              "duration": 10720,
              "state": "failed",
              "speed": null,
              "pass": false,
              "fail": true,
              "pending": false,
              "context": null,
              "code": "addUserPage.fillBasicUserFormAndReturnUsername().then(function (generatedUsername) {\n    addUserPage.getPasswordInput().click().type('TestUserPassword#2');\n    addUserPage.getConfirmPasswordInput().click().type('TestUserPassword#2');\n    addUserPage.getSaveButton().click();\n    cy.url({ timeout: 5000 }).should('include', '/admin/viewSystemUsers');\n    addUserPage.getUserNameInput().click().type(generatedUsername);\n    sharedElements.getSearchButton().click();\n    cy.get('.oxd-icon.bi-trash').click();\n    cy.contains('.oxd-button--label-danger', 'Yes, Delete').click();\n});",
              "err": {
                "message": "AssertionError: Timed out retrying after 4000ms: Expected to find element: `.oxd-autocomplete-dropdown`, but never found it.",
                "estack": "AssertionError: Timed out retrying after 4000ms: Expected to find element: `.oxd-autocomplete-dropdown`, but never found it.\n    at __webpack_modules__../cypress/support/pageObjects/AddUserPage.ts.AddUserPage.fillBasicUserFormAndReturnUsername (webpack://new-cypress-framework/./cypress/support/pageObjects/AddUserPage.ts:65:7)\n    at Context.eval (webpack://new-cypress-framework/./cypress/e2e/UserCRUD.cy.ts:97:16)",
                "diff": null
              },
              "uuid": "aa91e924-4791-43fd-a6f6-2ff93172eaa4",
              "parentUUID": "76d732b6-61d7-449b-9935-8d158ffa7193",
              "isHook": false,
              "skipped": false
            }
          ],
          "suites": [],
          "passes": [
            "ca265be9-098f-4584-825c-8af9a0bce0da"
          ],
          "failures": [
            "2a2ca9d7-3cdd-4a10-ace1-129047ab9c80",
            "69a7ffea-f1a3-45b5-8cf2-bf0602aa5b4c",
            "aa91e924-4791-43fd-a6f6-2ff93172eaa4"
          ],
          "pending": [],
          "skipped": [],
          "duration": 49522,
          "root": false,
          "rootEmpty": false,
          "_timeout": 2000
        }
      ],
      "passes": [],
      "failures": [],
      "pending": [],
      "skipped": [],
      "duration": 0,
      "root": true,
      "rootEmpty": true,
      "_timeout": 2000
    }
  ],
  "meta": {
    "mocha": {
      "version": "7.2.0"
    },
    "mochawesome": {
      "options": {
        "quiet": false,
        "reportFilename": "mochawesome",
        "saveHtml": false,
        "saveJson": true,
        "consoleReporter": "spec",
        "useInlineDiffs": false,
        "code": true
      },
      "version": "7.1.3"
    },
    "marge": {
      "options": {
        "reportDir": "cypress/results/mochawesome",
        "overwrite": false,
        "html": false,
        "json": true,
        "timestamp": "mmddyyyy_HHMMss"
      },
      "version": "6.2.0"
    }
  }
}