{
  "stats": {
    "suites": 1,
    "tests": 3,
    "passes": 3,
    "pending": 0,
    "failures": 0,
    "start": "2025-05-26T22:53:59.838Z",
    "end": "2025-05-26T22:54:07.500Z",
    "duration": 7662,
    "testsRegistered": 3,
    "passPercent": 100,
    "pendingPercent": 0,
    "other": 0,
    "hasOther": false,
    "skipped": 0,
    "hasSkipped": false
  },
  "results": [
    {
      "uuid": "4e877004-37c7-480f-b28b-ea1259692570",
      "title": "",
      "fullFile": "cypress\\e2e\\login.cy.ts",
      "file": "cypress\\e2e\\login.cy.ts",
      "beforeHooks": [],
      "afterHooks": [],
      "tests": [],
      "suites": [
        {
          "uuid": "64db51db-c7b1-4143-b889-1c2a8f1112a8",
          "title": "OrangeHRM Login Page Tests",
          "fullFile": "",
          "file": "",
          "beforeHooks": [],
          "afterHooks": [],
          "tests": [
            {
              "title": "should allow a user to log in with valid credentials using custom command",
              "fullTitle": "OrangeHRM Login Page Tests should allow a user to log in with valid credentials using custom command",
              "timedOut": null,
              "duration": 4353,
              "state": "passed",
              "speed": "fast",
              "pass": true,
              "fail": false,
              "pending": false,
              "context": null,
              "code": "// Load the 'validUser' data from users.json fixture\ncy.fixture('users').then(function (users) {\n    // Use the data from the fixture\n    cy.createLogin(users.validUser.username, users.validUser.password);\n});\ncy.url().should('include', '/dashboard');\ncy.contains('Dashboard').should('be.visible');",
              "err": {},
              "uuid": "2abd6240-e589-442b-bec2-54c7622fef6f",
              "parentUUID": "64db51db-c7b1-4143-b889-1c2a8f1112a8",
              "isHook": false,
              "skipped": false
            },
            {
              "title": "should display an error for invalid credentials using Page Object",
              "fullTitle": "OrangeHRM Login Page Tests should display an error for invalid credentials using Page Object",
              "timedOut": null,
              "duration": 2226,
              "state": "passed",
              "speed": "fast",
              "pass": true,
              "fail": false,
              "pending": false,
              "context": null,
              "code": "// Load the 'invalidUser' data from users.json fixture\ncy.fixture('users').then(function (users) {\n    // Use the data from the fixture with LoginPage's login method\n    LoginPage_1.default.login(users.invalidUser.username, users.invalidUser.password);\n});\nLoginPage_1.default.getInvalidCredentialsErrorMessage().should('be.visible').and('contain.text', 'Invalid credentials');",
              "err": {},
              "uuid": "00e11ec9-b0a3-4fcc-8ba1-7372f15303dc",
              "parentUUID": "64db51db-c7b1-4143-b889-1c2a8f1112a8",
              "isHook": false,
              "skipped": false
            },
            {
              "title": "should display required error messages for empty fields",
              "fullTitle": "OrangeHRM Login Page Tests should display required error messages for empty fields",
              "timedOut": null,
              "duration": 882,
              "state": "passed",
              "speed": "fast",
              "pass": true,
              "fail": false,
              "pending": false,
              "context": null,
              "code": "// This test doesn't use user data, so it remains unchanged\nLoginPage_1.default.getLoginButton().click();\nLoginPage_1.default.getRequiredErrorMessage('username').should('be.visible');\nLoginPage_1.default.getRequiredErrorMessage('password').should('be.visible');",
              "err": {},
              "uuid": "fcb53864-7476-4533-8c9f-03d5150e5811",
              "parentUUID": "64db51db-c7b1-4143-b889-1c2a8f1112a8",
              "isHook": false,
              "skipped": false
            }
          ],
          "suites": [],
          "passes": [
            "2abd6240-e589-442b-bec2-54c7622fef6f",
            "00e11ec9-b0a3-4fcc-8ba1-7372f15303dc",
            "fcb53864-7476-4533-8c9f-03d5150e5811"
          ],
          "failures": [],
          "pending": [],
          "skipped": [],
          "duration": 7461,
          "root": false,
          "rootEmpty": false,
          "_timeout": 2000
        }
      ],
      "passes": [],
      "failures": [],
      "pending": [],
      "skipped": [],
      "duration": 0,
      "root": true,
      "rootEmpty": true,
      "_timeout": 2000
    }
  ],
  "meta": {
    "mocha": {
      "version": "7.2.0"
    },
    "mochawesome": {
      "options": {
        "quiet": false,
        "reportFilename": "mochawesome",
        "saveHtml": false,
        "saveJson": true,
        "consoleReporter": "spec",
        "useInlineDiffs": false,
        "code": true
      },
      "version": "7.1.3"
    },
    "marge": {
      "options": {
        "reportDir": "cypress/results/mochawesome",
        "overwrite": false,
        "html": false,
        "json": true,
        "timestamp": "mmddyyyy_HHMMss"
      },
      "version": "6.2.0"
    }
  }
}