{
  "stats": {
    "suites": 1,
    "tests": 4,
    "passes": 4,
    "pending": 0,
    "failures": 0,
    "start": "2025-06-10T21:05:03.051Z",
    "end": "2025-06-10T21:07:01.635Z",
    "duration": 118584,
    "testsRegistered": 4,
    "passPercent": 100,
    "pendingPercent": 0,
    "other": 0,
    "hasOther": false,
    "skipped": 0,
    "hasSkipped": false
  },
  "results": [
    {
      "uuid": "cbde9207-aaf5-444a-807e-23427fd6a9e8",
      "title": "",
      "fullFile": "cypress\\e2e\\UserCRUD.cy.ts",
      "file": "cypress\\e2e\\UserCRUD.cy.ts",
      "beforeHooks": [],
      "afterHooks": [],
      "tests": [],
      "suites": [
        {
          "uuid": "2e64270d-3099-406f-9fcd-b7ba39cdf0da",
          "title": "User CRUD Test Suite",
          "fullFile": "",
          "file": "",
          "beforeHooks": [],
          "afterHooks": [],
          "tests": [
            {
              "title": "should add new user",
              "fullTitle": "User CRUD Test Suite should add new user",
              "timedOut": null,
              "duration": 41215,
              "state": "passed",
              "speed": "slow",
              "pass": true,
              "fail": false,
              "pending": false,
              "context": null,
              "code": "addUserPage.fillBasicUserForm();\nsharedElements.getSuccessfullySavedToastMessage().should('be.visible');",
              "err": {},
              "uuid": "cd3d44b4-1b28-4fcc-bd3c-2ae64ee1bebf",
              "parentUUID": "2e64270d-3099-406f-9fcd-b7ba39cdf0da",
              "isHook": false,
              "skipped": false
            },
            {
              "title": "should validate Username and Password for wrong number of characters",
              "fullTitle": "User CRUD Test Suite should validate Username and Password for wrong number of characters",
              "timedOut": null,
              "duration": 23267,
              "state": "passed",
              "speed": "slow",
              "pass": true,
              "fail": false,
              "pending": false,
              "context": null,
              "code": "//addUserPage.fillBasicUserForm();\naddUserPage.getUserRoleSelectDropdown().click();\ncy.contains('ESS').click();\naddUserPage.getStatusSelectDropdown().click();\ncy.contains('Enabled').click();\naddUserPage.getEmployeeNameAutocomplete().type(\"a\");\ncy.wait(5000);\ncy.get('.oxd-autocomplete-dropdown').should('be.visible').first().click();\naddUserPage.getUserNameInput().click().type('Name');\n//cy.wait(5000);\ncy.contains('.oxd-text', 'Should be at least 5 characters').should('be.visible');\naddUserPage.getPasswordInput().click().type('Pass');\n//cy.wait(5000);\ncy.contains('.oxd-text', 'Should have at least 7 characters').should('be.visible');\n//cy.wait(5000);\naddUserPage.getConfirmPasswordInput().click().type('Pass');\ncy.contains('.oxd-text', 'Should have at least 7 characters').should('be.visible');",
              "err": {},
              "uuid": "9781f1cc-1b75-4125-a684-d12551eb1630",
              "parentUUID": "2e64270d-3099-406f-9fcd-b7ba39cdf0da",
              "isHook": false,
              "skipped": false
            },
            {
              "title": "should validate required inputs",
              "fullTitle": "User CRUD Test Suite should validate required inputs",
              "timedOut": null,
              "duration": 14801,
              "state": "passed",
              "speed": "slow",
              "pass": true,
              "fail": false,
              "pending": false,
              "context": null,
              "code": "addUserPage.getSaveButton().click();\ncy.contains('.oxd-label', 'User Role')\n    .parents('.oxd-input-group')\n    .contains('.oxd-text', 'Required').should('be.visible');\ncy.contains('.oxd-label', 'Employee Name')\n    .parents('.oxd-input-group')\n    .contains('.oxd-text', 'Required').should('be.visible');\ncy.contains('.oxd-label', 'Status')\n    .parents('.oxd-input-group')\n    .contains('.oxd-text', 'Required').should('be.visible');\ncy.contains('.oxd-label', 'Username')\n    .parents('.oxd-input-group')\n    .contains('.oxd-text', 'Required').should('be.visible');\ncy.contains('.oxd-label', 'Password')\n    .parents('.oxd-input-group')\n    .contains('.oxd-text', 'Required').should('be.visible');",
              "err": {},
              "uuid": "d00ee73d-0225-4480-90ef-508e8ea4e109",
              "parentUUID": "2e64270d-3099-406f-9fcd-b7ba39cdf0da",
              "isHook": false,
              "skipped": false
            },
            {
              "title": "should delete the user",
              "fullTitle": "User CRUD Test Suite should delete the user",
              "timedOut": null,
              "duration": 37565,
              "state": "passed",
              "speed": "slow",
              "pass": true,
              "fail": false,
              "pending": false,
              "context": null,
              "code": "addUserPage.fillBasicUserForm()\n    .then(({ user }) => {\n    sharedElements.getSuccessfullySavedToastMessage().should('be.visible');\n    cy.url({ timeout: 5000 }).should('include', '/admin/viewSystemUsers');\n    addUserPage.getUserNameInput().click({ timeout: 5000 }).type(user);\n    sharedElements.getSearchButton().click();\n    cy.get('.oxd-icon.bi-trash').click({ timeout: 5000 });\n    cy.contains('.oxd-button--label-danger', 'Yes, Delete').click({ timeout: 5000 });\n    sharedElements.getSuccessfullyDeletedToastMessage().should('be.visible');\n    sharedElements.getNoRecordsFoundToastMessage().should('be.visible');\n});",
              "err": {},
              "uuid": "7bc2c1f0-88df-488e-afed-ed0f1c8fe07f",
              "parentUUID": "2e64270d-3099-406f-9fcd-b7ba39cdf0da",
              "isHook": false,
              "skipped": false
            }
          ],
          "suites": [],
          "passes": [
            "cd3d44b4-1b28-4fcc-bd3c-2ae64ee1bebf",
            "9781f1cc-1b75-4125-a684-d12551eb1630",
            "d00ee73d-0225-4480-90ef-508e8ea4e109",
            "7bc2c1f0-88df-488e-afed-ed0f1c8fe07f"
          ],
          "failures": [],
          "pending": [],
          "skipped": [],
          "duration": 116848,
          "root": false,
          "rootEmpty": false,
          "_timeout": 2000
        }
      ],
      "passes": [],
      "failures": [],
      "pending": [],
      "skipped": [],
      "duration": 0,
      "root": true,
      "rootEmpty": true,
      "_timeout": 2000
    }
  ],
  "meta": {
    "mocha": {
      "version": "7.2.0"
    },
    "mochawesome": {
      "options": {
        "quiet": false,
        "reportFilename": "mochawesome",
        "saveHtml": false,
        "saveJson": true,
        "consoleReporter": "spec",
        "useInlineDiffs": false,
        "code": true
      },
      "version": "7.1.3"
    },
    "marge": {
      "options": {
        "reportDir": "cypress/results/mochawesome",
        "overwrite": false,
        "html": false,
        "json": true,
        "timestamp": "mmddyyyy_HHMMss"
      },
      "version": "6.2.0"
    }
  }
}