{
  "stats": {
    "suites": 1,
    "tests": 4,
    "passes": 4,
    "pending": 0,
    "failures": 0,
    "start": "2025-06-10T19:32:13.776Z",
    "end": "2025-06-10T19:33:49.221Z",
    "duration": 95445,
    "testsRegistered": 4,
    "passPercent": 100,
    "pendingPercent": 0,
    "other": 0,
    "hasOther": false,
    "skipped": 0,
    "hasSkipped": false
  },
  "results": [
    {
      "uuid": "347db799-ef95-4280-b5c5-ec7e79b0b690",
      "title": "",
      "fullFile": "cypress\\e2e\\EmployeeCRUD.cy.ts",
      "file": "cypress\\e2e\\EmployeeCRUD.cy.ts",
      "beforeHooks": [],
      "afterHooks": [],
      "tests": [],
      "suites": [
        {
          "uuid": "b2a12460-9465-4a49-af67-81fdbeb73f84",
          "title": "Add,assign User,edit,delete Employee",
          "fullFile": "",
          "file": "",
          "beforeHooks": [],
          "afterHooks": [],
          "tests": [
            {
              "title": "should fill out the Add Employee form and save it",
              "fullTitle": "Add,assign User,edit,delete Employee should fill out the Add Employee form and save it",
              "timedOut": null,
              "duration": 25894,
              "state": "passed",
              "speed": "slow",
              "pass": true,
              "fail": false,
              "pending": false,
              "context": null,
              "code": "pimEmployeeListPage.fillBasicEmployeeForm();\nsharedElements.getSaveButton().click();\nsharedElements.getSuccessfullySavedToastMessage().should('be.visible');\ncy.url().should('match', /\\/pim\\/viewPersonalDetails\\/empNumber\\/\\d+$/);\npimEmployeePersonalDetailsPage.getPersonalDetailsPageTitle().should('be.visible');",
              "err": {},
              "uuid": "6089f79b-5a52-40fb-b469-b05d4e161d9d",
              "parentUUID": "b2a12460-9465-4a49-af67-81fdbeb73f84",
              "isHook": false,
              "skipped": false
            },
            {
              "title": "should create the login details toEmployee",
              "fullTitle": "Add,assign User,edit,delete Employee should create the login details toEmployee",
              "timedOut": null,
              "duration": 19507,
              "state": "passed",
              "speed": "slow",
              "pass": true,
              "fail": false,
              "pending": false,
              "context": null,
              "code": "const randomUsername = `TestUser#${(0, dataGenerator_1.generateRandomString)(5)}`;\nconst randomPassword = `TestPassword${(0, dataGenerator_1.generateRandomString)(5)}`;\npimEmployeeListPage.fillBasicEmployeeForm();\npimEmployeeListPage.getCreateLoginDetailsToggleButton().should('be.visible').click();\naddUserPage.getUserNameInput().type(randomUsername);\naddUserPage.getUserNameInput().should('have.value', randomUsername);\naddUserPage.getPasswordInput().type(randomPassword);\naddUserPage.getConfirmPasswordInput().type(randomPassword);\naddUserPage.getUserNameInput().should('have.value', randomUsername);\nsharedElements.getSaveButton().click();\nsharedElements.getSuccessfullySavedToastMessage().should('be.visible');",
              "err": {},
              "uuid": "3d919a36-ccea-4db5-bc45-3ee1a0d3f366",
              "parentUUID": "b2a12460-9465-4a49-af67-81fdbeb73f84",
              "isHook": false,
              "skipped": false
            },
            {
              "title": "should edit Employee personal details",
              "fullTitle": "Add,assign User,edit,delete Employee should edit Employee personal details",
              "timedOut": null,
              "duration": 23845,
              "state": "passed",
              "speed": "slow",
              "pass": true,
              "fail": false,
              "pending": false,
              "context": null,
              "code": "//1. add new Employee\npimEmployeeListPage.fillBasicEmployeeForm()\n    .then(({ employeeId, firstName, lastName, middleName }) => {\n    sharedElements.getSaveButton().click();\n    sharedElements.getSuccessfullySavedToastMessage().should('be.visible');\n    //2. after Employee successfully created, you'll be navigated to the Personal Details Page        cy.url().should('match', /\\/pim\\/viewPersonalDetails\\/empNumber\\/\\d+$/);\n    pimEmployeePersonalDetailsPage.getPersonalDetailsPageTitle().should('be.visible');\n    //3. assert that Employee's first, middle, last name and ID are successfully poopulated \n    pimEmployeeListPage.getEmployeeFirtsName().should('have.value', firstName);\n    pimEmployeeListPage.getEmployeeLastName().should('have.value', lastName);\n    pimEmployeeListPage.getEmployeeMiddleName().should('have.value', middleName);\n    //4. change Employee's Marital Status to \"Other\"\n    pimEmployeePersonalDetailsPage.getMaritalStatus().click();\n    cy.contains(\"Other\").click();\n    //5. Save the update\n    sharedElements.getSaveButton().click();\n    //6. Assert the update toast message\n    sharedElements.getSuccessfullyUpdatedToastMessage().should('be.visible');\n});",
              "err": {},
              "uuid": "e6ffb96d-8c42-4ab0-adc5-450bcc37efb8",
              "parentUUID": "b2a12460-9465-4a49-af67-81fdbeb73f84",
              "isHook": false,
              "skipped": false
            },
            {
              "title": "should delete the Employee from the list",
              "fullTitle": "Add,assign User,edit,delete Employee should delete the Employee from the list",
              "timedOut": null,
              "duration": 24846,
              "state": "passed",
              "speed": "slow",
              "pass": true,
              "fail": false,
              "pending": false,
              "context": null,
              "code": "pimEmployeeListPage.fillBasicEmployeeForm().then(({ employeeId }) => {\n    sharedElements.getSaveButton().click();\n    sharedElements.getSuccessfullySavedToastMessage().should('be.visible');\n    cy.contains('Employee List').click();\n    cy.url().should('include', '/pim/viewEmployeeList');\n    pimEmployeeListPage.getEmployeeId().type(employeeId);\n    sharedElements.getSearchButton().click();\n    pimEmployeeListPage.getSelectCheckbox().click();\n    sharedElements.getDeleteSelectedButton().click();\n    sharedElements.getYesDeleteButton().click();\n    sharedElements.getSuccessfullyDeletedToastMessage().should('be.visible');\n    sharedElements.getNoRecordsFoundToastMessage().should('be.visible');\n});",
              "err": {},
              "uuid": "64adfe67-49b1-4cf5-a4fa-b8fd1761605a",
              "parentUUID": "b2a12460-9465-4a49-af67-81fdbeb73f84",
              "isHook": false,
              "skipped": false
            }
          ],
          "suites": [],
          "passes": [
            "6089f79b-5a52-40fb-b469-b05d4e161d9d",
            "3d919a36-ccea-4db5-bc45-3ee1a0d3f366",
            "e6ffb96d-8c42-4ab0-adc5-450bcc37efb8",
            "64adfe67-49b1-4cf5-a4fa-b8fd1761605a"
          ],
          "failures": [],
          "pending": [],
          "skipped": [],
          "duration": 94092,
          "root": false,
          "rootEmpty": false,
          "_timeout": 2000
        }
      ],
      "passes": [],
      "failures": [],
      "pending": [],
      "skipped": [],
      "duration": 0,
      "root": true,
      "rootEmpty": true,
      "_timeout": 2000
    }
  ],
  "meta": {
    "mocha": {
      "version": "7.2.0"
    },
    "mochawesome": {
      "options": {
        "quiet": false,
        "reportFilename": "mochawesome",
        "saveHtml": false,
        "saveJson": true,
        "consoleReporter": "spec",
        "useInlineDiffs": false,
        "code": true
      },
      "version": "7.1.3"
    },
    "marge": {
      "options": {
        "reportDir": "cypress/results/mochawesome",
        "overwrite": false,
        "html": false,
        "json": true,
        "timestamp": "mmddyyyy_HHMMss"
      },
      "version": "6.2.0"
    }
  }
}