{
  "stats": {
    "suites": 1,
    "tests": 20,
    "passes": 20,
    "pending": 0,
    "failures": 0,
    "start": "2025-05-26T22:56:36.337Z",
    "end": "2025-05-26T22:57:57.118Z",
    "duration": 80781,
    "testsRegistered": 20,
    "passPercent": 100,
    "pendingPercent": 0,
    "other": 0,
    "hasOther": false,
    "skipped": 0,
    "hasSkipped": false
  },
  "results": [
    {
      "uuid": "b5285150-63e5-4492-a5b3-90b89a4441ed",
      "title": "",
      "fullFile": "cypress\\e2e\\dashboard.cy.ts",
      "file": "cypress\\e2e\\dashboard.cy.ts",
      "beforeHooks": [],
      "afterHooks": [],
      "tests": [],
      "suites": [
        {
          "uuid": "271f4b0d-1e84-429b-ac9b-d9ea4d6f86f6",
          "title": "Dashboard Page Content Check",
          "fullFile": "",
          "file": "",
          "beforeHooks": [],
          "afterHooks": [],
          "tests": [
            {
              "title": "should verify the presence of the \"Time at Work\" widget",
              "fullTitle": "Dashboard Page Content Check should verify the presence of the \"Time at Work\" widget",
              "timedOut": null,
              "duration": 4768,
              "state": "passed",
              "speed": "fast",
              "pass": true,
              "fail": false,
              "pending": false,
              "context": null,
              "code": "cy.contains('p.oxd-text.oxd-text--p[data-v-7b563373]', 'Time at Work').should('be.visible');",
              "err": {},
              "uuid": "b56e5000-88af-42f0-86b2-382684f22d27",
              "parentUUID": "271f4b0d-1e84-429b-ac9b-d9ea4d6f86f6",
              "isHook": false,
              "skipped": false
            },
            {
              "title": "should verify the presence of the \"My Actions\" widget",
              "fullTitle": "Dashboard Page Content Check should verify the presence of the \"My Actions\" widget",
              "timedOut": null,
              "duration": 2821,
              "state": "passed",
              "speed": "fast",
              "pass": true,
              "fail": false,
              "pending": false,
              "context": null,
              "code": "cy.contains('p.oxd-text.oxd-text--p[data-v-7b563373]', 'My Actions').should('be.visible');",
              "err": {},
              "uuid": "ab3c9e93-e6e8-454e-bf7f-970b201c0d96",
              "parentUUID": "271f4b0d-1e84-429b-ac9b-d9ea4d6f86f6",
              "isHook": false,
              "skipped": false
            },
            {
              "title": "should verify the presence of the \"Quick Launch\" widget",
              "fullTitle": "Dashboard Page Content Check should verify the presence of the \"Quick Launch\" widget",
              "timedOut": null,
              "duration": 3094,
              "state": "passed",
              "speed": "fast",
              "pass": true,
              "fail": false,
              "pending": false,
              "context": null,
              "code": "cy.contains('p.oxd-text.oxd-text--p[data-v-7b563373]', 'Quick Launch').should('be.visible');",
              "err": {},
              "uuid": "97ce523f-8954-4db2-8096-9d6e94ec0192",
              "parentUUID": "271f4b0d-1e84-429b-ac9b-d9ea4d6f86f6",
              "isHook": false,
              "skipped": false
            },
            {
              "title": "should verify the presence of the \"Buzz Latest Posts\" widget",
              "fullTitle": "Dashboard Page Content Check should verify the presence of the \"Buzz Latest Posts\" widget",
              "timedOut": null,
              "duration": 4028,
              "state": "passed",
              "speed": "fast",
              "pass": true,
              "fail": false,
              "pending": false,
              "context": null,
              "code": "cy.contains('p.oxd-text.oxd-text--p[data-v-7b563373]', 'Buzz Latest Posts').should('be.visible');",
              "err": {},
              "uuid": "ceeef4e2-4309-4b89-b63b-c9faa2512dbc",
              "parentUUID": "271f4b0d-1e84-429b-ac9b-d9ea4d6f86f6",
              "isHook": false,
              "skipped": false
            },
            {
              "title": "should verify the presence of the \"Employees on Leave Today\" widget",
              "fullTitle": "Dashboard Page Content Check should verify the presence of the \"Employees on Leave Today\" widget",
              "timedOut": null,
              "duration": 3147,
              "state": "passed",
              "speed": "fast",
              "pass": true,
              "fail": false,
              "pending": false,
              "context": null,
              "code": "cy.contains('p.oxd-text.oxd-text--p[data-v-7b563373]', 'Employees on Leave Today').should('be.visible');",
              "err": {},
              "uuid": "504bfbab-fdf5-4cc7-a45b-ed2368af5ab8",
              "parentUUID": "271f4b0d-1e84-429b-ac9b-d9ea4d6f86f6",
              "isHook": false,
              "skipped": false
            },
            {
              "title": "should verify the presence of the \"Employee Distribution by Sub Unit\" widget",
              "fullTitle": "Dashboard Page Content Check should verify the presence of the \"Employee Distribution by Sub Unit\" widget",
              "timedOut": null,
              "duration": 3076,
              "state": "passed",
              "speed": "fast",
              "pass": true,
              "fail": false,
              "pending": false,
              "context": null,
              "code": "cy.contains('p.oxd-text.oxd-text--p[data-v-7b563373]', 'Employee Distribution by Sub Unit').should('be.visible');",
              "err": {},
              "uuid": "9775b27e-96e8-49f9-b6f9-4b2351142992",
              "parentUUID": "271f4b0d-1e84-429b-ac9b-d9ea4d6f86f6",
              "isHook": false,
              "skipped": false
            },
            {
              "title": "should verify the presence of the sidebar",
              "fullTitle": "Dashboard Page Content Check should verify the presence of the sidebar",
              "timedOut": null,
              "duration": 2952,
              "state": "passed",
              "speed": "fast",
              "pass": true,
              "fail": false,
              "pending": false,
              "context": null,
              "code": "cy.get('aside[data-v-5b6b3cf3]').should('be.visible');",
              "err": {},
              "uuid": "7431ae8a-2e2d-43e9-b583-eff6b06301f2",
              "parentUUID": "271f4b0d-1e84-429b-ac9b-d9ea4d6f86f6",
              "isHook": false,
              "skipped": false
            },
            {
              "title": "should verify the presence of the Search bar on the sidepanel",
              "fullTitle": "Dashboard Page Content Check should verify the presence of the Search bar on the sidepanel",
              "timedOut": null,
              "duration": 3396,
              "state": "passed",
              "speed": "fast",
              "pass": true,
              "fail": false,
              "pending": false,
              "context": null,
              "code": "cy.get('input[data-v-1f99f73c]').should('be.visible');",
              "err": {},
              "uuid": "becf9e4e-42aa-4521-b8af-47068e9ca80d",
              "parentUUID": "271f4b0d-1e84-429b-ac9b-d9ea4d6f86f6",
              "isHook": false,
              "skipped": false
            },
            {
              "title": "should verify the presence of the Admin tab on the sidepanel",
              "fullTitle": "Dashboard Page Content Check should verify the presence of the Admin tab on the sidepanel",
              "timedOut": null,
              "duration": 3185,
              "state": "passed",
              "speed": "fast",
              "pass": true,
              "fail": false,
              "pending": false,
              "context": null,
              "code": "cy.contains('span[data-v-7b563373]', 'Admin').should('be.visible');",
              "err": {},
              "uuid": "a97375f1-2822-4dd1-9fb3-13e47602d279",
              "parentUUID": "271f4b0d-1e84-429b-ac9b-d9ea4d6f86f6",
              "isHook": false,
              "skipped": false
            },
            {
              "title": "should verify the presence of the PIM tab on the sidepanel",
              "fullTitle": "Dashboard Page Content Check should verify the presence of the PIM tab on the sidepanel",
              "timedOut": null,
              "duration": 3668,
              "state": "passed",
              "speed": "fast",
              "pass": true,
              "fail": false,
              "pending": false,
              "context": null,
              "code": "cy.contains('span[data-v-7b563373]', 'PIM').should('be.visible');",
              "err": {},
              "uuid": "7230bc8a-9bf5-4676-8715-dd3548ea2397",
              "parentUUID": "271f4b0d-1e84-429b-ac9b-d9ea4d6f86f6",
              "isHook": false,
              "skipped": false
            },
            {
              "title": "should verify the presence of the Leave tab on the sidepanel",
              "fullTitle": "Dashboard Page Content Check should verify the presence of the Leave tab on the sidepanel",
              "timedOut": null,
              "duration": 4867,
              "state": "passed",
              "speed": "fast",
              "pass": true,
              "fail": false,
              "pending": false,
              "context": null,
              "code": "cy.contains('span[data-v-7b563373]', 'Leave').should('be.visible');",
              "err": {},
              "uuid": "e2911a2e-4cc3-45eb-8129-732f721fa5a8",
              "parentUUID": "271f4b0d-1e84-429b-ac9b-d9ea4d6f86f6",
              "isHook": false,
              "skipped": false
            },
            {
              "title": "should verify the presence of the Time tab on the sidepanel",
              "fullTitle": "Dashboard Page Content Check should verify the presence of the Time tab on the sidepanel",
              "timedOut": null,
              "duration": 3396,
              "state": "passed",
              "speed": "fast",
              "pass": true,
              "fail": false,
              "pending": false,
              "context": null,
              "code": "cy.contains('span[data-v-7b563373]', 'Time').should('be.visible');",
              "err": {},
              "uuid": "bc75026b-02ba-49a1-8fba-d780fb870d48",
              "parentUUID": "271f4b0d-1e84-429b-ac9b-d9ea4d6f86f6",
              "isHook": false,
              "skipped": false
            },
            {
              "title": "should verify the presence of the Recruitment tab on the sidepanel",
              "fullTitle": "Dashboard Page Content Check should verify the presence of the Recruitment tab on the sidepanel",
              "timedOut": null,
              "duration": 7850,
              "state": "passed",
              "speed": "medium",
              "pass": true,
              "fail": false,
              "pending": false,
              "context": null,
              "code": "cy.contains('span[data-v-7b563373]', 'Recruitment').should('be.visible');",
              "err": {},
              "uuid": "9578566f-e15e-4afc-a0f7-b1dd8ab11f7a",
              "parentUUID": "271f4b0d-1e84-429b-ac9b-d9ea4d6f86f6",
              "isHook": false,
              "skipped": false
            },
            {
              "title": "should verify the presence of the My Info tab on the sidepanel",
              "fullTitle": "Dashboard Page Content Check should verify the presence of the My Info tab on the sidepanel",
              "timedOut": null,
              "duration": 8860,
              "state": "passed",
              "speed": "medium",
              "pass": true,
              "fail": false,
              "pending": false,
              "context": null,
              "code": "cy.contains('span[data-v-7b563373]', 'My Info').should('be.visible');",
              "err": {},
              "uuid": "acb0b578-6384-4b51-a8a1-ec858d2c36db",
              "parentUUID": "271f4b0d-1e84-429b-ac9b-d9ea4d6f86f6",
              "isHook": false,
              "skipped": false
            },
            {
              "title": "should verify the presence of the Performance tab on the sidepanel",
              "fullTitle": "Dashboard Page Content Check should verify the presence of the Performance tab on the sidepanel",
              "timedOut": null,
              "duration": 3364,
              "state": "passed",
              "speed": "fast",
              "pass": true,
              "fail": false,
              "pending": false,
              "context": null,
              "code": "cy.contains('span[data-v-7b563373]', 'Performance').should('be.visible');",
              "err": {},
              "uuid": "9f5be0d4-b3cf-4036-a1da-b9d420245e59",
              "parentUUID": "271f4b0d-1e84-429b-ac9b-d9ea4d6f86f6",
              "isHook": false,
              "skipped": false
            },
            {
              "title": "should verify the presence of the Dashboard tab on the sidepanel",
              "fullTitle": "Dashboard Page Content Check should verify the presence of the Dashboard tab on the sidepanel",
              "timedOut": null,
              "duration": 3197,
              "state": "passed",
              "speed": "fast",
              "pass": true,
              "fail": false,
              "pending": false,
              "context": null,
              "code": "cy.contains('span[data-v-7b563373]', 'Dashboard').should('be.visible');",
              "err": {},
              "uuid": "e3b41ce9-45cf-4dfc-ab5e-b2064b341e9b",
              "parentUUID": "271f4b0d-1e84-429b-ac9b-d9ea4d6f86f6",
              "isHook": false,
              "skipped": false
            },
            {
              "title": "should verify the presence of the Directory tab on the sidepanel",
              "fullTitle": "Dashboard Page Content Check should verify the presence of the Directory tab on the sidepanel",
              "timedOut": null,
              "duration": 3530,
              "state": "passed",
              "speed": "fast",
              "pass": true,
              "fail": false,
              "pending": false,
              "context": null,
              "code": "cy.contains('span[data-v-7b563373]', 'Directory').should('be.visible');",
              "err": {},
              "uuid": "32a74b92-9770-43e1-bd2b-d5fde6e8fb3b",
              "parentUUID": "271f4b0d-1e84-429b-ac9b-d9ea4d6f86f6",
              "isHook": false,
              "skipped": false
            },
            {
              "title": "should verify the presence of the Maintenance tab on the sidepanel",
              "fullTitle": "Dashboard Page Content Check should verify the presence of the Maintenance tab on the sidepanel",
              "timedOut": null,
              "duration": 3106,
              "state": "passed",
              "speed": "fast",
              "pass": true,
              "fail": false,
              "pending": false,
              "context": null,
              "code": "cy.contains('span[data-v-7b563373]', 'Maintenance').should('be.visible');",
              "err": {},
              "uuid": "a6def4a5-8c73-4678-8399-bbd8c7239e21",
              "parentUUID": "271f4b0d-1e84-429b-ac9b-d9ea4d6f86f6",
              "isHook": false,
              "skipped": false
            },
            {
              "title": "should verify the presence of the Claim tab on the sidepanel",
              "fullTitle": "Dashboard Page Content Check should verify the presence of the Claim tab on the sidepanel",
              "timedOut": null,
              "duration": 2801,
              "state": "passed",
              "speed": "fast",
              "pass": true,
              "fail": false,
              "pending": false,
              "context": null,
              "code": "cy.contains('span[data-v-7b563373]', 'Claim').should('be.visible');",
              "err": {},
              "uuid": "56966258-4000-407e-a393-a76ab4f6646f",
              "parentUUID": "271f4b0d-1e84-429b-ac9b-d9ea4d6f86f6",
              "isHook": false,
              "skipped": false
            },
            {
              "title": "should verify the presence of the Buzz tab on the sidepanel",
              "fullTitle": "Dashboard Page Content Check should verify the presence of the Buzz tab on the sidepanel",
              "timedOut": null,
              "duration": 3140,
              "state": "passed",
              "speed": "fast",
              "pass": true,
              "fail": false,
              "pending": false,
              "context": null,
              "code": "cy.contains('span[data-v-7b563373]', 'Buzz').should('be.visible');",
              "err": {},
              "uuid": "10b7f1f5-2024-419e-824d-c55b7b297540",
              "parentUUID": "271f4b0d-1e84-429b-ac9b-d9ea4d6f86f6",
              "isHook": false,
              "skipped": false
            }
          ],
          "suites": [],
          "passes": [
            "b56e5000-88af-42f0-86b2-382684f22d27",
            "ab3c9e93-e6e8-454e-bf7f-970b201c0d96",
            "97ce523f-8954-4db2-8096-9d6e94ec0192",
            "ceeef4e2-4309-4b89-b63b-c9faa2512dbc",
            "504bfbab-fdf5-4cc7-a45b-ed2368af5ab8",
            "9775b27e-96e8-49f9-b6f9-4b2351142992",
            "7431ae8a-2e2d-43e9-b583-eff6b06301f2",
            "becf9e4e-42aa-4521-b8af-47068e9ca80d",
            "a97375f1-2822-4dd1-9fb3-13e47602d279",
            "7230bc8a-9bf5-4676-8715-dd3548ea2397",
            "e2911a2e-4cc3-45eb-8129-732f721fa5a8",
            "bc75026b-02ba-49a1-8fba-d780fb870d48",
            "9578566f-e15e-4afc-a0f7-b1dd8ab11f7a",
            "acb0b578-6384-4b51-a8a1-ec858d2c36db",
            "9f5be0d4-b3cf-4036-a1da-b9d420245e59",
            "e3b41ce9-45cf-4dfc-ab5e-b2064b341e9b",
            "32a74b92-9770-43e1-bd2b-d5fde6e8fb3b",
            "a6def4a5-8c73-4678-8399-bbd8c7239e21",
            "56966258-4000-407e-a393-a76ab4f6646f",
            "10b7f1f5-2024-419e-824d-c55b7b297540"
          ],
          "failures": [],
          "pending": [],
          "skipped": [],
          "duration": 78246,
          "root": false,
          "rootEmpty": false,
          "_timeout": 2000
        }
      ],
      "passes": [],
      "failures": [],
      "pending": [],
      "skipped": [],
      "duration": 0,
      "root": true,
      "rootEmpty": true,
      "_timeout": 2000
    }
  ],
  "meta": {
    "mocha": {
      "version": "7.2.0"
    },
    "mochawesome": {
      "options": {
        "quiet": false,
        "reportFilename": "mochawesome",
        "saveHtml": false,
        "saveJson": true,
        "consoleReporter": "spec",
        "useInlineDiffs": false,
        "code": true
      },
      "version": "7.1.3"
    },
    "marge": {
      "options": {
        "reportDir": "cypress/results/mochawesome",
        "overwrite": false,
        "html": false,
        "json": true,
        "timestamp": "mmddyyyy_HHMMss"
      },
      "version": "6.2.0"
    }
  }
}