{
  "stats": {
    "suites": 1,
    "tests": 20,
    "passes": 20,
    "pending": 0,
    "failures": 0,
    "start": "2025-05-26T19:44:54.146Z",
    "end": "2025-05-26T19:46:08.448Z",
    "duration": 74302,
    "testsRegistered": 20,
    "passPercent": 100,
    "pendingPercent": 0,
    "other": 0,
    "hasOther": false,
    "skipped": 0,
    "hasSkipped": false
  },
  "results": [
    {
      "uuid": "4fee3eff-e2ae-45e4-ac6f-5254d106c203",
      "title": "",
      "fullFile": "cypress\\e2e\\dashboard.cy.ts",
      "file": "cypress\\e2e\\dashboard.cy.ts",
      "beforeHooks": [],
      "afterHooks": [],
      "tests": [],
      "suites": [
        {
          "uuid": "3810f91c-f548-487c-a7dc-3641fb8be6d6",
          "title": "Dashboard Page Content Check",
          "fullFile": "",
          "file": "",
          "beforeHooks": [],
          "afterHooks": [],
          "tests": [
            {
              "title": "should verify the presence of the \"Time at Work\" widget",
              "fullTitle": "Dashboard Page Content Check should verify the presence of the \"Time at Work\" widget",
              "timedOut": null,
              "duration": 8630,
              "state": "passed",
              "speed": "medium",
              "pass": true,
              "fail": false,
              "pending": false,
              "context": null,
              "code": "cy.contains('p.oxd-text.oxd-text--p[data-v-7b563373]', 'Time at Work').should('be.visible');",
              "err": {},
              "uuid": "14a150b8-49d6-494f-8495-9a02b789d946",
              "parentUUID": "3810f91c-f548-487c-a7dc-3641fb8be6d6",
              "isHook": false,
              "skipped": false
            },
            {
              "title": "should verify the presence of the \"My Actions\" widget",
              "fullTitle": "Dashboard Page Content Check should verify the presence of the \"My Actions\" widget",
              "timedOut": null,
              "duration": 4393,
              "state": "passed",
              "speed": "fast",
              "pass": true,
              "fail": false,
              "pending": false,
              "context": null,
              "code": "cy.contains('p.oxd-text.oxd-text--p[data-v-7b563373]', 'My Actions').should('be.visible');",
              "err": {},
              "uuid": "9b744c48-b538-4921-ad5f-8ea638ee1427",
              "parentUUID": "3810f91c-f548-487c-a7dc-3641fb8be6d6",
              "isHook": false,
              "skipped": false
            },
            {
              "title": "should verify the presence of the \"Quick Launch\" widget",
              "fullTitle": "Dashboard Page Content Check should verify the presence of the \"Quick Launch\" widget",
              "timedOut": null,
              "duration": 4629,
              "state": "passed",
              "speed": "fast",
              "pass": true,
              "fail": false,
              "pending": false,
              "context": null,
              "code": "cy.contains('p.oxd-text.oxd-text--p[data-v-7b563373]', 'Quick Launch').should('be.visible');",
              "err": {},
              "uuid": "1a5bc373-f706-41a5-b4ec-ccaa0dcf58cb",
              "parentUUID": "3810f91c-f548-487c-a7dc-3641fb8be6d6",
              "isHook": false,
              "skipped": false
            },
            {
              "title": "should verify the presence of the \"Buzz Latest Posts\" widget",
              "fullTitle": "Dashboard Page Content Check should verify the presence of the \"Buzz Latest Posts\" widget",
              "timedOut": null,
              "duration": 3787,
              "state": "passed",
              "speed": "fast",
              "pass": true,
              "fail": false,
              "pending": false,
              "context": null,
              "code": "cy.contains('p.oxd-text.oxd-text--p[data-v-7b563373]', 'Buzz Latest Posts').should('be.visible');",
              "err": {},
              "uuid": "e2f08956-91e9-4aae-a447-1dbd2e4c1ef9",
              "parentUUID": "3810f91c-f548-487c-a7dc-3641fb8be6d6",
              "isHook": false,
              "skipped": false
            },
            {
              "title": "should verify the presence of the \"Employees on Leave Today\" widget",
              "fullTitle": "Dashboard Page Content Check should verify the presence of the \"Employees on Leave Today\" widget",
              "timedOut": null,
              "duration": 5164,
              "state": "passed",
              "speed": "medium",
              "pass": true,
              "fail": false,
              "pending": false,
              "context": null,
              "code": "cy.contains('p.oxd-text.oxd-text--p[data-v-7b563373]', 'Employees on Leave Today').should('be.visible');",
              "err": {},
              "uuid": "8f7f1d4e-8082-4778-a503-996468210a21",
              "parentUUID": "3810f91c-f548-487c-a7dc-3641fb8be6d6",
              "isHook": false,
              "skipped": false
            },
            {
              "title": "should verify the presence of the \"Employee Distribution by Sub Unit\" widget",
              "fullTitle": "Dashboard Page Content Check should verify the presence of the \"Employee Distribution by Sub Unit\" widget",
              "timedOut": null,
              "duration": 5835,
              "state": "passed",
              "speed": "medium",
              "pass": true,
              "fail": false,
              "pending": false,
              "context": null,
              "code": "cy.contains('p.oxd-text.oxd-text--p[data-v-7b563373]', 'Employee Distribution by Sub Unit').should('be.visible');",
              "err": {},
              "uuid": "d47a48c1-9650-49d0-bab6-71602e678b70",
              "parentUUID": "3810f91c-f548-487c-a7dc-3641fb8be6d6",
              "isHook": false,
              "skipped": false
            },
            {
              "title": "should verify the presence of the sidebar",
              "fullTitle": "Dashboard Page Content Check should verify the presence of the sidebar",
              "timedOut": null,
              "duration": 3075,
              "state": "passed",
              "speed": "fast",
              "pass": true,
              "fail": false,
              "pending": false,
              "context": null,
              "code": "cy.get('aside[data-v-5b6b3cf3]').should('be.visible');",
              "err": {},
              "uuid": "c336c76a-5346-4a09-a0c5-47021d6c9622",
              "parentUUID": "3810f91c-f548-487c-a7dc-3641fb8be6d6",
              "isHook": false,
              "skipped": false
            },
            {
              "title": "should verify the presence of the Search bar on the sidepanel",
              "fullTitle": "Dashboard Page Content Check should verify the presence of the Search bar on the sidepanel",
              "timedOut": null,
              "duration": 2990,
              "state": "passed",
              "speed": "fast",
              "pass": true,
              "fail": false,
              "pending": false,
              "context": null,
              "code": "cy.get('input[data-v-1f99f73c]').should('be.visible');",
              "err": {},
              "uuid": "af7a9fcd-3e9b-46a4-bb21-d8fb8c02ffbd",
              "parentUUID": "3810f91c-f548-487c-a7dc-3641fb8be6d6",
              "isHook": false,
              "skipped": false
            },
            {
              "title": "should verify the presence of the Admin tab on the sidepanel",
              "fullTitle": "Dashboard Page Content Check should verify the presence of the Admin tab on the sidepanel",
              "timedOut": null,
              "duration": 2946,
              "state": "passed",
              "speed": "fast",
              "pass": true,
              "fail": false,
              "pending": false,
              "context": null,
              "code": "cy.contains('span[data-v-7b563373]', 'Admin').should('be.visible');",
              "err": {},
              "uuid": "4154a693-e82f-4704-afbb-6b4734c68ab3",
              "parentUUID": "3810f91c-f548-487c-a7dc-3641fb8be6d6",
              "isHook": false,
              "skipped": false
            },
            {
              "title": "should verify the presence of the PIM tab on the sidepanel",
              "fullTitle": "Dashboard Page Content Check should verify the presence of the PIM tab on the sidepanel",
              "timedOut": null,
              "duration": 2735,
              "state": "passed",
              "speed": "fast",
              "pass": true,
              "fail": false,
              "pending": false,
              "context": null,
              "code": "cy.contains('span[data-v-7b563373]', 'PIM').should('be.visible');",
              "err": {},
              "uuid": "694b5644-c76a-4b8e-8e2c-81bb9fa2055a",
              "parentUUID": "3810f91c-f548-487c-a7dc-3641fb8be6d6",
              "isHook": false,
              "skipped": false
            },
            {
              "title": "should verify the presence of the Leave tab on the sidepanel",
              "fullTitle": "Dashboard Page Content Check should verify the presence of the Leave tab on the sidepanel",
              "timedOut": null,
              "duration": 2792,
              "state": "passed",
              "speed": "fast",
              "pass": true,
              "fail": false,
              "pending": false,
              "context": null,
              "code": "cy.contains('span[data-v-7b563373]', 'Leave').should('be.visible');",
              "err": {},
              "uuid": "732fbb3e-bbbc-4374-abb5-d78093e1a673",
              "parentUUID": "3810f91c-f548-487c-a7dc-3641fb8be6d6",
              "isHook": false,
              "skipped": false
            },
            {
              "title": "should verify the presence of the Time tab on the sidepanel",
              "fullTitle": "Dashboard Page Content Check should verify the presence of the Time tab on the sidepanel",
              "timedOut": null,
              "duration": 2678,
              "state": "passed",
              "speed": "fast",
              "pass": true,
              "fail": false,
              "pending": false,
              "context": null,
              "code": "cy.contains('span[data-v-7b563373]', 'Time').should('be.visible');",
              "err": {},
              "uuid": "7e3f387a-7819-4ca9-b999-912c6163d853",
              "parentUUID": "3810f91c-f548-487c-a7dc-3641fb8be6d6",
              "isHook": false,
              "skipped": false
            },
            {
              "title": "should verify the presence of the Recruitment tab on the sidepanel",
              "fullTitle": "Dashboard Page Content Check should verify the presence of the Recruitment tab on the sidepanel",
              "timedOut": null,
              "duration": 2813,
              "state": "passed",
              "speed": "fast",
              "pass": true,
              "fail": false,
              "pending": false,
              "context": null,
              "code": "cy.contains('span[data-v-7b563373]', 'Recruitment').should('be.visible');",
              "err": {},
              "uuid": "db64a02a-6963-415b-bde5-542c6ebeb45e",
              "parentUUID": "3810f91c-f548-487c-a7dc-3641fb8be6d6",
              "isHook": false,
              "skipped": false
            },
            {
              "title": "should verify the presence of the My Info tab on the sidepanel",
              "fullTitle": "Dashboard Page Content Check should verify the presence of the My Info tab on the sidepanel",
              "timedOut": null,
              "duration": 2768,
              "state": "passed",
              "speed": "fast",
              "pass": true,
              "fail": false,
              "pending": false,
              "context": null,
              "code": "cy.contains('span[data-v-7b563373]', 'My Info').should('be.visible');",
              "err": {},
              "uuid": "9b79db79-05e9-49c2-bc1f-5849094be7e5",
              "parentUUID": "3810f91c-f548-487c-a7dc-3641fb8be6d6",
              "isHook": false,
              "skipped": false
            },
            {
              "title": "should verify the presence of the Performance tab on the sidepanel",
              "fullTitle": "Dashboard Page Content Check should verify the presence of the Performance tab on the sidepanel",
              "timedOut": null,
              "duration": 2830,
              "state": "passed",
              "speed": "fast",
              "pass": true,
              "fail": false,
              "pending": false,
              "context": null,
              "code": "cy.contains('span[data-v-7b563373]', 'Performance').should('be.visible');",
              "err": {},
              "uuid": "339708c6-7811-41de-a467-1cccba75f466",
              "parentUUID": "3810f91c-f548-487c-a7dc-3641fb8be6d6",
              "isHook": false,
              "skipped": false
            },
            {
              "title": "should verify the presence of the Dashboard tab on the sidepanel",
              "fullTitle": "Dashboard Page Content Check should verify the presence of the Dashboard tab on the sidepanel",
              "timedOut": null,
              "duration": 2782,
              "state": "passed",
              "speed": "fast",
              "pass": true,
              "fail": false,
              "pending": false,
              "context": null,
              "code": "cy.contains('span[data-v-7b563373]', 'Dashboard').should('be.visible');",
              "err": {},
              "uuid": "14be58ce-366e-45ac-b87f-e365a6f11865",
              "parentUUID": "3810f91c-f548-487c-a7dc-3641fb8be6d6",
              "isHook": false,
              "skipped": false
            },
            {
              "title": "should verify the presence of the Directory tab on the sidepanel",
              "fullTitle": "Dashboard Page Content Check should verify the presence of the Directory tab on the sidepanel",
              "timedOut": null,
              "duration": 2903,
              "state": "passed",
              "speed": "fast",
              "pass": true,
              "fail": false,
              "pending": false,
              "context": null,
              "code": "cy.contains('span[data-v-7b563373]', 'Directory').should('be.visible');",
              "err": {},
              "uuid": "57a2c1fb-995e-43e1-ae80-f21799ceab3f",
              "parentUUID": "3810f91c-f548-487c-a7dc-3641fb8be6d6",
              "isHook": false,
              "skipped": false
            },
            {
              "title": "should verify the presence of the Maintenance tab on the sidepanel",
              "fullTitle": "Dashboard Page Content Check should verify the presence of the Maintenance tab on the sidepanel",
              "timedOut": null,
              "duration": 2855,
              "state": "passed",
              "speed": "fast",
              "pass": true,
              "fail": false,
              "pending": false,
              "context": null,
              "code": "cy.contains('span[data-v-7b563373]', 'Maintenance').should('be.visible');",
              "err": {},
              "uuid": "785638d0-dc8b-4a56-bbb0-0b4aa0b0080e",
              "parentUUID": "3810f91c-f548-487c-a7dc-3641fb8be6d6",
              "isHook": false,
              "skipped": false
            },
            {
              "title": "should verify the presence of the Claim tab on the sidepanel",
              "fullTitle": "Dashboard Page Content Check should verify the presence of the Claim tab on the sidepanel",
              "timedOut": null,
              "duration": 2493,
              "state": "passed",
              "speed": "fast",
              "pass": true,
              "fail": false,
              "pending": false,
              "context": null,
              "code": "cy.contains('span[data-v-7b563373]', 'Claim').should('be.visible');",
              "err": {},
              "uuid": "1ec5cdcf-a542-4ab0-a714-2962f344bb87",
              "parentUUID": "3810f91c-f548-487c-a7dc-3641fb8be6d6",
              "isHook": false,
              "skipped": false
            },
            {
              "title": "should verify the presence of the Buzz tab on the sidepanel",
              "fullTitle": "Dashboard Page Content Check should verify the presence of the Buzz tab on the sidepanel",
              "timedOut": null,
              "duration": 2742,
              "state": "passed",
              "speed": "fast",
              "pass": true,
              "fail": false,
              "pending": false,
              "context": null,
              "code": "cy.contains('span[data-v-7b563373]', 'Buzz').should('be.visible');",
              "err": {},
              "uuid": "849286d9-92be-4407-92a5-8a9037970d85",
              "parentUUID": "3810f91c-f548-487c-a7dc-3641fb8be6d6",
              "isHook": false,
              "skipped": false
            }
          ],
          "suites": [],
          "passes": [
            "14a150b8-49d6-494f-8495-9a02b789d946",
            "9b744c48-b538-4921-ad5f-8ea638ee1427",
            "1a5bc373-f706-41a5-b4ec-ccaa0dcf58cb",
            "e2f08956-91e9-4aae-a447-1dbd2e4c1ef9",
            "8f7f1d4e-8082-4778-a503-996468210a21",
            "d47a48c1-9650-49d0-bab6-71602e678b70",
            "c336c76a-5346-4a09-a0c5-47021d6c9622",
            "af7a9fcd-3e9b-46a4-bb21-d8fb8c02ffbd",
            "4154a693-e82f-4704-afbb-6b4734c68ab3",
            "694b5644-c76a-4b8e-8e2c-81bb9fa2055a",
            "732fbb3e-bbbc-4374-abb5-d78093e1a673",
            "7e3f387a-7819-4ca9-b999-912c6163d853",
            "db64a02a-6963-415b-bde5-542c6ebeb45e",
            "9b79db79-05e9-49c2-bc1f-5849094be7e5",
            "339708c6-7811-41de-a467-1cccba75f466",
            "14be58ce-366e-45ac-b87f-e365a6f11865",
            "57a2c1fb-995e-43e1-ae80-f21799ceab3f",
            "785638d0-dc8b-4a56-bbb0-0b4aa0b0080e",
            "1ec5cdcf-a542-4ab0-a714-2962f344bb87",
            "849286d9-92be-4407-92a5-8a9037970d85"
          ],
          "failures": [],
          "pending": [],
          "skipped": [],
          "duration": 71840,
          "root": false,
          "rootEmpty": false,
          "_timeout": 2000
        }
      ],
      "passes": [],
      "failures": [],
      "pending": [],
      "skipped": [],
      "duration": 0,
      "root": true,
      "rootEmpty": true,
      "_timeout": 2000
    }
  ],
  "meta": {
    "mocha": {
      "version": "7.2.0"
    },
    "mochawesome": {
      "options": {
        "quiet": false,
        "reportFilename": "mochawesome",
        "saveHtml": false,
        "saveJson": true,
        "consoleReporter": "spec",
        "useInlineDiffs": false,
        "code": true
      },
      "version": "7.1.3"
    },
    "marge": {
      "options": {
        "reportDir": "cypress/results/mochawesome",
        "overwrite": false,
        "html": false,
        "json": true,
        "timestamp": "mmddyyyy_HHMMss"
      },
      "version": "6.2.0"
    }
  }
}