{
  "stats": {
    "suites": 1,
    "tests": 2,
    "passes": 2,
    "pending": 0,
    "failures": 0,
    "start": "2025-06-10T01:49:31.021Z",
    "end": "2025-06-10T01:50:29.632Z",
    "duration": 58611,
    "testsRegistered": 2,
    "passPercent": 100,
    "pendingPercent": 0,
    "other": 0,
    "hasOther": false,
    "skipped": 0,
    "hasSkipped": false
  },
  "results": [
    {
      "uuid": "15064024-98a1-4a2d-8ac8-5cfb4aae8f8a",
      "title": "",
      "fullFile": "cypress\\e2e\\EmployeeContactDetailsValidations.cy.ts",
      "file": "cypress\\e2e\\EmployeeContactDetailsValidations.cy.ts",
      "beforeHooks": [],
      "afterHooks": [],
      "tests": [],
      "suites": [
        {
          "uuid": "9ccdf9b1-0450-4d76-a266-c6adbc06af3b",
          "title": "Validate Employee contact details inputs",
          "fullFile": "",
          "file": "",
          "beforeHooks": [],
          "afterHooks": [],
          "tests": [
            {
              "title": "should fill out valid contact details",
              "fullTitle": "Validate Employee contact details inputs should fill out valid contact details",
              "timedOut": null,
              "duration": 29082,
              "state": "passed",
              "speed": "slow",
              "pass": true,
              "fail": false,
              "pending": false,
              "context": null,
              "code": "pimEmployeeListPage.fillBasicEmployeeForm();\nsharedElements.getSaveButton().click();\nsharedElements.getSuccessfullySavedToastMessage().should('be.visible');\ncy.url().should('match', /empNumber\\/\\d+$/);\npimEmployeePersonalDetailsPage.getPersonalDetailsPageTitle().should('be.visible');\ncy.get('.orangehrm-tabs-wrapper').should('be.visible');\npimEmployeePersonalDetailsPage.getContactDetailsTab().click();\npimEmployeeContactDetailsPage.fillContactDetailsForm();\nsharedElements.getSaveButton().click();\nsharedElements.getSuccessfullyUpdatedToastMessage().should('be.visible');",
              "err": {},
              "uuid": "f2f3908d-7f18-48e0-9a84-80fe5ba4aec1",
              "parentUUID": "9ccdf9b1-0450-4d76-a266-c6adbc06af3b",
              "isHook": false,
              "skipped": false
            },
            {
              "title": "should validate inputs",
              "fullTitle": "Validate Employee contact details inputs should validate inputs",
              "timedOut": null,
              "duration": 29108,
              "state": "passed",
              "speed": "slow",
              "pass": true,
              "fail": false,
              "pending": false,
              "context": null,
              "code": "pimEmployeeListPage.fillBasicEmployeeForm();\nsharedElements.getSaveButton().click();\nsharedElements.getSuccessfullySavedToastMessage().should('be.visible');\ncy.url().should('match', /empNumber\\/\\d+$/);\npimEmployeePersonalDetailsPage.getPersonalDetailsPageTitle().should('be.visible');\ncy.get('.orangehrm-tabs-wrapper').should('be.visible');\npimEmployeePersonalDetailsPage.getContactDetailsTab().click();\n//velidations and assertions\npimEmployeeContactDetailsPage.getStreet1InputBox()\n    .click().type((0, dataGenerator_1.generateRandomString)(71));\nsharedElements.getCharsExceedValidationMessage().should('be.visible');\npimEmployeeContactDetailsPage.getStreet2InputBox()\n    .click().type((0, dataGenerator_1.generateRandomString)(71));\nsharedElements.getCharsExceedValidationMessage().should('be.visible');\npimEmployeeContactDetailsPage.getStateProvinceInputBox()\n    .click().type((0, dataGenerator_1.generateRandomString)(71));\nsharedElements.getCharsExceedValidationMessage().should('be.visible');\npimEmployeeContactDetailsPage.getZipPostalCodeInputBox()\n    .click().type((0, dataGenerator_1.generateRandomString)(71));\nsharedElements.getCharsExceedValidationMessage().should('be.visible');\npimEmployeeContactDetailsPage.getHomePhoneInputBox()\n    .click().type((0, dataGenerator_1.generateRandomInvalidPhoneNumber)());\nsharedElements.getPhoneNumberValidationMessage().should('be.visible');\npimEmployeeContactDetailsPage.getMobilePhoneInputBox()\n    .click().type((0, dataGenerator_1.generateRandomInvalidPhoneNumber)());\nsharedElements.getPhoneNumberValidationMessage().should('be.visible');\npimEmployeeContactDetailsPage.getWorkPhoneInputBox()\n    .click().type((0, dataGenerator_1.generateRandomInvalidPhoneNumber)());\nsharedElements.getPhoneNumberValidationMessage().should('be.visible');\npimEmployeeContactDetailsPage.getWorkEmailInputBox()\n    .click().type((0, dataGenerator_1.generateRandomString)(10));\nsharedElements.getEmailValidationMessage().should('be.visible');\npimEmployeeContactDetailsPage.getOtherEmailInputBox()\n    .click().type((0, dataGenerator_1.generateRandomString)(10));\nsharedElements.getEmailValidationMessage().should('be.visible');",
              "err": {},
              "uuid": "9b8dfcbb-6e4a-4fdf-bdd2-2e0684889b72",
              "parentUUID": "9ccdf9b1-0450-4d76-a266-c6adbc06af3b",
              "isHook": false,
              "skipped": false
            }
          ],
          "suites": [],
          "passes": [
            "f2f3908d-7f18-48e0-9a84-80fe5ba4aec1",
            "9b8dfcbb-6e4a-4fdf-bdd2-2e0684889b72"
          ],
          "failures": [],
          "pending": [],
          "skipped": [],
          "duration": 58190,
          "root": false,
          "rootEmpty": false,
          "_timeout": 2000
        }
      ],
      "passes": [],
      "failures": [],
      "pending": [],
      "skipped": [],
      "duration": 0,
      "root": true,
      "rootEmpty": true,
      "_timeout": 2000
    }
  ],
  "meta": {
    "mocha": {
      "version": "7.2.0"
    },
    "mochawesome": {
      "options": {
        "quiet": false,
        "reportFilename": "mochawesome",
        "saveHtml": false,
        "saveJson": true,
        "consoleReporter": "spec",
        "useInlineDiffs": false,
        "code": true
      },
      "version": "7.1.3"
    },
    "marge": {
      "options": {
        "reportDir": "cypress/results/mochawesome",
        "overwrite": false,
        "html": false,
        "json": true,
        "timestamp": "mmddyyyy_HHMMss"
      },
      "version": "6.2.0"
    }
  }
}