{
  "stats": {
    "suites": 1,
    "tests": 2,
    "passes": 2,
    "pending": 0,
    "failures": 0,
    "start": "2025-06-11T22:02:42.268Z",
    "end": "2025-06-11T22:03:47.140Z",
    "duration": 64872,
    "testsRegistered": 2,
    "passPercent": 100,
    "pendingPercent": 0,
    "other": 0,
    "hasOther": false,
    "skipped": 0,
    "hasSkipped": false
  },
  "results": [
    {
      "uuid": "4878add0-d34b-4b4d-a269-d474a2a17aac",
      "title": "",
      "fullFile": "cypress\\e2e\\EmployeeContactDetailsValidations.cy.ts",
      "file": "cypress\\e2e\\EmployeeContactDetailsValidations.cy.ts",
      "beforeHooks": [],
      "afterHooks": [],
      "tests": [],
      "suites": [
        {
          "uuid": "68103544-dd06-4c60-b788-44c9990eda18",
          "title": "Validate Employee contact details inputs",
          "fullFile": "",
          "file": "",
          "beforeHooks": [],
          "afterHooks": [],
          "tests": [
            {
              "title": "should fill out valid contact details",
              "fullTitle": "Validate Employee contact details inputs should fill out valid contact details",
              "timedOut": null,
              "duration": 36383,
              "state": "passed",
              "speed": "slow",
              "pass": true,
              "fail": false,
              "pending": false,
              "context": null,
              "code": "pimEmployeeListPage.fillBasicEmployeeForm();\nsharedElements.getSaveButton().click();\nsharedElements.getSuccessfullySavedToastMessage().should('be.visible');\ncy.url().should('match', /empNumber\\/\\d+$/);\npimEmployeePersonalDetailsPage.getPersonalDetailsPageTitle().should('be.visible');\ncy.get('.orangehrm-tabs-wrapper').should('be.visible');\npimEmployeePersonalDetailsPage.getContactDetailsTab().click();\npimEmployeeContactDetailsPage.fillContactDetailsForm();\nsharedElements.getSaveButton().click();\nsharedElements.getSuccessfullyUpdatedToastMessage().should('be.visible');",
              "err": {},
              "uuid": "5e466f12-a4f9-48e4-917c-9e8276c4c545",
              "parentUUID": "68103544-dd06-4c60-b788-44c9990eda18",
              "isHook": false,
              "skipped": false
            },
            {
              "title": "should validate inputs",
              "fullTitle": "Validate Employee contact details inputs should validate inputs",
              "timedOut": null,
              "duration": 27843,
              "state": "passed",
              "speed": "slow",
              "pass": true,
              "fail": false,
              "pending": false,
              "context": null,
              "code": "pimEmployeeListPage.fillBasicEmployeeForm();\nsharedElements.getSaveButton().click();\nsharedElements.getSuccessfullySavedToastMessage().should('be.visible');\ncy.url().should('match', /empNumber\\/\\d+$/);\npimEmployeePersonalDetailsPage.getPersonalDetailsPageTitle().should('be.visible');\ncy.get('.orangehrm-tabs-wrapper').should('be.visible');\npimEmployeePersonalDetailsPage.getContactDetailsTab().click();\n//velidations and assertions\npimEmployeeContactDetailsPage.getStreet1InputBox()\n    .click().type((0, dataGenerator_1.generateRandomString)(71));\nsharedElements.getCharsExceedValidationMessage().should('be.visible');\npimEmployeeContactDetailsPage.getStreet2InputBox()\n    .click().type((0, dataGenerator_1.generateRandomString)(71));\nsharedElements.getCharsExceedValidationMessage().should('be.visible');\npimEmployeeContactDetailsPage.getStateProvinceInputBox()\n    .click().type((0, dataGenerator_1.generateRandomString)(71));\nsharedElements.getCharsExceedValidationMessage().should('be.visible');\npimEmployeeContactDetailsPage.getZipPostalCodeInputBox()\n    .click().type((0, dataGenerator_1.generateRandomString)(71));\nsharedElements.getCharsExceedValidationMessage().should('be.visible');\npimEmployeeContactDetailsPage.getHomePhoneInputBox()\n    .click().type((0, dataGenerator_1.generateRandomInvalidPhoneNumber)());\nsharedElements.getPhoneNumberValidationMessage().should('be.visible');\npimEmployeeContactDetailsPage.getMobilePhoneInputBox()\n    .click().type((0, dataGenerator_1.generateRandomInvalidPhoneNumber)());\nsharedElements.getPhoneNumberValidationMessage().should('be.visible');\npimEmployeeContactDetailsPage.getWorkPhoneInputBox()\n    .click().type((0, dataGenerator_1.generateRandomInvalidPhoneNumber)());\nsharedElements.getPhoneNumberValidationMessage().should('be.visible');\npimEmployeeContactDetailsPage.getWorkEmailInputBox()\n    .click().type((0, dataGenerator_1.generateRandomString)(10));\nsharedElements.getEmailValidationMessage().should('be.visible');\npimEmployeeContactDetailsPage.getOtherEmailInputBox()\n    .click().type((0, dataGenerator_1.generateRandomString)(10));\nsharedElements.getEmailValidationMessage().should('be.visible');",
              "err": {},
              "uuid": "462fb3b1-eba0-4077-83ac-7f8796d41e6a",
              "parentUUID": "68103544-dd06-4c60-b788-44c9990eda18",
              "isHook": false,
              "skipped": false
            }
          ],
          "suites": [],
          "passes": [
            "5e466f12-a4f9-48e4-917c-9e8276c4c545",
            "462fb3b1-eba0-4077-83ac-7f8796d41e6a"
          ],
          "failures": [],
          "pending": [],
          "skipped": [],
          "duration": 64226,
          "root": false,
          "rootEmpty": false,
          "_timeout": 2000
        }
      ],
      "passes": [],
      "failures": [],
      "pending": [],
      "skipped": [],
      "duration": 0,
      "root": true,
      "rootEmpty": true,
      "_timeout": 2000
    }
  ],
  "meta": {
    "mocha": {
      "version": "7.2.0"
    },
    "mochawesome": {
      "options": {
        "quiet": false,
        "reportFilename": "mochawesome",
        "saveHtml": false,
        "saveJson": true,
        "consoleReporter": "spec",
        "useInlineDiffs": false,
        "code": true
      },
      "version": "7.1.3"
    },
    "marge": {
      "options": {
        "reportDir": "cypress/results/mochawesome",
        "overwrite": false,
        "html": false,
        "json": true,
        "timestamp": "mmddyyyy_HHMMss"
      },
      "version": "6.2.0"
    }
  }
}