{
  "stats": {
    "suites": 1,
    "tests": 4,
    "passes": 4,
    "pending": 0,
    "failures": 0,
    "start": "2025-06-10T01:48:00.957Z",
    "end": "2025-06-10T01:49:22.232Z",
    "duration": 81275,
    "testsRegistered": 4,
    "passPercent": 100,
    "pendingPercent": 0,
    "other": 0,
    "hasOther": false,
    "skipped": 0,
    "hasSkipped": false
  },
  "results": [
    {
      "uuid": "a7576e06-eea0-4753-bc4c-3f0b84df0344",
      "title": "",
      "fullFile": "cypress\\e2e\\EmployeeCRUD.cy.ts",
      "file": "cypress\\e2e\\EmployeeCRUD.cy.ts",
      "beforeHooks": [],
      "afterHooks": [],
      "tests": [],
      "suites": [
        {
          "uuid": "6fdf9f88-055b-47d9-930e-cb6282224773",
          "title": "Add,assign User,edit,delete Employee",
          "fullFile": "",
          "file": "",
          "beforeHooks": [],
          "afterHooks": [],
          "tests": [
            {
              "title": "should fill out the Add Employee form and save it",
              "fullTitle": "Add,assign User,edit,delete Employee should fill out the Add Employee form and save it",
              "timedOut": null,
              "duration": 22384,
              "state": "passed",
              "speed": "slow",
              "pass": true,
              "fail": false,
              "pending": false,
              "context": null,
              "code": "pimEmployeeListPage.fillBasicEmployeeForm();\nsharedElements.getSaveButton().click();\nsharedElements.getSuccessfullySavedToastMessage().should('be.visible');\ncy.url().should('match', /\\/pim\\/viewPersonalDetails\\/empNumber\\/\\d+$/);\npimEmployeePersonalDetailsPage.getPersonalDetailsPageTitle().should('be.visible');",
              "err": {},
              "uuid": "e53eb0c7-2f46-4c1d-aa9b-5ef24385330d",
              "parentUUID": "6fdf9f88-055b-47d9-930e-cb6282224773",
              "isHook": false,
              "skipped": false
            },
            {
              "title": "should create the login details toEmployee",
              "fullTitle": "Add,assign User,edit,delete Employee should create the login details toEmployee",
              "timedOut": null,
              "duration": 17969,
              "state": "passed",
              "speed": "slow",
              "pass": true,
              "fail": false,
              "pending": false,
              "context": null,
              "code": "var randomUsername = \"TestUser#\".concat((0, dataGenerator_1.generateRandomString)(5));\nvar randomPassword = \"TestPassword\".concat((0, dataGenerator_1.generateRandomString)(5));\npimEmployeeListPage.fillBasicEmployeeForm();\npimEmployeeListPage.getCreateLoginDetailsToggleButton().should('be.visible').click();\naddUserPage.getUserNameInput().type(randomUsername);\naddUserPage.getUserNameInput().should('have.value', randomUsername);\naddUserPage.getPasswordInput().type(randomPassword);\naddUserPage.getConfirmPasswordInput().type(randomPassword);\naddUserPage.getUserNameInput().should('have.value', randomUsername);\nsharedElements.getSaveButton().click();\nsharedElements.getSuccessfullySavedToastMessage().should('be.visible');",
              "err": {},
              "uuid": "d51a68cc-7a75-4c75-a5ab-aa661f95b915",
              "parentUUID": "6fdf9f88-055b-47d9-930e-cb6282224773",
              "isHook": false,
              "skipped": false
            },
            {
              "title": "should edit Employee personal details",
              "fullTitle": "Add,assign User,edit,delete Employee should edit Employee personal details",
              "timedOut": null,
              "duration": 19201,
              "state": "passed",
              "speed": "slow",
              "pass": true,
              "fail": false,
              "pending": false,
              "context": null,
              "code": "//1. add new Employee\npimEmployeeListPage.fillBasicEmployeeForm()\n    .then(function (_a) {\n    var employeeId = _a.employeeId, firstName = _a.firstName, lastName = _a.lastName, middleName = _a.middleName;\n    sharedElements.getSaveButton().click();\n    sharedElements.getSuccessfullySavedToastMessage().should('be.visible');\n    //2. after Employee successfully created, you'll be navigated to the Personal Details Page        cy.url().should('match', /\\/pim\\/viewPersonalDetails\\/empNumber\\/\\d+$/);\n    pimEmployeePersonalDetailsPage.getPersonalDetailsPageTitle().should('be.visible');\n    //3. assert that Employee's first, middle, last name and ID are successfully poopulated \n    pimEmployeeListPage.getEmployeeFirtsName().should('have.value', firstName);\n    pimEmployeeListPage.getEmployeeLastName().should('have.value', lastName);\n    pimEmployeeListPage.getEmployeeMiddleName().should('have.value', middleName);\n    //4. change Employee's Marital Status to \"Other\"\n    pimEmployeePersonalDetailsPage.getMaritalStatus().click();\n    cy.contains(\"Other\").click();\n    //5. Save the update\n    sharedElements.getSaveButton().click();\n    //6. Assert the update toast message\n    sharedElements.getSuccessfullyUpdatedToastMessage().should('be.visible');\n});",
              "err": {},
              "uuid": "7a665334-82e8-4682-84ff-e5a6cd3ef2c9",
              "parentUUID": "6fdf9f88-055b-47d9-930e-cb6282224773",
              "isHook": false,
              "skipped": false
            },
            {
              "title": "should delete the Employee from the list",
              "fullTitle": "Add,assign User,edit,delete Employee should delete the Employee from the list",
              "timedOut": null,
              "duration": 20935,
              "state": "passed",
              "speed": "slow",
              "pass": true,
              "fail": false,
              "pending": false,
              "context": null,
              "code": "pimEmployeeListPage.fillBasicEmployeeForm().then(function (_a) {\n    var employeeId = _a.employeeId;\n    sharedElements.getSaveButton().click();\n    sharedElements.getSuccessfullySavedToastMessage().should('be.visible');\n    cy.contains('Employee List').click();\n    cy.url().should('include', '/pim/viewEmployeeList');\n    pimEmployeeListPage.getEmployeeId().type(employeeId);\n    sharedElements.getSearchButton().click();\n    pimEmployeeListPage.getSelectCheckbox().click();\n    sharedElements.getDeleteSelectedButton().click();\n    sharedElements.getYesDeleteButton().click();\n    sharedElements.getSuccessfullyDeletedToastMessage().should('be.visible');\n    sharedElements.getNoRecordsFoundToastMessage().should('be.visible');\n});",
              "err": {},
              "uuid": "b2be26cc-53ca-4fd4-9fcc-9c6dc2de9360",
              "parentUUID": "6fdf9f88-055b-47d9-930e-cb6282224773",
              "isHook": false,
              "skipped": false
            }
          ],
          "suites": [],
          "passes": [
            "e53eb0c7-2f46-4c1d-aa9b-5ef24385330d",
            "d51a68cc-7a75-4c75-a5ab-aa661f95b915",
            "7a665334-82e8-4682-84ff-e5a6cd3ef2c9",
            "b2be26cc-53ca-4fd4-9fcc-9c6dc2de9360"
          ],
          "failures": [],
          "pending": [],
          "skipped": [],
          "duration": 80489,
          "root": false,
          "rootEmpty": false,
          "_timeout": 2000
        }
      ],
      "passes": [],
      "failures": [],
      "pending": [],
      "skipped": [],
      "duration": 0,
      "root": true,
      "rootEmpty": true,
      "_timeout": 2000
    }
  ],
  "meta": {
    "mocha": {
      "version": "7.2.0"
    },
    "mochawesome": {
      "options": {
        "quiet": false,
        "reportFilename": "mochawesome",
        "saveHtml": false,
        "saveJson": true,
        "consoleReporter": "spec",
        "useInlineDiffs": false,
        "code": true
      },
      "version": "7.1.3"
    },
    "marge": {
      "options": {
        "reportDir": "cypress/results/mochawesome",
        "overwrite": false,
        "html": false,
        "json": true,
        "timestamp": "mmddyyyy_HHMMss"
      },
      "version": "6.2.0"
    }
  }
}