{
  "stats": {
    "suites": 4,
    "tests": 13,
    "passes": 13,
    "pending": 0,
    "failures": 0,
    "testsRegistered": 13,
    "passPercent": 100,
    "pendingPercent": 0,
    "other": 0,
    "hasOther": false,
    "skipped": 0,
    "hasSkipped": false,
    "start": "2025-06-10T16:44:59.424Z",
    "end": "2025-06-10T16:48:56.827Z",
    "duration": 237403
  },
  "results": [
    {
      "uuid": "d259cb75-0f06-4b70-b1ae-137171e36712",
      "title": "",
      "fullFile": "cypress\\e2e\\EmployeeCRUD.cy.ts",
      "file": "cypress\\e2e\\EmployeeCRUD.cy.ts",
      "beforeHooks": [],
      "afterHooks": [],
      "tests": [],
      "suites": [
        {
          "uuid": "211b02e0-acba-4a08-a171-e86771bc0553",
          "title": "Add,assign User,edit,delete Employee",
          "fullFile": "",
          "file": "",
          "beforeHooks": [],
          "afterHooks": [],
          "tests": [
            {
              "title": "should fill out the Add Employee form and save it",
              "fullTitle": "Add,assign User,edit,delete Employee should fill out the Add Employee form and save it",
              "timedOut": null,
              "duration": 20170,
              "state": "passed",
              "speed": "slow",
              "pass": true,
              "fail": false,
              "pending": false,
              "context": null,
              "code": "pimEmployeeListPage.fillBasicEmployeeForm();\nsharedElements.getSaveButton().click();\nsharedElements.getSuccessfullySavedToastMessage().should('be.visible');\ncy.url().should('match', /\\/pim\\/viewPersonalDetails\\/empNumber\\/\\d+$/);\npimEmployeePersonalDetailsPage.getPersonalDetailsPageTitle().should('be.visible');",
              "err": {},
              "uuid": "1e661f49-c1d5-4712-95c3-8ce4e188c757",
              "parentUUID": "211b02e0-acba-4a08-a171-e86771bc0553",
              "isHook": false,
              "skipped": false
            },
            {
              "title": "should create the login details toEmployee",
              "fullTitle": "Add,assign User,edit,delete Employee should create the login details toEmployee",
              "timedOut": null,
              "duration": 15151,
              "state": "passed",
              "speed": "slow",
              "pass": true,
              "fail": false,
              "pending": false,
              "context": null,
              "code": "var randomUsername = \"TestUser#\".concat((0, dataGenerator_1.generateRandomString)(5));\nvar randomPassword = \"TestPassword\".concat((0, dataGenerator_1.generateRandomString)(5));\npimEmployeeListPage.fillBasicEmployeeForm();\npimEmployeeListPage.getCreateLoginDetailsToggleButton().should('be.visible').click();\naddUserPage.getUserNameInput().type(randomUsername);\naddUserPage.getUserNameInput().should('have.value', randomUsername);\naddUserPage.getPasswordInput().type(randomPassword);\naddUserPage.getConfirmPasswordInput().type(randomPassword);\naddUserPage.getUserNameInput().should('have.value', randomUsername);\nsharedElements.getSaveButton().click();\nsharedElements.getSuccessfullySavedToastMessage().should('be.visible');",
              "err": {},
              "uuid": "83884c27-071f-48e1-ac60-4471a485b833",
              "parentUUID": "211b02e0-acba-4a08-a171-e86771bc0553",
              "isHook": false,
              "skipped": false
            },
            {
              "title": "should edit Employee personal details",
              "fullTitle": "Add,assign User,edit,delete Employee should edit Employee personal details",
              "timedOut": null,
              "duration": 16157,
              "state": "passed",
              "speed": "slow",
              "pass": true,
              "fail": false,
              "pending": false,
              "context": null,
              "code": "//1. add new Employee\npimEmployeeListPage.fillBasicEmployeeForm()\n    .then(function (_a) {\n    var employeeId = _a.employeeId, firstName = _a.firstName, lastName = _a.lastName, middleName = _a.middleName;\n    sharedElements.getSaveButton().click();\n    sharedElements.getSuccessfullySavedToastMessage().should('be.visible');\n    //2. after Employee successfully created, you'll be navigated to the Personal Details Page        cy.url().should('match', /\\/pim\\/viewPersonalDetails\\/empNumber\\/\\d+$/);\n    pimEmployeePersonalDetailsPage.getPersonalDetailsPageTitle().should('be.visible');\n    //3. assert that Employee's first, middle, last name and ID are successfully poopulated \n    pimEmployeeListPage.getEmployeeFirtsName().should('have.value', firstName);\n    pimEmployeeListPage.getEmployeeLastName().should('have.value', lastName);\n    pimEmployeeListPage.getEmployeeMiddleName().should('have.value', middleName);\n    //4. change Employee's Marital Status to \"Other\"\n    pimEmployeePersonalDetailsPage.getMaritalStatus().click();\n    cy.contains(\"Other\").click();\n    //5. Save the update\n    sharedElements.getSaveButton().click();\n    //6. Assert the update toast message\n    sharedElements.getSuccessfullyUpdatedToastMessage().should('be.visible');\n});",
              "err": {},
              "uuid": "645b911d-9e76-49ea-9847-7f7a12bf2fec",
              "parentUUID": "211b02e0-acba-4a08-a171-e86771bc0553",
              "isHook": false,
              "skipped": false
            },
            {
              "title": "should delete the Employee from the list",
              "fullTitle": "Add,assign User,edit,delete Employee should delete the Employee from the list",
              "timedOut": null,
              "duration": 18364,
              "state": "passed",
              "speed": "slow",
              "pass": true,
              "fail": false,
              "pending": false,
              "context": null,
              "code": "pimEmployeeListPage.fillBasicEmployeeForm().then(function (_a) {\n    var employeeId = _a.employeeId;\n    sharedElements.getSaveButton().click();\n    sharedElements.getSuccessfullySavedToastMessage().should('be.visible');\n    cy.contains('Employee List').click();\n    cy.url().should('include', '/pim/viewEmployeeList');\n    pimEmployeeListPage.getEmployeeId().type(employeeId);\n    sharedElements.getSearchButton().click();\n    pimEmployeeListPage.getSelectCheckbox().click();\n    sharedElements.getDeleteSelectedButton().click();\n    sharedElements.getYesDeleteButton().click();\n    sharedElements.getSuccessfullyDeletedToastMessage().should('be.visible');\n    sharedElements.getNoRecordsFoundToastMessage().should('be.visible');\n});",
              "err": {},
              "uuid": "d68e07b1-67a4-4070-9361-0dc813def651",
              "parentUUID": "211b02e0-acba-4a08-a171-e86771bc0553",
              "isHook": false,
              "skipped": false
            }
          ],
          "suites": [],
          "passes": [
            "1e661f49-c1d5-4712-95c3-8ce4e188c757",
            "83884c27-071f-48e1-ac60-4471a485b833",
            "645b911d-9e76-49ea-9847-7f7a12bf2fec",
            "d68e07b1-67a4-4070-9361-0dc813def651"
          ],
          "failures": [],
          "pending": [],
          "skipped": [],
          "duration": 69842,
          "root": false,
          "rootEmpty": false,
          "_timeout": 2000
        }
      ],
      "passes": [],
      "failures": [],
      "pending": [],
      "skipped": [],
      "duration": 0,
      "root": true,
      "rootEmpty": true,
      "_timeout": 2000
    },
    {
      "uuid": "f220c3e2-a73b-4c47-8300-858d4061990c",
      "title": "",
      "fullFile": "cypress\\e2e\\EmployeeContactDetailsValidations.cy.ts",
      "file": "cypress\\e2e\\EmployeeContactDetailsValidations.cy.ts",
      "beforeHooks": [],
      "afterHooks": [],
      "tests": [],
      "suites": [
        {
          "uuid": "670fddc9-86ba-4586-984f-cced857d9984",
          "title": "Validate Employee contact details inputs",
          "fullFile": "",
          "file": "",
          "beforeHooks": [],
          "afterHooks": [],
          "tests": [
            {
              "title": "should fill out valid contact details",
              "fullTitle": "Validate Employee contact details inputs should fill out valid contact details",
              "timedOut": null,
              "duration": 30424,
              "state": "passed",
              "speed": "slow",
              "pass": true,
              "fail": false,
              "pending": false,
              "context": null,
              "code": "pimEmployeeListPage.fillBasicEmployeeForm();\nsharedElements.getSaveButton().click();\nsharedElements.getSuccessfullySavedToastMessage().should('be.visible');\ncy.url().should('match', /empNumber\\/\\d+$/);\npimEmployeePersonalDetailsPage.getPersonalDetailsPageTitle().should('be.visible');\ncy.get('.orangehrm-tabs-wrapper').should('be.visible');\npimEmployeePersonalDetailsPage.getContactDetailsTab().click();\npimEmployeeContactDetailsPage.fillContactDetailsForm();\nsharedElements.getSaveButton().click();\nsharedElements.getSuccessfullyUpdatedToastMessage().should('be.visible');",
              "err": {},
              "uuid": "32ebe6fc-4e74-4c07-a981-f9023ca0b5a1",
              "parentUUID": "670fddc9-86ba-4586-984f-cced857d9984",
              "isHook": false,
              "skipped": false
            },
            {
              "title": "should validate inputs",
              "fullTitle": "Validate Employee contact details inputs should validate inputs",
              "timedOut": null,
              "duration": 26732,
              "state": "passed",
              "speed": "slow",
              "pass": true,
              "fail": false,
              "pending": false,
              "context": null,
              "code": "pimEmployeeListPage.fillBasicEmployeeForm();\nsharedElements.getSaveButton().click();\nsharedElements.getSuccessfullySavedToastMessage().should('be.visible');\ncy.url().should('match', /empNumber\\/\\d+$/);\npimEmployeePersonalDetailsPage.getPersonalDetailsPageTitle().should('be.visible');\ncy.get('.orangehrm-tabs-wrapper').should('be.visible');\npimEmployeePersonalDetailsPage.getContactDetailsTab().click();\n//velidations and assertions\npimEmployeeContactDetailsPage.getStreet1InputBox()\n    .click().type((0, dataGenerator_1.generateRandomString)(71));\nsharedElements.getCharsExceedValidationMessage().should('be.visible');\npimEmployeeContactDetailsPage.getStreet2InputBox()\n    .click().type((0, dataGenerator_1.generateRandomString)(71));\nsharedElements.getCharsExceedValidationMessage().should('be.visible');\npimEmployeeContactDetailsPage.getStateProvinceInputBox()\n    .click().type((0, dataGenerator_1.generateRandomString)(71));\nsharedElements.getCharsExceedValidationMessage().should('be.visible');\npimEmployeeContactDetailsPage.getZipPostalCodeInputBox()\n    .click().type((0, dataGenerator_1.generateRandomString)(71));\nsharedElements.getCharsExceedValidationMessage().should('be.visible');\npimEmployeeContactDetailsPage.getHomePhoneInputBox()\n    .click().type((0, dataGenerator_1.generateRandomInvalidPhoneNumber)());\nsharedElements.getPhoneNumberValidationMessage().should('be.visible');\npimEmployeeContactDetailsPage.getMobilePhoneInputBox()\n    .click().type((0, dataGenerator_1.generateRandomInvalidPhoneNumber)());\nsharedElements.getPhoneNumberValidationMessage().should('be.visible');\npimEmployeeContactDetailsPage.getWorkPhoneInputBox()\n    .click().type((0, dataGenerator_1.generateRandomInvalidPhoneNumber)());\nsharedElements.getPhoneNumberValidationMessage().should('be.visible');\npimEmployeeContactDetailsPage.getWorkEmailInputBox()\n    .click().type((0, dataGenerator_1.generateRandomString)(10));\nsharedElements.getEmailValidationMessage().should('be.visible');\npimEmployeeContactDetailsPage.getOtherEmailInputBox()\n    .click().type((0, dataGenerator_1.generateRandomString)(10));\nsharedElements.getEmailValidationMessage().should('be.visible');",
              "err": {},
              "uuid": "109de882-e29c-43c2-b8fd-96ff14953d80",
              "parentUUID": "670fddc9-86ba-4586-984f-cced857d9984",
              "isHook": false,
              "skipped": false
            }
          ],
          "suites": [],
          "passes": [
            "32ebe6fc-4e74-4c07-a981-f9023ca0b5a1",
            "109de882-e29c-43c2-b8fd-96ff14953d80"
          ],
          "failures": [],
          "pending": [],
          "skipped": [],
          "duration": 57156,
          "root": false,
          "rootEmpty": false,
          "_timeout": 2000
        }
      ],
      "passes": [],
      "failures": [],
      "pending": [],
      "skipped": [],
      "duration": 0,
      "root": true,
      "rootEmpty": true,
      "_timeout": 2000
    },
    {
      "uuid": "1a71dc3e-626f-4092-a043-9d7e5a08b3df",
      "title": "",
      "fullFile": "cypress\\e2e\\UserCRUD.cy.ts",
      "file": "cypress\\e2e\\UserCRUD.cy.ts",
      "beforeHooks": [],
      "afterHooks": [],
      "tests": [],
      "suites": [
        {
          "uuid": "7a6be314-e0dc-4ced-a116-af22122a8c55",
          "title": "User CRUD Test Suite",
          "fullFile": "",
          "file": "",
          "beforeHooks": [],
          "afterHooks": [],
          "tests": [
            {
              "title": "should add new user",
              "fullTitle": "User CRUD Test Suite should add new user",
              "timedOut": null,
              "duration": 19553,
              "state": "passed",
              "speed": "slow",
              "pass": true,
              "fail": false,
              "pending": false,
              "context": null,
              "code": "addUserPage.fillBasicUserForm();\nsharedElements.getSuccessfullySavedToastMessage().should('be.visible');",
              "err": {},
              "uuid": "9cf26ad1-c864-4d12-a53d-d3677886dcaa",
              "parentUUID": "7a6be314-e0dc-4ced-a116-af22122a8c55",
              "isHook": false,
              "skipped": false
            },
            {
              "title": "should validate Username and Password for wrong number of characters",
              "fullTitle": "User CRUD Test Suite should validate Username and Password for wrong number of characters",
              "timedOut": null,
              "duration": 16081,
              "state": "passed",
              "speed": "slow",
              "pass": true,
              "fail": false,
              "pending": false,
              "context": null,
              "code": "//addUserPage.fillBasicUserForm();\naddUserPage.getUserRoleSelectDropdown().click();\ncy.contains('ESS').click();\naddUserPage.getStatusSelectDropdown().click();\ncy.contains('Enabled').click();\naddUserPage.getEmployeeNameAutocomplete().type(\"a\");\ncy.wait(5000);\ncy.get('.oxd-autocomplete-dropdown').should('be.visible').first().click();\naddUserPage.getUserNameInput().click().type('Name');\n//cy.wait(5000);\ncy.contains('.oxd-text', 'Should be at least 5 characters').should('be.visible');\naddUserPage.getPasswordInput().click().type('Pass');\n//cy.wait(5000);\ncy.contains('.oxd-text', 'Should have at least 7 characters').should('be.visible');\n//cy.wait(5000);\naddUserPage.getConfirmPasswordInput().click().type('Pass');\ncy.contains('.oxd-text', 'Should have at least 7 characters').should('be.visible');",
              "err": {},
              "uuid": "ca85a7af-2adf-4187-a26b-28ede202530a",
              "parentUUID": "7a6be314-e0dc-4ced-a116-af22122a8c55",
              "isHook": false,
              "skipped": false
            },
            {
              "title": "should validate required inputs",
              "fullTitle": "User CRUD Test Suite should validate required inputs",
              "timedOut": null,
              "duration": 8477,
              "state": "passed",
              "speed": "medium",
              "pass": true,
              "fail": false,
              "pending": false,
              "context": null,
              "code": "addUserPage.getSaveButton().click();\ncy.contains('.oxd-label', 'User Role')\n    .parents('.oxd-input-group')\n    .contains('.oxd-text', 'Required').should('be.visible');\ncy.contains('.oxd-label', 'Employee Name')\n    .parents('.oxd-input-group')\n    .contains('.oxd-text', 'Required').should('be.visible');\ncy.contains('.oxd-label', 'Status')\n    .parents('.oxd-input-group')\n    .contains('.oxd-text', 'Required').should('be.visible');\ncy.contains('.oxd-label', 'Username')\n    .parents('.oxd-input-group')\n    .contains('.oxd-text', 'Required').should('be.visible');\ncy.contains('.oxd-label', 'Password')\n    .parents('.oxd-input-group')\n    .contains('.oxd-text', 'Required').should('be.visible');",
              "err": {},
              "uuid": "97c9270d-72fd-4f7c-8534-6780b3495edc",
              "parentUUID": "7a6be314-e0dc-4ced-a116-af22122a8c55",
              "isHook": false,
              "skipped": false
            },
            {
              "title": "should delete the user",
              "fullTitle": "User CRUD Test Suite should delete the user",
              "timedOut": null,
              "duration": 26084,
              "state": "passed",
              "speed": "slow",
              "pass": true,
              "fail": false,
              "pending": false,
              "context": null,
              "code": "addUserPage.fillBasicUserForm()\n    .then(function (_a) {\n    var user = _a.user;\n    sharedElements.getSuccessfullySavedToastMessage().should('be.visible');\n    cy.url({ timeout: 5000 }).should('include', '/admin/viewSystemUsers');\n    addUserPage.getUserNameInput().click({ timeout: 5000 }).type(user);\n    sharedElements.getSearchButton().click();\n    cy.get('.oxd-icon.bi-trash').click({ timeout: 5000 });\n    cy.contains('.oxd-button--label-danger', 'Yes, Delete').click({ timeout: 5000 });\n    sharedElements.getSuccessfullyDeletedToastMessage().should('be.visible');\n    sharedElements.getNoRecordsFoundToastMessage().should('be.visible');\n});",
              "err": {},
              "uuid": "c72025f2-fd07-4b53-bd5b-e395a0e9a763",
              "parentUUID": "7a6be314-e0dc-4ced-a116-af22122a8c55",
              "isHook": false,
              "skipped": false
            }
          ],
          "suites": [],
          "passes": [
            "9cf26ad1-c864-4d12-a53d-d3677886dcaa",
            "ca85a7af-2adf-4187-a26b-28ede202530a",
            "97c9270d-72fd-4f7c-8534-6780b3495edc",
            "c72025f2-fd07-4b53-bd5b-e395a0e9a763"
          ],
          "failures": [],
          "pending": [],
          "skipped": [],
          "duration": 70195,
          "root": false,
          "rootEmpty": false,
          "_timeout": 2000
        }
      ],
      "passes": [],
      "failures": [],
      "pending": [],
      "skipped": [],
      "duration": 0,
      "root": true,
      "rootEmpty": true,
      "_timeout": 2000
    },
    {
      "uuid": "9a9f84fc-1cae-4db4-9b3c-43edd0f48787",
      "title": "",
      "fullFile": "cypress\\e2e\\login.cy.ts",
      "file": "cypress\\e2e\\login.cy.ts",
      "beforeHooks": [],
      "afterHooks": [],
      "tests": [],
      "suites": [
        {
          "uuid": "647e4621-5b78-4f7e-bcbe-34e787ad9eb2",
          "title": "OrangeHRM Login Page Tests",
          "fullFile": "",
          "file": "",
          "beforeHooks": [],
          "afterHooks": [],
          "tests": [
            {
              "title": "should allow a user to log in with valid credentials using custom command",
              "fullTitle": "OrangeHRM Login Page Tests should allow a user to log in with valid credentials using custom command",
              "timedOut": null,
              "duration": 7474,
              "state": "passed",
              "speed": "medium",
              "pass": true,
              "fail": false,
              "pending": false,
              "context": null,
              "code": "// Load the 'validUser' data from users.json fixture\ncy.fixture('users').then(function (users) {\n    // Use the data from the fixture\n    cy.createLogin(users.validUser.username, users.validUser.password);\n});\ncy.url().should('include', '/dashboard');\ncy.contains('Dashboard').should('be.visible');",
              "err": {},
              "uuid": "0089812a-a847-4df7-a84e-288723c3f18f",
              "parentUUID": "647e4621-5b78-4f7e-bcbe-34e787ad9eb2",
              "isHook": false,
              "skipped": false
            },
            {
              "title": "should display an error for invalid credentials using Page Object",
              "fullTitle": "OrangeHRM Login Page Tests should display an error for invalid credentials using Page Object",
              "timedOut": null,
              "duration": 2830,
              "state": "passed",
              "speed": "fast",
              "pass": true,
              "fail": false,
              "pending": false,
              "context": null,
              "code": "// Load the 'invalidUser' data from users.json fixture\ncy.fixture('users').then(function (users) {\n    // Use the data from the fixture with LoginPage's login method\n    loginPage.login(users.invalidUser.username, users.invalidUser.password);\n});\nloginPage.getInvalidCredentialsErrorMessage().should('be.visible').and('contain.text', 'Invalid credentials');",
              "err": {},
              "uuid": "b97b760e-0784-4246-a23b-4f4520754662",
              "parentUUID": "647e4621-5b78-4f7e-bcbe-34e787ad9eb2",
              "isHook": false,
              "skipped": false
            },
            {
              "title": "should display required error messages for empty fields",
              "fullTitle": "OrangeHRM Login Page Tests should display required error messages for empty fields",
              "timedOut": null,
              "duration": 1309,
              "state": "passed",
              "speed": "fast",
              "pass": true,
              "fail": false,
              "pending": false,
              "context": null,
              "code": "// This test doesn't use user data, so it remains unchanged\nloginPage.getLoginButton().click();\nloginPage.getRequiredErrorMessage('username').should('be.visible');\nloginPage.getRequiredErrorMessage('password').should('be.visible');",
              "err": {},
              "uuid": "72e0f7fe-593e-45ce-b3b6-e29db32cba0c",
              "parentUUID": "647e4621-5b78-4f7e-bcbe-34e787ad9eb2",
              "isHook": false,
              "skipped": false
            }
          ],
          "suites": [],
          "passes": [
            "0089812a-a847-4df7-a84e-288723c3f18f",
            "b97b760e-0784-4246-a23b-4f4520754662",
            "72e0f7fe-593e-45ce-b3b6-e29db32cba0c"
          ],
          "failures": [],
          "pending": [],
          "skipped": [],
          "duration": 11613,
          "root": false,
          "rootEmpty": false,
          "_timeout": 2000
        }
      ],
      "passes": [],
      "failures": [],
      "pending": [],
      "skipped": [],
      "duration": 0,
      "root": true,
      "rootEmpty": true,
      "_timeout": 2000
    }
  ],
  "meta": {
    "mocha": {
      "version": "7.2.0"
    },
    "mochawesome": {
      "options": {
        "quiet": false,
        "reportFilename": "mochawesome",
        "saveHtml": false,
        "saveJson": true,
        "consoleReporter": "spec",
        "useInlineDiffs": false,
        "code": true
      },
      "version": "7.1.3"
    },
    "marge": {
      "options": {
        "reportDir": "cypress/results/mochawesome",
        "overwrite": false,
        "html": false,
        "json": true,
        "timestamp": "mmddyyyy_HHMMss"
      },
      "version": "6.2.0"
    }
  }
}