{
  "stats": {
    "suites": 4,
    "tests": 13,
    "passes": 13,
    "pending": 0,
    "failures": 0,
    "testsRegistered": 13,
    "passPercent": 100,
    "pendingPercent": 0,
    "other": 0,
    "hasOther": false,
    "skipped": 0,
    "hasSkipped": false,
    "start": "2025-06-10T20:58:49.702Z",
    "end": "2025-06-10T21:07:26.672Z",
    "duration": 516970
  },
  "results": [
    {
      "uuid": "92196bbb-5c51-4aef-95b1-f9c2505b4646",
      "title": "",
      "fullFile": "cypress\\e2e\\EmployeeCRUD.cy.ts",
      "file": "cypress\\e2e\\EmployeeCRUD.cy.ts",
      "beforeHooks": [],
      "afterHooks": [],
      "tests": [],
      "suites": [
        {
          "uuid": "80be1151-5ea8-44ab-aace-cd185d6a9ef8",
          "title": "Add,assign User,edit,delete Employee",
          "fullFile": "",
          "file": "",
          "beforeHooks": [],
          "afterHooks": [],
          "tests": [
            {
              "title": "should fill out the Add Employee form and save it",
              "fullTitle": "Add,assign User,edit,delete Employee should fill out the Add Employee form and save it",
              "timedOut": null,
              "duration": 33401,
              "state": "passed",
              "speed": "slow",
              "pass": true,
              "fail": false,
              "pending": false,
              "context": null,
              "code": "pimEmployeeListPage.fillBasicEmployeeForm();\nsharedElements.getSaveButton().click();\nsharedElements.getSuccessfullySavedToastMessage().should('be.visible');\ncy.url().should('match', /\\/pim\\/viewPersonalDetails\\/empNumber\\/\\d+$/);\npimEmployeePersonalDetailsPage.getPersonalDetailsPageTitle().should('be.visible');",
              "err": {},
              "uuid": "9f93c9e2-0808-47dc-b7f2-302144d71b82",
              "parentUUID": "80be1151-5ea8-44ab-aace-cd185d6a9ef8",
              "isHook": false,
              "skipped": false
            },
            {
              "title": "should create the login details toEmployee",
              "fullTitle": "Add,assign User,edit,delete Employee should create the login details toEmployee",
              "timedOut": null,
              "duration": 39381,
              "state": "passed",
              "speed": "slow",
              "pass": true,
              "fail": false,
              "pending": false,
              "context": null,
              "code": "const randomUsername = `TestUser#${(0, dataGenerator_1.generateRandomString)(5)}`;\nconst randomPassword = `TestPassword${(0, dataGenerator_1.generateRandomString)(5)}`;\npimEmployeeListPage.fillBasicEmployeeForm();\npimEmployeeListPage.getCreateLoginDetailsToggleButton().should('be.visible').click();\naddUserPage.getUserNameInput().type(randomUsername);\naddUserPage.getUserNameInput().should('have.value', randomUsername);\naddUserPage.getPasswordInput().type(randomPassword);\naddUserPage.getConfirmPasswordInput().type(randomPassword);\naddUserPage.getUserNameInput().should('have.value', randomUsername);\nsharedElements.getSaveButton().click();\nsharedElements.getSuccessfullySavedToastMessage().should('be.visible');",
              "err": {},
              "uuid": "015ae27e-0455-42c5-a8b7-2a6e892d729d",
              "parentUUID": "80be1151-5ea8-44ab-aace-cd185d6a9ef8",
              "isHook": false,
              "skipped": false
            },
            {
              "title": "should edit Employee personal details",
              "fullTitle": "Add,assign User,edit,delete Employee should edit Employee personal details",
              "timedOut": null,
              "duration": 58510,
              "state": "passed",
              "speed": "slow",
              "pass": true,
              "fail": false,
              "pending": false,
              "context": null,
              "code": "//1. add new Employee\npimEmployeeListPage.fillBasicEmployeeForm()\n    .then(({ employeeId, firstName, lastName, middleName }) => {\n    sharedElements.getSaveButton().click();\n    sharedElements.getSuccessfullySavedToastMessage().should('be.visible');\n    //2. after Employee successfully created, you'll be navigated to the Personal Details Page        cy.url().should('match', /\\/pim\\/viewPersonalDetails\\/empNumber\\/\\d+$/);\n    pimEmployeePersonalDetailsPage.getPersonalDetailsPageTitle().should('be.visible');\n    //3. assert that Employee's first, middle, last name and ID are successfully poopulated \n    pimEmployeeListPage.getEmployeeFirtsName().should('have.value', firstName);\n    pimEmployeeListPage.getEmployeeLastName().should('have.value', lastName);\n    pimEmployeeListPage.getEmployeeMiddleName().should('have.value', middleName);\n    //4. change Employee's Marital Status to \"Other\"\n    pimEmployeePersonalDetailsPage.getMaritalStatus().click();\n    cy.contains(\"Other\").click();\n    //5. Save the update\n    sharedElements.getSaveButton().click();\n    //6. Assert the update toast message\n    sharedElements.getSuccessfullyUpdatedToastMessage().should('be.visible');\n});",
              "err": {},
              "uuid": "04ca8d3d-7ac1-40bd-a72c-980df4b9c1a6",
              "parentUUID": "80be1151-5ea8-44ab-aace-cd185d6a9ef8",
              "isHook": false,
              "skipped": false
            },
            {
              "title": "should delete the Employee from the list",
              "fullTitle": "Add,assign User,edit,delete Employee should delete the Employee from the list",
              "timedOut": null,
              "duration": 33844,
              "state": "passed",
              "speed": "slow",
              "pass": true,
              "fail": false,
              "pending": false,
              "context": null,
              "code": "pimEmployeeListPage.fillBasicEmployeeForm().then(({ employeeId }) => {\n    sharedElements.getSaveButton().click();\n    sharedElements.getSuccessfullySavedToastMessage().should('be.visible');\n    cy.contains('Employee List').click();\n    cy.url().should('include', '/pim/viewEmployeeList');\n    pimEmployeeListPage.getEmployeeId().type(employeeId);\n    sharedElements.getSearchButton().click();\n    pimEmployeeListPage.getSelectCheckbox().click();\n    sharedElements.getDeleteSelectedButton().click();\n    sharedElements.getYesDeleteButton().click();\n    sharedElements.getSuccessfullyDeletedToastMessage().should('be.visible');\n    sharedElements.getNoRecordsFoundToastMessage().should('be.visible');\n});",
              "err": {},
              "uuid": "c32e0652-93ac-4a01-b3a4-32211e637323",
              "parentUUID": "80be1151-5ea8-44ab-aace-cd185d6a9ef8",
              "isHook": false,
              "skipped": false
            }
          ],
          "suites": [],
          "passes": [
            "9f93c9e2-0808-47dc-b7f2-302144d71b82",
            "015ae27e-0455-42c5-a8b7-2a6e892d729d",
            "04ca8d3d-7ac1-40bd-a72c-980df4b9c1a6",
            "c32e0652-93ac-4a01-b3a4-32211e637323"
          ],
          "failures": [],
          "pending": [],
          "skipped": [],
          "duration": 165136,
          "root": false,
          "rootEmpty": false,
          "_timeout": 2000
        }
      ],
      "passes": [],
      "failures": [],
      "pending": [],
      "skipped": [],
      "duration": 0,
      "root": true,
      "rootEmpty": true,
      "_timeout": 2000
    },
    {
      "uuid": "c33f194b-79d2-44a8-a165-7e74c9a856ff",
      "title": "",
      "fullFile": "cypress\\e2e\\EmployeeContactDetailsValidations.cy.ts",
      "file": "cypress\\e2e\\EmployeeContactDetailsValidations.cy.ts",
      "beforeHooks": [],
      "afterHooks": [],
      "tests": [],
      "suites": [
        {
          "uuid": "d2269eac-4c0c-472d-9ffd-43b86f690f6f",
          "title": "Validate Employee contact details inputs",
          "fullFile": "",
          "file": "",
          "beforeHooks": [],
          "afterHooks": [],
          "tests": [
            {
              "title": "should fill out valid contact details",
              "fullTitle": "Validate Employee contact details inputs should fill out valid contact details",
              "timedOut": null,
              "duration": 60241,
              "state": "passed",
              "speed": "slow",
              "pass": true,
              "fail": false,
              "pending": false,
              "context": null,
              "code": "pimEmployeeListPage.fillBasicEmployeeForm();\nsharedElements.getSaveButton().click();\nsharedElements.getSuccessfullySavedToastMessage().should('be.visible');\ncy.url().should('match', /empNumber\\/\\d+$/);\npimEmployeePersonalDetailsPage.getPersonalDetailsPageTitle().should('be.visible');\ncy.get('.orangehrm-tabs-wrapper').should('be.visible');\npimEmployeePersonalDetailsPage.getContactDetailsTab().click();\npimEmployeeContactDetailsPage.fillContactDetailsForm();\nsharedElements.getSaveButton().click();\nsharedElements.getSuccessfullyUpdatedToastMessage().should('be.visible');",
              "err": {},
              "uuid": "71d28bd5-50cf-4ea2-9918-c387dbe3d99c",
              "parentUUID": "d2269eac-4c0c-472d-9ffd-43b86f690f6f",
              "isHook": false,
              "skipped": false
            },
            {
              "title": "should validate inputs",
              "fullTitle": "Validate Employee contact details inputs should validate inputs",
              "timedOut": null,
              "duration": 88049,
              "state": "passed",
              "speed": "slow",
              "pass": true,
              "fail": false,
              "pending": false,
              "context": null,
              "code": "pimEmployeeListPage.fillBasicEmployeeForm();\nsharedElements.getSaveButton().click();\nsharedElements.getSuccessfullySavedToastMessage().should('be.visible');\ncy.url().should('match', /empNumber\\/\\d+$/);\npimEmployeePersonalDetailsPage.getPersonalDetailsPageTitle().should('be.visible');\ncy.get('.orangehrm-tabs-wrapper').should('be.visible');\npimEmployeePersonalDetailsPage.getContactDetailsTab().click();\n//velidations and assertions\npimEmployeeContactDetailsPage.getStreet1InputBox()\n    .click().type((0, dataGenerator_1.generateRandomString)(71));\nsharedElements.getCharsExceedValidationMessage().should('be.visible');\npimEmployeeContactDetailsPage.getStreet2InputBox()\n    .click().type((0, dataGenerator_1.generateRandomString)(71));\nsharedElements.getCharsExceedValidationMessage().should('be.visible');\npimEmployeeContactDetailsPage.getStateProvinceInputBox()\n    .click().type((0, dataGenerator_1.generateRandomString)(71));\nsharedElements.getCharsExceedValidationMessage().should('be.visible');\npimEmployeeContactDetailsPage.getZipPostalCodeInputBox()\n    .click().type((0, dataGenerator_1.generateRandomString)(71));\nsharedElements.getCharsExceedValidationMessage().should('be.visible');\npimEmployeeContactDetailsPage.getHomePhoneInputBox()\n    .click().type((0, dataGenerator_1.generateRandomInvalidPhoneNumber)());\nsharedElements.getPhoneNumberValidationMessage().should('be.visible');\npimEmployeeContactDetailsPage.getMobilePhoneInputBox()\n    .click().type((0, dataGenerator_1.generateRandomInvalidPhoneNumber)());\nsharedElements.getPhoneNumberValidationMessage().should('be.visible');\npimEmployeeContactDetailsPage.getWorkPhoneInputBox()\n    .click().type((0, dataGenerator_1.generateRandomInvalidPhoneNumber)());\nsharedElements.getPhoneNumberValidationMessage().should('be.visible');\npimEmployeeContactDetailsPage.getWorkEmailInputBox()\n    .click().type((0, dataGenerator_1.generateRandomString)(10));\nsharedElements.getEmailValidationMessage().should('be.visible');\npimEmployeeContactDetailsPage.getOtherEmailInputBox()\n    .click().type((0, dataGenerator_1.generateRandomString)(10));\nsharedElements.getEmailValidationMessage().should('be.visible');",
              "err": {},
              "uuid": "5f638b41-844c-43b8-948d-688f0b8eaf64",
              "parentUUID": "d2269eac-4c0c-472d-9ffd-43b86f690f6f",
              "isHook": false,
              "skipped": false
            }
          ],
          "suites": [],
          "passes": [
            "71d28bd5-50cf-4ea2-9918-c387dbe3d99c",
            "5f638b41-844c-43b8-948d-688f0b8eaf64"
          ],
          "failures": [],
          "pending": [],
          "skipped": [],
          "duration": 148290,
          "root": false,
          "rootEmpty": false,
          "_timeout": 2000
        }
      ],
      "passes": [],
      "failures": [],
      "pending": [],
      "skipped": [],
      "duration": 0,
      "root": true,
      "rootEmpty": true,
      "_timeout": 2000
    },
    {
      "uuid": "cbde9207-aaf5-444a-807e-23427fd6a9e8",
      "title": "",
      "fullFile": "cypress\\e2e\\UserCRUD.cy.ts",
      "file": "cypress\\e2e\\UserCRUD.cy.ts",
      "beforeHooks": [],
      "afterHooks": [],
      "tests": [],
      "suites": [
        {
          "uuid": "2e64270d-3099-406f-9fcd-b7ba39cdf0da",
          "title": "User CRUD Test Suite",
          "fullFile": "",
          "file": "",
          "beforeHooks": [],
          "afterHooks": [],
          "tests": [
            {
              "title": "should add new user",
              "fullTitle": "User CRUD Test Suite should add new user",
              "timedOut": null,
              "duration": 41215,
              "state": "passed",
              "speed": "slow",
              "pass": true,
              "fail": false,
              "pending": false,
              "context": null,
              "code": "addUserPage.fillBasicUserForm();\nsharedElements.getSuccessfullySavedToastMessage().should('be.visible');",
              "err": {},
              "uuid": "cd3d44b4-1b28-4fcc-bd3c-2ae64ee1bebf",
              "parentUUID": "2e64270d-3099-406f-9fcd-b7ba39cdf0da",
              "isHook": false,
              "skipped": false
            },
            {
              "title": "should validate Username and Password for wrong number of characters",
              "fullTitle": "User CRUD Test Suite should validate Username and Password for wrong number of characters",
              "timedOut": null,
              "duration": 23267,
              "state": "passed",
              "speed": "slow",
              "pass": true,
              "fail": false,
              "pending": false,
              "context": null,
              "code": "//addUserPage.fillBasicUserForm();\naddUserPage.getUserRoleSelectDropdown().click();\ncy.contains('ESS').click();\naddUserPage.getStatusSelectDropdown().click();\ncy.contains('Enabled').click();\naddUserPage.getEmployeeNameAutocomplete().type(\"a\");\ncy.wait(5000);\ncy.get('.oxd-autocomplete-dropdown').should('be.visible').first().click();\naddUserPage.getUserNameInput().click().type('Name');\n//cy.wait(5000);\ncy.contains('.oxd-text', 'Should be at least 5 characters').should('be.visible');\naddUserPage.getPasswordInput().click().type('Pass');\n//cy.wait(5000);\ncy.contains('.oxd-text', 'Should have at least 7 characters').should('be.visible');\n//cy.wait(5000);\naddUserPage.getConfirmPasswordInput().click().type('Pass');\ncy.contains('.oxd-text', 'Should have at least 7 characters').should('be.visible');",
              "err": {},
              "uuid": "9781f1cc-1b75-4125-a684-d12551eb1630",
              "parentUUID": "2e64270d-3099-406f-9fcd-b7ba39cdf0da",
              "isHook": false,
              "skipped": false
            },
            {
              "title": "should validate required inputs",
              "fullTitle": "User CRUD Test Suite should validate required inputs",
              "timedOut": null,
              "duration": 14801,
              "state": "passed",
              "speed": "slow",
              "pass": true,
              "fail": false,
              "pending": false,
              "context": null,
              "code": "addUserPage.getSaveButton().click();\ncy.contains('.oxd-label', 'User Role')\n    .parents('.oxd-input-group')\n    .contains('.oxd-text', 'Required').should('be.visible');\ncy.contains('.oxd-label', 'Employee Name')\n    .parents('.oxd-input-group')\n    .contains('.oxd-text', 'Required').should('be.visible');\ncy.contains('.oxd-label', 'Status')\n    .parents('.oxd-input-group')\n    .contains('.oxd-text', 'Required').should('be.visible');\ncy.contains('.oxd-label', 'Username')\n    .parents('.oxd-input-group')\n    .contains('.oxd-text', 'Required').should('be.visible');\ncy.contains('.oxd-label', 'Password')\n    .parents('.oxd-input-group')\n    .contains('.oxd-text', 'Required').should('be.visible');",
              "err": {},
              "uuid": "d00ee73d-0225-4480-90ef-508e8ea4e109",
              "parentUUID": "2e64270d-3099-406f-9fcd-b7ba39cdf0da",
              "isHook": false,
              "skipped": false
            },
            {
              "title": "should delete the user",
              "fullTitle": "User CRUD Test Suite should delete the user",
              "timedOut": null,
              "duration": 37565,
              "state": "passed",
              "speed": "slow",
              "pass": true,
              "fail": false,
              "pending": false,
              "context": null,
              "code": "addUserPage.fillBasicUserForm()\n    .then(({ user }) => {\n    sharedElements.getSuccessfullySavedToastMessage().should('be.visible');\n    cy.url({ timeout: 5000 }).should('include', '/admin/viewSystemUsers');\n    addUserPage.getUserNameInput().click({ timeout: 5000 }).type(user);\n    sharedElements.getSearchButton().click();\n    cy.get('.oxd-icon.bi-trash').click({ timeout: 5000 });\n    cy.contains('.oxd-button--label-danger', 'Yes, Delete').click({ timeout: 5000 });\n    sharedElements.getSuccessfullyDeletedToastMessage().should('be.visible');\n    sharedElements.getNoRecordsFoundToastMessage().should('be.visible');\n});",
              "err": {},
              "uuid": "7bc2c1f0-88df-488e-afed-ed0f1c8fe07f",
              "parentUUID": "2e64270d-3099-406f-9fcd-b7ba39cdf0da",
              "isHook": false,
              "skipped": false
            }
          ],
          "suites": [],
          "passes": [
            "cd3d44b4-1b28-4fcc-bd3c-2ae64ee1bebf",
            "9781f1cc-1b75-4125-a684-d12551eb1630",
            "d00ee73d-0225-4480-90ef-508e8ea4e109",
            "7bc2c1f0-88df-488e-afed-ed0f1c8fe07f"
          ],
          "failures": [],
          "pending": [],
          "skipped": [],
          "duration": 116848,
          "root": false,
          "rootEmpty": false,
          "_timeout": 2000
        }
      ],
      "passes": [],
      "failures": [],
      "pending": [],
      "skipped": [],
      "duration": 0,
      "root": true,
      "rootEmpty": true,
      "_timeout": 2000
    },
    {
      "uuid": "f70e957f-e0ff-4b05-9d59-dd588e42ee21",
      "title": "",
      "fullFile": "cypress\\e2e\\login.cy.ts",
      "file": "cypress\\e2e\\login.cy.ts",
      "beforeHooks": [],
      "afterHooks": [],
      "tests": [],
      "suites": [
        {
          "uuid": "306968c3-ff0d-482a-8f9c-27236b552e96",
          "title": "OrangeHRM Login Page Tests",
          "fullFile": "",
          "file": "",
          "beforeHooks": [],
          "afterHooks": [],
          "tests": [
            {
              "title": "should allow a user to log in with valid credentials using custom command",
              "fullTitle": "OrangeHRM Login Page Tests should allow a user to log in with valid credentials using custom command",
              "timedOut": null,
              "duration": 7626,
              "state": "passed",
              "speed": "medium",
              "pass": true,
              "fail": false,
              "pending": false,
              "context": null,
              "code": "// Load the 'validUser' data from users.json fixture\ncy.fixture('users').then((users) => {\n    // Use the data from the fixture\n    cy.createLogin(users.validUser.username, users.validUser.password);\n});\ncy.url().should('include', '/dashboard');\ncy.contains('Dashboard').should('be.visible');",
              "err": {},
              "uuid": "7c3ce5b2-65d7-444a-b822-66d7db504653",
              "parentUUID": "306968c3-ff0d-482a-8f9c-27236b552e96",
              "isHook": false,
              "skipped": false
            },
            {
              "title": "should display an error for invalid credentials using Page Object",
              "fullTitle": "OrangeHRM Login Page Tests should display an error for invalid credentials using Page Object",
              "timedOut": null,
              "duration": 2574,
              "state": "passed",
              "speed": "fast",
              "pass": true,
              "fail": false,
              "pending": false,
              "context": null,
              "code": "// Load the 'invalidUser' data from users.json fixture\ncy.fixture('users').then((users) => {\n    // Use the data from the fixture with LoginPage's login method\n    loginPage.login(users.invalidUser.username, users.invalidUser.password);\n});\nloginPage.getInvalidCredentialsErrorMessage().should('be.visible').and('contain.text', 'Invalid credentials');",
              "err": {},
              "uuid": "8e65b8da-9bee-416c-8e1e-e225a44bc3fb",
              "parentUUID": "306968c3-ff0d-482a-8f9c-27236b552e96",
              "isHook": false,
              "skipped": false
            },
            {
              "title": "should display required error messages for empty fields",
              "fullTitle": "OrangeHRM Login Page Tests should display required error messages for empty fields",
              "timedOut": null,
              "duration": 1324,
              "state": "passed",
              "speed": "fast",
              "pass": true,
              "fail": false,
              "pending": false,
              "context": null,
              "code": "// This test doesn't use user data, so it remains unchanged\nloginPage.getLoginButton().click();\nloginPage.getRequiredErrorMessage('username').should('be.visible');\nloginPage.getRequiredErrorMessage('password').should('be.visible');",
              "err": {},
              "uuid": "c37a4bb8-bedb-4260-a96d-b9b07883722c",
              "parentUUID": "306968c3-ff0d-482a-8f9c-27236b552e96",
              "isHook": false,
              "skipped": false
            }
          ],
          "suites": [],
          "passes": [
            "7c3ce5b2-65d7-444a-b822-66d7db504653",
            "8e65b8da-9bee-416c-8e1e-e225a44bc3fb",
            "c37a4bb8-bedb-4260-a96d-b9b07883722c"
          ],
          "failures": [],
          "pending": [],
          "skipped": [],
          "duration": 11524,
          "root": false,
          "rootEmpty": false,
          "_timeout": 2000
        }
      ],
      "passes": [],
      "failures": [],
      "pending": [],
      "skipped": [],
      "duration": 0,
      "root": true,
      "rootEmpty": true,
      "_timeout": 2000
    }
  ],
  "meta": {
    "mocha": {
      "version": "7.2.0"
    },
    "mochawesome": {
      "options": {
        "quiet": false,
        "reportFilename": "mochawesome",
        "saveHtml": false,
        "saveJson": true,
        "consoleReporter": "spec",
        "useInlineDiffs": false,
        "code": true
      },
      "version": "7.1.3"
    },
    "marge": {
      "options": {
        "reportDir": "cypress/results/mochawesome",
        "overwrite": false,
        "html": false,
        "json": true,
        "timestamp": "mmddyyyy_HHMMss"
      },
      "version": "6.2.0"
    }
  }
}