{
  "stats": {
    "suites": 4,
    "tests": 13,
    "passes": 13,
    "pending": 0,
    "failures": 0,
    "testsRegistered": 13,
    "passPercent": 100,
    "pendingPercent": 0,
    "other": 0,
    "hasOther": false,
    "skipped": 0,
    "hasSkipped": false,
    "start": "2025-06-10T19:45:45.607Z",
    "end": "2025-06-10T19:52:06.771Z",
    "duration": 381164
  },
  "results": [
    {
      "uuid": "86f43ca4-f228-4279-8cc6-46c218e43d46",
      "title": "",
      "fullFile": "cypress\\e2e\\EmployeeCRUD.cy.ts",
      "file": "cypress\\e2e\\EmployeeCRUD.cy.ts",
      "beforeHooks": [],
      "afterHooks": [],
      "tests": [],
      "suites": [
        {
          "uuid": "6cbd75a2-c755-4c53-ac15-77b1cb48d65d",
          "title": "Add,assign User,edit,delete Employee",
          "fullFile": "",
          "file": "",
          "beforeHooks": [],
          "afterHooks": [],
          "tests": [
            {
              "title": "should fill out the Add Employee form and save it",
              "fullTitle": "Add,assign User,edit,delete Employee should fill out the Add Employee form and save it",
              "timedOut": null,
              "duration": 31120,
              "state": "passed",
              "speed": "slow",
              "pass": true,
              "fail": false,
              "pending": false,
              "context": null,
              "code": "pimEmployeeListPage.fillBasicEmployeeForm();\nsharedElements.getSaveButton().click();\nsharedElements.getSuccessfullySavedToastMessage().should('be.visible');\ncy.url().should('match', /\\/pim\\/viewPersonalDetails\\/empNumber\\/\\d+$/);\npimEmployeePersonalDetailsPage.getPersonalDetailsPageTitle().should('be.visible');",
              "err": {},
              "uuid": "52b62fe3-d574-4da1-a825-35391c5b4cce",
              "parentUUID": "6cbd75a2-c755-4c53-ac15-77b1cb48d65d",
              "isHook": false,
              "skipped": false
            },
            {
              "title": "should create the login details toEmployee",
              "fullTitle": "Add,assign User,edit,delete Employee should create the login details toEmployee",
              "timedOut": null,
              "duration": 28816,
              "state": "passed",
              "speed": "slow",
              "pass": true,
              "fail": false,
              "pending": false,
              "context": null,
              "code": "const randomUsername = `TestUser#${(0, dataGenerator_1.generateRandomString)(5)}`;\nconst randomPassword = `TestPassword${(0, dataGenerator_1.generateRandomString)(5)}`;\npimEmployeeListPage.fillBasicEmployeeForm();\npimEmployeeListPage.getCreateLoginDetailsToggleButton().should('be.visible').click();\naddUserPage.getUserNameInput().type(randomUsername);\naddUserPage.getUserNameInput().should('have.value', randomUsername);\naddUserPage.getPasswordInput().type(randomPassword);\naddUserPage.getConfirmPasswordInput().type(randomPassword);\naddUserPage.getUserNameInput().should('have.value', randomUsername);\nsharedElements.getSaveButton().click();\nsharedElements.getSuccessfullySavedToastMessage().should('be.visible');",
              "err": {},
              "uuid": "c0bea258-c14e-4b75-8f7a-4eb4a85e6217",
              "parentUUID": "6cbd75a2-c755-4c53-ac15-77b1cb48d65d",
              "isHook": false,
              "skipped": false
            },
            {
              "title": "should edit Employee personal details",
              "fullTitle": "Add,assign User,edit,delete Employee should edit Employee personal details",
              "timedOut": null,
              "duration": 31257,
              "state": "passed",
              "speed": "slow",
              "pass": true,
              "fail": false,
              "pending": false,
              "context": null,
              "code": "//1. add new Employee\npimEmployeeListPage.fillBasicEmployeeForm()\n    .then(({ employeeId, firstName, lastName, middleName }) => {\n    sharedElements.getSaveButton().click();\n    sharedElements.getSuccessfullySavedToastMessage().should('be.visible');\n    //2. after Employee successfully created, you'll be navigated to the Personal Details Page        cy.url().should('match', /\\/pim\\/viewPersonalDetails\\/empNumber\\/\\d+$/);\n    pimEmployeePersonalDetailsPage.getPersonalDetailsPageTitle().should('be.visible');\n    //3. assert that Employee's first, middle, last name and ID are successfully poopulated \n    pimEmployeeListPage.getEmployeeFirtsName().should('have.value', firstName);\n    pimEmployeeListPage.getEmployeeLastName().should('have.value', lastName);\n    pimEmployeeListPage.getEmployeeMiddleName().should('have.value', middleName);\n    //4. change Employee's Marital Status to \"Other\"\n    pimEmployeePersonalDetailsPage.getMaritalStatus().click();\n    cy.contains(\"Other\").click();\n    //5. Save the update\n    sharedElements.getSaveButton().click();\n    //6. Assert the update toast message\n    sharedElements.getSuccessfullyUpdatedToastMessage().should('be.visible');\n});",
              "err": {},
              "uuid": "d15d4cd7-0746-4e45-be2e-2901b36e3d84",
              "parentUUID": "6cbd75a2-c755-4c53-ac15-77b1cb48d65d",
              "isHook": false,
              "skipped": false
            },
            {
              "title": "should delete the Employee from the list",
              "fullTitle": "Add,assign User,edit,delete Employee should delete the Employee from the list",
              "timedOut": null,
              "duration": 21460,
              "state": "passed",
              "speed": "slow",
              "pass": true,
              "fail": false,
              "pending": false,
              "context": null,
              "code": "pimEmployeeListPage.fillBasicEmployeeForm().then(({ employeeId }) => {\n    sharedElements.getSaveButton().click();\n    sharedElements.getSuccessfullySavedToastMessage().should('be.visible');\n    cy.contains('Employee List').click();\n    cy.url().should('include', '/pim/viewEmployeeList');\n    pimEmployeeListPage.getEmployeeId().type(employeeId);\n    sharedElements.getSearchButton().click();\n    pimEmployeeListPage.getSelectCheckbox().click();\n    sharedElements.getDeleteSelectedButton().click();\n    sharedElements.getYesDeleteButton().click();\n    sharedElements.getSuccessfullyDeletedToastMessage().should('be.visible');\n    sharedElements.getNoRecordsFoundToastMessage().should('be.visible');\n});",
              "err": {},
              "uuid": "37a5070e-ea62-4f7f-89e7-579fd09b4347",
              "parentUUID": "6cbd75a2-c755-4c53-ac15-77b1cb48d65d",
              "isHook": false,
              "skipped": false
            }
          ],
          "suites": [],
          "passes": [
            "52b62fe3-d574-4da1-a825-35391c5b4cce",
            "c0bea258-c14e-4b75-8f7a-4eb4a85e6217",
            "d15d4cd7-0746-4e45-be2e-2901b36e3d84",
            "37a5070e-ea62-4f7f-89e7-579fd09b4347"
          ],
          "failures": [],
          "pending": [],
          "skipped": [],
          "duration": 112653,
          "root": false,
          "rootEmpty": false,
          "_timeout": 2000
        }
      ],
      "passes": [],
      "failures": [],
      "pending": [],
      "skipped": [],
      "duration": 0,
      "root": true,
      "rootEmpty": true,
      "_timeout": 2000
    },
    {
      "uuid": "243a359d-3d2f-4465-8aa5-c4760aca4b71",
      "title": "",
      "fullFile": "cypress\\e2e\\EmployeeContactDetailsValidations.cy.ts",
      "file": "cypress\\e2e\\EmployeeContactDetailsValidations.cy.ts",
      "beforeHooks": [],
      "afterHooks": [],
      "tests": [],
      "suites": [
        {
          "uuid": "231435c8-e880-4d82-b7ca-e4447e0783ae",
          "title": "Validate Employee contact details inputs",
          "fullFile": "",
          "file": "",
          "beforeHooks": [],
          "afterHooks": [],
          "tests": [
            {
              "title": "should fill out valid contact details",
              "fullTitle": "Validate Employee contact details inputs should fill out valid contact details",
              "timedOut": null,
              "duration": 44036,
              "state": "passed",
              "speed": "slow",
              "pass": true,
              "fail": false,
              "pending": false,
              "context": null,
              "code": "pimEmployeeListPage.fillBasicEmployeeForm();\nsharedElements.getSaveButton().click();\nsharedElements.getSuccessfullySavedToastMessage().should('be.visible');\ncy.url().should('match', /empNumber\\/\\d+$/);\npimEmployeePersonalDetailsPage.getPersonalDetailsPageTitle().should('be.visible');\ncy.get('.orangehrm-tabs-wrapper').should('be.visible');\npimEmployeePersonalDetailsPage.getContactDetailsTab().click();\npimEmployeeContactDetailsPage.fillContactDetailsForm();\nsharedElements.getSaveButton().click();\nsharedElements.getSuccessfullyUpdatedToastMessage().should('be.visible');",
              "err": {},
              "uuid": "911fb7a9-c790-4413-9ae2-f3ce3c8dd352",
              "parentUUID": "231435c8-e880-4d82-b7ca-e4447e0783ae",
              "isHook": false,
              "skipped": false
            },
            {
              "title": "should validate inputs",
              "fullTitle": "Validate Employee contact details inputs should validate inputs",
              "timedOut": null,
              "duration": 55185,
              "state": "passed",
              "speed": "slow",
              "pass": true,
              "fail": false,
              "pending": false,
              "context": null,
              "code": "pimEmployeeListPage.fillBasicEmployeeForm();\nsharedElements.getSaveButton().click();\nsharedElements.getSuccessfullySavedToastMessage().should('be.visible');\ncy.url().should('match', /empNumber\\/\\d+$/);\npimEmployeePersonalDetailsPage.getPersonalDetailsPageTitle().should('be.visible');\ncy.get('.orangehrm-tabs-wrapper').should('be.visible');\npimEmployeePersonalDetailsPage.getContactDetailsTab().click();\n//velidations and assertions\npimEmployeeContactDetailsPage.getStreet1InputBox()\n    .click().type((0, dataGenerator_1.generateRandomString)(71));\nsharedElements.getCharsExceedValidationMessage().should('be.visible');\npimEmployeeContactDetailsPage.getStreet2InputBox()\n    .click().type((0, dataGenerator_1.generateRandomString)(71));\nsharedElements.getCharsExceedValidationMessage().should('be.visible');\npimEmployeeContactDetailsPage.getStateProvinceInputBox()\n    .click().type((0, dataGenerator_1.generateRandomString)(71));\nsharedElements.getCharsExceedValidationMessage().should('be.visible');\npimEmployeeContactDetailsPage.getZipPostalCodeInputBox()\n    .click().type((0, dataGenerator_1.generateRandomString)(71));\nsharedElements.getCharsExceedValidationMessage().should('be.visible');\npimEmployeeContactDetailsPage.getHomePhoneInputBox()\n    .click().type((0, dataGenerator_1.generateRandomInvalidPhoneNumber)());\nsharedElements.getPhoneNumberValidationMessage().should('be.visible');\npimEmployeeContactDetailsPage.getMobilePhoneInputBox()\n    .click().type((0, dataGenerator_1.generateRandomInvalidPhoneNumber)());\nsharedElements.getPhoneNumberValidationMessage().should('be.visible');\npimEmployeeContactDetailsPage.getWorkPhoneInputBox()\n    .click().type((0, dataGenerator_1.generateRandomInvalidPhoneNumber)());\nsharedElements.getPhoneNumberValidationMessage().should('be.visible');\npimEmployeeContactDetailsPage.getWorkEmailInputBox()\n    .click().type((0, dataGenerator_1.generateRandomString)(10));\nsharedElements.getEmailValidationMessage().should('be.visible');\npimEmployeeContactDetailsPage.getOtherEmailInputBox()\n    .click().type((0, dataGenerator_1.generateRandomString)(10));\nsharedElements.getEmailValidationMessage().should('be.visible');",
              "err": {},
              "uuid": "baec2100-598a-4ee2-a42d-e792daad913e",
              "parentUUID": "231435c8-e880-4d82-b7ca-e4447e0783ae",
              "isHook": false,
              "skipped": false
            }
          ],
          "suites": [],
          "passes": [
            "911fb7a9-c790-4413-9ae2-f3ce3c8dd352",
            "baec2100-598a-4ee2-a42d-e792daad913e"
          ],
          "failures": [],
          "pending": [],
          "skipped": [],
          "duration": 99221,
          "root": false,
          "rootEmpty": false,
          "_timeout": 2000
        }
      ],
      "passes": [],
      "failures": [],
      "pending": [],
      "skipped": [],
      "duration": 0,
      "root": true,
      "rootEmpty": true,
      "_timeout": 2000
    },
    {
      "uuid": "e1ad959b-27d1-401b-8d0d-f1e31c747b61",
      "title": "",
      "fullFile": "cypress\\e2e\\UserCRUD.cy.ts",
      "file": "cypress\\e2e\\UserCRUD.cy.ts",
      "beforeHooks": [],
      "afterHooks": [],
      "tests": [],
      "suites": [
        {
          "uuid": "4e5a424d-54b5-4d7a-99cb-182510d0b922",
          "title": "User CRUD Test Suite",
          "fullFile": "",
          "file": "",
          "beforeHooks": [],
          "afterHooks": [],
          "tests": [
            {
              "title": "should add new user",
              "fullTitle": "User CRUD Test Suite should add new user",
              "timedOut": null,
              "duration": 26721,
              "state": "passed",
              "speed": "slow",
              "pass": true,
              "fail": false,
              "pending": false,
              "context": null,
              "code": "addUserPage.fillBasicUserForm();\nsharedElements.getSuccessfullySavedToastMessage().should('be.visible');",
              "err": {},
              "uuid": "53cd2aa0-fb96-4b04-a74b-42752ba9a7d4",
              "parentUUID": "4e5a424d-54b5-4d7a-99cb-182510d0b922",
              "isHook": false,
              "skipped": false
            },
            {
              "title": "should validate Username and Password for wrong number of characters",
              "fullTitle": "User CRUD Test Suite should validate Username and Password for wrong number of characters",
              "timedOut": null,
              "duration": 29027,
              "state": "passed",
              "speed": "slow",
              "pass": true,
              "fail": false,
              "pending": false,
              "context": null,
              "code": "//addUserPage.fillBasicUserForm();\naddUserPage.getUserRoleSelectDropdown().click();\ncy.contains('ESS').click();\naddUserPage.getStatusSelectDropdown().click();\ncy.contains('Enabled').click();\naddUserPage.getEmployeeNameAutocomplete().type(\"a\");\ncy.wait(5000);\ncy.get('.oxd-autocomplete-dropdown').should('be.visible').first().click();\naddUserPage.getUserNameInput().click().type('Name');\n//cy.wait(5000);\ncy.contains('.oxd-text', 'Should be at least 5 characters').should('be.visible');\naddUserPage.getPasswordInput().click().type('Pass');\n//cy.wait(5000);\ncy.contains('.oxd-text', 'Should have at least 7 characters').should('be.visible');\n//cy.wait(5000);\naddUserPage.getConfirmPasswordInput().click().type('Pass');\ncy.contains('.oxd-text', 'Should have at least 7 characters').should('be.visible');",
              "err": {},
              "uuid": "5920bf81-5970-4ee0-9129-7901a9cb38cd",
              "parentUUID": "4e5a424d-54b5-4d7a-99cb-182510d0b922",
              "isHook": false,
              "skipped": false
            },
            {
              "title": "should validate required inputs",
              "fullTitle": "User CRUD Test Suite should validate required inputs",
              "timedOut": null,
              "duration": 11916,
              "state": "passed",
              "speed": "slow",
              "pass": true,
              "fail": false,
              "pending": false,
              "context": null,
              "code": "addUserPage.getSaveButton().click();\ncy.contains('.oxd-label', 'User Role')\n    .parents('.oxd-input-group')\n    .contains('.oxd-text', 'Required').should('be.visible');\ncy.contains('.oxd-label', 'Employee Name')\n    .parents('.oxd-input-group')\n    .contains('.oxd-text', 'Required').should('be.visible');\ncy.contains('.oxd-label', 'Status')\n    .parents('.oxd-input-group')\n    .contains('.oxd-text', 'Required').should('be.visible');\ncy.contains('.oxd-label', 'Username')\n    .parents('.oxd-input-group')\n    .contains('.oxd-text', 'Required').should('be.visible');\ncy.contains('.oxd-label', 'Password')\n    .parents('.oxd-input-group')\n    .contains('.oxd-text', 'Required').should('be.visible');",
              "err": {},
              "uuid": "1ffa698e-3a3d-4b5f-8c53-2576178083c6",
              "parentUUID": "4e5a424d-54b5-4d7a-99cb-182510d0b922",
              "isHook": false,
              "skipped": false
            },
            {
              "title": "should delete the user",
              "fullTitle": "User CRUD Test Suite should delete the user",
              "timedOut": null,
              "duration": 29619,
              "state": "passed",
              "speed": "slow",
              "pass": true,
              "fail": false,
              "pending": false,
              "context": null,
              "code": "addUserPage.fillBasicUserForm()\n    .then(({ user }) => {\n    sharedElements.getSuccessfullySavedToastMessage().should('be.visible');\n    cy.url({ timeout: 5000 }).should('include', '/admin/viewSystemUsers');\n    addUserPage.getUserNameInput().click({ timeout: 5000 }).type(user);\n    sharedElements.getSearchButton().click();\n    cy.get('.oxd-icon.bi-trash').click({ timeout: 5000 });\n    cy.contains('.oxd-button--label-danger', 'Yes, Delete').click({ timeout: 5000 });\n    sharedElements.getSuccessfullyDeletedToastMessage().should('be.visible');\n    sharedElements.getNoRecordsFoundToastMessage().should('be.visible');\n});",
              "err": {},
              "uuid": "7ffc988c-13c3-441b-8c59-abd1147a4ad7",
              "parentUUID": "4e5a424d-54b5-4d7a-99cb-182510d0b922",
              "isHook": false,
              "skipped": false
            }
          ],
          "suites": [],
          "passes": [
            "53cd2aa0-fb96-4b04-a74b-42752ba9a7d4",
            "5920bf81-5970-4ee0-9129-7901a9cb38cd",
            "1ffa698e-3a3d-4b5f-8c53-2576178083c6",
            "7ffc988c-13c3-441b-8c59-abd1147a4ad7"
          ],
          "failures": [],
          "pending": [],
          "skipped": [],
          "duration": 97283,
          "root": false,
          "rootEmpty": false,
          "_timeout": 2000
        }
      ],
      "passes": [],
      "failures": [],
      "pending": [],
      "skipped": [],
      "duration": 0,
      "root": true,
      "rootEmpty": true,
      "_timeout": 2000
    },
    {
      "uuid": "5472dc95-c433-4d31-8421-a12af611e686",
      "title": "",
      "fullFile": "cypress\\e2e\\login.cy.ts",
      "file": "cypress\\e2e\\login.cy.ts",
      "beforeHooks": [],
      "afterHooks": [],
      "tests": [],
      "suites": [
        {
          "uuid": "143ad318-80e3-4fec-8141-24155d2744fa",
          "title": "OrangeHRM Login Page Tests",
          "fullFile": "",
          "file": "",
          "beforeHooks": [],
          "afterHooks": [],
          "tests": [
            {
              "title": "should allow a user to log in with valid credentials using custom command",
              "fullTitle": "OrangeHRM Login Page Tests should allow a user to log in with valid credentials using custom command",
              "timedOut": null,
              "duration": 6877,
              "state": "passed",
              "speed": "medium",
              "pass": true,
              "fail": false,
              "pending": false,
              "context": null,
              "code": "// Load the 'validUser' data from users.json fixture\ncy.fixture('users').then((users) => {\n    // Use the data from the fixture\n    cy.createLogin(users.validUser.username, users.validUser.password);\n});\ncy.url().should('include', '/dashboard');\ncy.contains('Dashboard').should('be.visible');",
              "err": {},
              "uuid": "bcca4f99-03fe-4719-b5a1-3f8c9f96111c",
              "parentUUID": "143ad318-80e3-4fec-8141-24155d2744fa",
              "isHook": false,
              "skipped": false
            },
            {
              "title": "should display an error for invalid credentials using Page Object",
              "fullTitle": "OrangeHRM Login Page Tests should display an error for invalid credentials using Page Object",
              "timedOut": null,
              "duration": 5020,
              "state": "passed",
              "speed": "medium",
              "pass": true,
              "fail": false,
              "pending": false,
              "context": null,
              "code": "// Load the 'invalidUser' data from users.json fixture\ncy.fixture('users').then((users) => {\n    // Use the data from the fixture with LoginPage's login method\n    loginPage.login(users.invalidUser.username, users.invalidUser.password);\n});\nloginPage.getInvalidCredentialsErrorMessage().should('be.visible').and('contain.text', 'Invalid credentials');",
              "err": {},
              "uuid": "5d14266c-4df3-4542-9762-527b9abd15cb",
              "parentUUID": "143ad318-80e3-4fec-8141-24155d2744fa",
              "isHook": false,
              "skipped": false
            },
            {
              "title": "should display required error messages for empty fields",
              "fullTitle": "OrangeHRM Login Page Tests should display required error messages for empty fields",
              "timedOut": null,
              "duration": 1236,
              "state": "passed",
              "speed": "fast",
              "pass": true,
              "fail": false,
              "pending": false,
              "context": null,
              "code": "// This test doesn't use user data, so it remains unchanged\nloginPage.getLoginButton().click();\nloginPage.getRequiredErrorMessage('username').should('be.visible');\nloginPage.getRequiredErrorMessage('password').should('be.visible');",
              "err": {},
              "uuid": "e9f08975-f3d6-441e-a2b7-1d994ffb7de0",
              "parentUUID": "143ad318-80e3-4fec-8141-24155d2744fa",
              "isHook": false,
              "skipped": false
            }
          ],
          "suites": [],
          "passes": [
            "bcca4f99-03fe-4719-b5a1-3f8c9f96111c",
            "5d14266c-4df3-4542-9762-527b9abd15cb",
            "e9f08975-f3d6-441e-a2b7-1d994ffb7de0"
          ],
          "failures": [],
          "pending": [],
          "skipped": [],
          "duration": 13133,
          "root": false,
          "rootEmpty": false,
          "_timeout": 2000
        }
      ],
      "passes": [],
      "failures": [],
      "pending": [],
      "skipped": [],
      "duration": 0,
      "root": true,
      "rootEmpty": true,
      "_timeout": 2000
    }
  ],
  "meta": {
    "mocha": {
      "version": "7.2.0"
    },
    "mochawesome": {
      "options": {
        "quiet": false,
        "reportFilename": "mochawesome",
        "saveHtml": false,
        "saveJson": true,
        "consoleReporter": "spec",
        "useInlineDiffs": false,
        "code": true
      },
      "version": "7.1.3"
    },
    "marge": {
      "options": {
        "reportDir": "cypress/results/mochawesome",
        "overwrite": false,
        "html": false,
        "json": true,
        "timestamp": "mmddyyyy_HHMMss"
      },
      "version": "6.2.0"
    }
  }
}